[2023-08-24 10:46:08,103][DEBUG][main][o.h.t.d.s.s.DdlTypeRegistry-56] addDescriptor(12, org.hibernate.type.descriptor.sql.internal.CapacityDependentDdlType@6d2d7a55) replaced previous registration(org.hibernate.type.descriptor.sql.internal.CapacityDependentDdlType@590e0275) - 4662
[2023-08-24 10:46:08,104][DEBUG][main][o.h.t.d.s.s.DdlTypeRegistry-56] addDescriptor(-9, org.hibernate.type.descriptor.sql.internal.CapacityDependentDdlType@22a52fa8) replaced previous registration(org.hibernate.type.descriptor.sql.internal.CapacityDependentDdlType@10353925) - 4663
[2023-08-24 10:46:08,104][DEBUG][main][o.h.t.d.s.s.DdlTypeRegistry-56] addDescriptor(-3, org.hibernate.type.descriptor.sql.internal.CapacityDependentDdlType@164c06a4) replaced previous registration(org.hibernate.type.descriptor.sql.internal.CapacityDependentDdlType@3f78b3b2) - 4663
[2023-08-24 10:46:08,106][DEBUG][main][o.h.t.d.s.s.DdlTypeRegistry-56] addDescriptor(4003, org.hibernate.type.descriptor.sql.internal.DdlTypeImpl@34ab039a) replaced previous registration(org.hibernate.type.descriptor.sql.internal.DdlTypeImpl@d6ee83b) - 4665
[2023-08-24 10:46:08,106][DEBUG][main][o.h.t.d.s.s.DdlTypeRegistry-56] addDescriptor(4001, org.hibernate.type.descriptor.sql.internal.DdlTypeImpl@7b61b614) replaced previous registration(org.hibernate.type.descriptor.sql.internal.DdlTypeImpl@17e7fe9) - 4665
[2023-08-24 10:46:08,106][DEBUG][main][o.h.t.d.s.s.DdlTypeRegistry-56] addDescriptor(4002, org.hibernate.type.descriptor.sql.internal.DdlTypeImpl@6da50b8f) replaced previous registration(org.hibernate.type.descriptor.sql.internal.DdlTypeImpl@17f00930) - 4665
[2023-08-24 10:46:08,106][DEBUG][main][o.h.t.d.s.s.DdlTypeRegistry-56] addDescriptor(2004, org.hibernate.type.descriptor.sql.internal.CapacityDependentDdlType@6157dccc) replaced previous registration(org.hibernate.type.descriptor.sql.internal.DdlTypeImpl@13a47638) - 4665
[2023-08-24 10:46:08,107][DEBUG][main][o.h.t.d.s.s.DdlTypeRegistry-56] addDescriptor(2005, org.hibernate.type.descriptor.sql.internal.CapacityDependentDdlType@5698eeb0) replaced previous registration(org.hibernate.type.descriptor.sql.internal.DdlTypeImpl@4136d4da) - 4666
[2023-08-24 10:46:08,107][DEBUG][main][o.h.t.d.s.s.DdlTypeRegistry-56] addDescriptor(2011, org.hibernate.type.descriptor.sql.internal.CapacityDependentDdlType@1ed8d18c) replaced previous registration(org.hibernate.type.descriptor.sql.internal.DdlTypeImpl@2e7d71d9) - 4666
[2023-08-24 10:56:14,081][DEBUG][main][o.h.t.d.s.s.DdlTypeRegistry-56] addDescriptor(12, org.hibernate.type.descriptor.sql.internal.CapacityDependentDdlType@590e0275) replaced previous registration(org.hibernate.type.descriptor.sql.internal.CapacityDependentDdlType@22a52fa8) - 4756
[2023-08-24 10:56:14,082][DEBUG][main][o.h.t.d.s.s.DdlTypeRegistry-56] addDescriptor(-9, org.hibernate.type.descriptor.sql.internal.CapacityDependentDdlType@10353925) replaced previous registration(org.hibernate.type.descriptor.sql.internal.CapacityDependentDdlType@164c06a4) - 4757
[2023-08-24 10:56:14,082][DEBUG][main][o.h.t.d.s.s.DdlTypeRegistry-56] addDescriptor(-3, org.hibernate.type.descriptor.sql.internal.CapacityDependentDdlType@3f78b3b2) replaced previous registration(org.hibernate.type.descriptor.sql.internal.CapacityDependentDdlType@34ab039a) - 4757
[2023-08-24 10:56:14,082][DEBUG][main][o.h.t.d.s.s.DdlTypeRegistry-56] addDescriptor(4003, org.hibernate.type.descriptor.sql.internal.DdlTypeImpl@d6ee83b) replaced previous registration(org.hibernate.type.descriptor.sql.internal.DdlTypeImpl@7b61b614) - 4757
[2023-08-24 10:56:14,083][DEBUG][main][o.h.t.d.s.s.DdlTypeRegistry-56] addDescriptor(4001, org.hibernate.type.descriptor.sql.internal.DdlTypeImpl@17e7fe9) replaced previous registration(org.hibernate.type.descriptor.sql.internal.DdlTypeImpl@6da50b8f) - 4758
[2023-08-24 10:56:14,083][DEBUG][main][o.h.t.d.s.s.DdlTypeRegistry-56] addDescriptor(4002, org.hibernate.type.descriptor.sql.internal.DdlTypeImpl@17f00930) replaced previous registration(org.hibernate.type.descriptor.sql.internal.DdlTypeImpl@6157dccc) - 4758
[2023-08-24 10:56:14,083][DEBUG][main][o.h.t.d.s.s.DdlTypeRegistry-56] addDescriptor(2004, org.hibernate.type.descriptor.sql.internal.CapacityDependentDdlType@13a47638) replaced previous registration(org.hibernate.type.descriptor.sql.internal.DdlTypeImpl@5698eeb0) - 4758
[2023-08-24 10:56:14,083][DEBUG][main][o.h.t.d.s.s.DdlTypeRegistry-56] addDescriptor(2005, org.hibernate.type.descriptor.sql.internal.CapacityDependentDdlType@4136d4da) replaced previous registration(org.hibernate.type.descriptor.sql.internal.DdlTypeImpl@1ed8d18c) - 4758
[2023-08-24 10:56:14,083][DEBUG][main][o.h.t.d.s.s.DdlTypeRegistry-56] addDescriptor(2011, org.hibernate.type.descriptor.sql.internal.CapacityDependentDdlType@2e7d71d9) replaced previous registration(org.hibernate.type.descriptor.sql.internal.DdlTypeImpl@3f01e7c8) - 4758
[2023-08-24 11:07:18,517][DEBUG][main][o.h.t.d.s.s.DdlTypeRegistry-56] addDescriptor(12, org.hibernate.type.descriptor.sql.internal.CapacityDependentDdlType@6d2d7a55) replaced previous registration(org.hibernate.type.descriptor.sql.internal.CapacityDependentDdlType@590e0275) - 4296
[2023-08-24 11:07:18,518][DEBUG][main][o.h.t.d.s.s.DdlTypeRegistry-56] addDescriptor(-9, org.hibernate.type.descriptor.sql.internal.CapacityDependentDdlType@22a52fa8) replaced previous registration(org.hibernate.type.descriptor.sql.internal.CapacityDependentDdlType@10353925) - 4297
[2023-08-24 11:07:18,518][DEBUG][main][o.h.t.d.s.s.DdlTypeRegistry-56] addDescriptor(-3, org.hibernate.type.descriptor.sql.internal.CapacityDependentDdlType@164c06a4) replaced previous registration(org.hibernate.type.descriptor.sql.internal.CapacityDependentDdlType@3f78b3b2) - 4297
[2023-08-24 11:07:18,518][DEBUG][main][o.h.t.d.s.s.DdlTypeRegistry-56] addDescriptor(4003, org.hibernate.type.descriptor.sql.internal.DdlTypeImpl@34ab039a) replaced previous registration(org.hibernate.type.descriptor.sql.internal.DdlTypeImpl@d6ee83b) - 4297
[2023-08-24 11:07:18,519][DEBUG][main][o.h.t.d.s.s.DdlTypeRegistry-56] addDescriptor(4001, org.hibernate.type.descriptor.sql.internal.DdlTypeImpl@7b61b614) replaced previous registration(org.hibernate.type.descriptor.sql.internal.DdlTypeImpl@17e7fe9) - 4298
[2023-08-24 11:07:18,519][DEBUG][main][o.h.t.d.s.s.DdlTypeRegistry-56] addDescriptor(4002, org.hibernate.type.descriptor.sql.internal.DdlTypeImpl@6da50b8f) replaced previous registration(org.hibernate.type.descriptor.sql.internal.DdlTypeImpl@17f00930) - 4298
[2023-08-24 11:07:18,519][DEBUG][main][o.h.t.d.s.s.DdlTypeRegistry-56] addDescriptor(2004, org.hibernate.type.descriptor.sql.internal.CapacityDependentDdlType@6157dccc) replaced previous registration(org.hibernate.type.descriptor.sql.internal.DdlTypeImpl@13a47638) - 4298
[2023-08-24 11:07:18,519][DEBUG][main][o.h.t.d.s.s.DdlTypeRegistry-56] addDescriptor(2005, org.hibernate.type.descriptor.sql.internal.CapacityDependentDdlType@5698eeb0) replaced previous registration(org.hibernate.type.descriptor.sql.internal.DdlTypeImpl@4136d4da) - 4298
[2023-08-24 11:07:18,519][DEBUG][main][o.h.t.d.s.s.DdlTypeRegistry-56] addDescriptor(2011, org.hibernate.type.descriptor.sql.internal.CapacityDependentDdlType@1ed8d18c) replaced previous registration(org.hibernate.type.descriptor.sql.internal.DdlTypeImpl@2e7d71d9) - 4298
[2023-08-24 12:46:33,104][DEBUG][main][o.h.t.d.s.s.DdlTypeRegistry-56] addDescriptor(12, org.hibernate.type.descriptor.sql.internal.CapacityDependentDdlType@7ee0a60a) replaced previous registration(org.hibernate.type.descriptor.sql.internal.CapacityDependentDdlType@19e578e9) - 4447
[2023-08-24 12:46:33,105][DEBUG][main][o.h.t.d.s.s.DdlTypeRegistry-56] addDescriptor(-9, org.hibernate.type.descriptor.sql.internal.CapacityDependentDdlType@6d2d7a55) replaced previous registration(org.hibernate.type.descriptor.sql.internal.CapacityDependentDdlType@590e0275) - 4448
[2023-08-24 12:46:33,106][DEBUG][main][o.h.t.d.s.s.DdlTypeRegistry-56] addDescriptor(-3, org.hibernate.type.descriptor.sql.internal.CapacityDependentDdlType@22a52fa8) replaced previous registration(org.hibernate.type.descriptor.sql.internal.CapacityDependentDdlType@10353925) - 4449
[2023-08-24 12:46:33,106][DEBUG][main][o.h.t.d.s.s.DdlTypeRegistry-56] addDescriptor(4003, org.hibernate.type.descriptor.sql.internal.DdlTypeImpl@164c06a4) replaced previous registration(org.hibernate.type.descriptor.sql.internal.DdlTypeImpl@3f78b3b2) - 4449
[2023-08-24 12:46:33,106][DEBUG][main][o.h.t.d.s.s.DdlTypeRegistry-56] addDescriptor(4001, org.hibernate.type.descriptor.sql.internal.DdlTypeImpl@34ab039a) replaced previous registration(org.hibernate.type.descriptor.sql.internal.DdlTypeImpl@d6ee83b) - 4449
[2023-08-24 12:46:33,106][DEBUG][main][o.h.t.d.s.s.DdlTypeRegistry-56] addDescriptor(4002, org.hibernate.type.descriptor.sql.internal.DdlTypeImpl@7b61b614) replaced previous registration(org.hibernate.type.descriptor.sql.internal.DdlTypeImpl@17e7fe9) - 4449
[2023-08-24 12:46:33,106][DEBUG][main][o.h.t.d.s.s.DdlTypeRegistry-56] addDescriptor(2004, org.hibernate.type.descriptor.sql.internal.CapacityDependentDdlType@6da50b8f) replaced previous registration(org.hibernate.type.descriptor.sql.internal.DdlTypeImpl@17f00930) - 4449
[2023-08-24 12:46:33,107][DEBUG][main][o.h.t.d.s.s.DdlTypeRegistry-56] addDescriptor(2005, org.hibernate.type.descriptor.sql.internal.CapacityDependentDdlType@6157dccc) replaced previous registration(org.hibernate.type.descriptor.sql.internal.DdlTypeImpl@13a47638) - 4450
[2023-08-24 12:46:33,107][DEBUG][main][o.h.t.d.s.s.DdlTypeRegistry-56] addDescriptor(2011, org.hibernate.type.descriptor.sql.internal.CapacityDependentDdlType@5698eeb0) replaced previous registration(org.hibernate.type.descriptor.sql.internal.DdlTypeImpl@4136d4da) - 4450
[2023-08-24 12:51:53,191][DEBUG][main][o.h.t.d.s.s.DdlTypeRegistry-56] addDescriptor(12, org.hibernate.type.descriptor.sql.internal.CapacityDependentDdlType@16c44a77) replaced previous registration(org.hibernate.type.descriptor.sql.internal.CapacityDependentDdlType@7ee0a60a) - 4341
[2023-08-24 12:51:53,192][DEBUG][main][o.h.t.d.s.s.DdlTypeRegistry-56] addDescriptor(-9, org.hibernate.type.descriptor.sql.internal.CapacityDependentDdlType@19e578e9) replaced previous registration(org.hibernate.type.descriptor.sql.internal.CapacityDependentDdlType@6d2d7a55) - 4342
[2023-08-24 12:51:53,192][DEBUG][main][o.h.t.d.s.s.DdlTypeRegistry-56] addDescriptor(-3, org.hibernate.type.descriptor.sql.internal.CapacityDependentDdlType@590e0275) replaced previous registration(org.hibernate.type.descriptor.sql.internal.CapacityDependentDdlType@22a52fa8) - 4342
[2023-08-24 12:51:53,192][DEBUG][main][o.h.t.d.s.s.DdlTypeRegistry-56] addDescriptor(4003, org.hibernate.type.descriptor.sql.internal.DdlTypeImpl@10353925) replaced previous registration(org.hibernate.type.descriptor.sql.internal.DdlTypeImpl@164c06a4) - 4342
[2023-08-24 12:51:53,192][DEBUG][main][o.h.t.d.s.s.DdlTypeRegistry-56] addDescriptor(4001, org.hibernate.type.descriptor.sql.internal.DdlTypeImpl@3f78b3b2) replaced previous registration(org.hibernate.type.descriptor.sql.internal.DdlTypeImpl@34ab039a) - 4342
[2023-08-24 12:51:53,193][DEBUG][main][o.h.t.d.s.s.DdlTypeRegistry-56] addDescriptor(4002, org.hibernate.type.descriptor.sql.internal.DdlTypeImpl@d6ee83b) replaced previous registration(org.hibernate.type.descriptor.sql.internal.DdlTypeImpl@7b61b614) - 4343
[2023-08-24 12:51:53,193][DEBUG][main][o.h.t.d.s.s.DdlTypeRegistry-56] addDescriptor(2004, org.hibernate.type.descriptor.sql.internal.CapacityDependentDdlType@17e7fe9) replaced previous registration(org.hibernate.type.descriptor.sql.internal.DdlTypeImpl@6da50b8f) - 4343
[2023-08-24 12:51:53,193][DEBUG][main][o.h.t.d.s.s.DdlTypeRegistry-56] addDescriptor(2005, org.hibernate.type.descriptor.sql.internal.CapacityDependentDdlType@17f00930) replaced previous registration(org.hibernate.type.descriptor.sql.internal.DdlTypeImpl@6157dccc) - 4343
[2023-08-24 12:51:53,193][DEBUG][main][o.h.t.d.s.s.DdlTypeRegistry-56] addDescriptor(2011, org.hibernate.type.descriptor.sql.internal.CapacityDependentDdlType@13a47638) replaced previous registration(org.hibernate.type.descriptor.sql.internal.DdlTypeImpl@5698eeb0) - 4343
[2023-08-24 12:56:21,913][DEBUG][main][o.h.t.d.s.s.DdlTypeRegistry-56] addDescriptor(12, org.hibernate.type.descriptor.sql.internal.CapacityDependentDdlType@6d2d7a55) replaced previous registration(org.hibernate.type.descriptor.sql.internal.CapacityDependentDdlType@590e0275) - 4255
[2023-08-24 12:56:21,914][DEBUG][main][o.h.t.d.s.s.DdlTypeRegistry-56] addDescriptor(-9, org.hibernate.type.descriptor.sql.internal.CapacityDependentDdlType@22a52fa8) replaced previous registration(org.hibernate.type.descriptor.sql.internal.CapacityDependentDdlType@10353925) - 4256
[2023-08-24 12:56:21,914][DEBUG][main][o.h.t.d.s.s.DdlTypeRegistry-56] addDescriptor(-3, org.hibernate.type.descriptor.sql.internal.CapacityDependentDdlType@164c06a4) replaced previous registration(org.hibernate.type.descriptor.sql.internal.CapacityDependentDdlType@3f78b3b2) - 4256
[2023-08-24 12:56:21,914][DEBUG][main][o.h.t.d.s.s.DdlTypeRegistry-56] addDescriptor(4003, org.hibernate.type.descriptor.sql.internal.DdlTypeImpl@34ab039a) replaced previous registration(org.hibernate.type.descriptor.sql.internal.DdlTypeImpl@d6ee83b) - 4256
[2023-08-24 12:56:21,915][DEBUG][main][o.h.t.d.s.s.DdlTypeRegistry-56] addDescriptor(4001, org.hibernate.type.descriptor.sql.internal.DdlTypeImpl@7b61b614) replaced previous registration(org.hibernate.type.descriptor.sql.internal.DdlTypeImpl@17e7fe9) - 4257
[2023-08-24 12:56:21,915][DEBUG][main][o.h.t.d.s.s.DdlTypeRegistry-56] addDescriptor(4002, org.hibernate.type.descriptor.sql.internal.DdlTypeImpl@6da50b8f) replaced previous registration(org.hibernate.type.descriptor.sql.internal.DdlTypeImpl@17f00930) - 4257
[2023-08-24 12:56:21,915][DEBUG][main][o.h.t.d.s.s.DdlTypeRegistry-56] addDescriptor(2004, org.hibernate.type.descriptor.sql.internal.CapacityDependentDdlType@6157dccc) replaced previous registration(org.hibernate.type.descriptor.sql.internal.DdlTypeImpl@13a47638) - 4257
[2023-08-24 12:56:21,915][DEBUG][main][o.h.t.d.s.s.DdlTypeRegistry-56] addDescriptor(2005, org.hibernate.type.descriptor.sql.internal.CapacityDependentDdlType@5698eeb0) replaced previous registration(org.hibernate.type.descriptor.sql.internal.DdlTypeImpl@4136d4da) - 4257
[2023-08-24 12:56:21,915][DEBUG][main][o.h.t.d.s.s.DdlTypeRegistry-56] addDescriptor(2011, org.hibernate.type.descriptor.sql.internal.CapacityDependentDdlType@1ed8d18c) replaced previous registration(org.hibernate.type.descriptor.sql.internal.DdlTypeImpl@2e7d71d9) - 4257
[2023-08-24 13:13:05,129][DEBUG][main][o.h.t.d.s.s.DdlTypeRegistry-56] addDescriptor(12, org.hibernate.type.descriptor.sql.internal.CapacityDependentDdlType@6d2d7a55) replaced previous registration(org.hibernate.type.descriptor.sql.internal.CapacityDependentDdlType@590e0275) - 4320
[2023-08-24 13:13:05,130][DEBUG][main][o.h.t.d.s.s.DdlTypeRegistry-56] addDescriptor(-9, org.hibernate.type.descriptor.sql.internal.CapacityDependentDdlType@22a52fa8) replaced previous registration(org.hibernate.type.descriptor.sql.internal.CapacityDependentDdlType@10353925) - 4321
[2023-08-24 13:13:05,130][DEBUG][main][o.h.t.d.s.s.DdlTypeRegistry-56] addDescriptor(-3, org.hibernate.type.descriptor.sql.internal.CapacityDependentDdlType@164c06a4) replaced previous registration(org.hibernate.type.descriptor.sql.internal.CapacityDependentDdlType@3f78b3b2) - 4321
[2023-08-24 13:13:05,130][DEBUG][main][o.h.t.d.s.s.DdlTypeRegistry-56] addDescriptor(4003, org.hibernate.type.descriptor.sql.internal.DdlTypeImpl@34ab039a) replaced previous registration(org.hibernate.type.descriptor.sql.internal.DdlTypeImpl@d6ee83b) - 4321
[2023-08-24 13:13:05,130][DEBUG][main][o.h.t.d.s.s.DdlTypeRegistry-56] addDescriptor(4001, org.hibernate.type.descriptor.sql.internal.DdlTypeImpl@7b61b614) replaced previous registration(org.hibernate.type.descriptor.sql.internal.DdlTypeImpl@17e7fe9) - 4321
[2023-08-24 13:13:05,131][DEBUG][main][o.h.t.d.s.s.DdlTypeRegistry-56] addDescriptor(4002, org.hibernate.type.descriptor.sql.internal.DdlTypeImpl@6da50b8f) replaced previous registration(org.hibernate.type.descriptor.sql.internal.DdlTypeImpl@17f00930) - 4322
[2023-08-24 13:13:05,131][DEBUG][main][o.h.t.d.s.s.DdlTypeRegistry-56] addDescriptor(2004, org.hibernate.type.descriptor.sql.internal.CapacityDependentDdlType@6157dccc) replaced previous registration(org.hibernate.type.descriptor.sql.internal.DdlTypeImpl@13a47638) - 4322
[2023-08-24 13:13:05,131][DEBUG][main][o.h.t.d.s.s.DdlTypeRegistry-56] addDescriptor(2005, org.hibernate.type.descriptor.sql.internal.CapacityDependentDdlType@5698eeb0) replaced previous registration(org.hibernate.type.descriptor.sql.internal.DdlTypeImpl@4136d4da) - 4322
[2023-08-24 13:13:05,131][DEBUG][main][o.h.t.d.s.s.DdlTypeRegistry-56] addDescriptor(2011, org.hibernate.type.descriptor.sql.internal.CapacityDependentDdlType@1ed8d18c) replaced previous registration(org.hibernate.type.descriptor.sql.internal.DdlTypeImpl@2e7d71d9) - 4322
[2023-08-24 13:13:34,161][DEBUG][main][o.h.t.d.s.s.DdlTypeRegistry-56] addDescriptor(12, org.hibernate.type.descriptor.sql.internal.CapacityDependentDdlType@47caa1ff) replaced previous registration(org.hibernate.type.descriptor.sql.internal.CapacityDependentDdlType@7330574d) - 4898
[2023-08-24 13:13:34,161][DEBUG][main][o.h.t.d.s.s.DdlTypeRegistry-56] addDescriptor(-9, org.hibernate.type.descriptor.sql.internal.CapacityDependentDdlType@5ac4f417) replaced previous registration(org.hibernate.type.descriptor.sql.internal.CapacityDependentDdlType@34615ef4) - 4898
[2023-08-24 13:13:34,162][DEBUG][main][o.h.t.d.s.s.DdlTypeRegistry-56] addDescriptor(-3, org.hibernate.type.descriptor.sql.internal.CapacityDependentDdlType@26b6c4de) replaced previous registration(org.hibernate.type.descriptor.sql.internal.CapacityDependentDdlType@57cd757a) - 4899
[2023-08-24 13:13:34,162][DEBUG][main][o.h.t.d.s.s.DdlTypeRegistry-56] addDescriptor(4003, org.hibernate.type.descriptor.sql.internal.DdlTypeImpl@2ad447d8) replaced previous registration(org.hibernate.type.descriptor.sql.internal.DdlTypeImpl@147c3a88) - 4899
[2023-08-24 13:13:34,162][DEBUG][main][o.h.t.d.s.s.DdlTypeRegistry-56] addDescriptor(4001, org.hibernate.type.descriptor.sql.internal.DdlTypeImpl@47c8ced) replaced previous registration(org.hibernate.type.descriptor.sql.internal.DdlTypeImpl@38a64fbd) - 4899
[2023-08-24 13:13:34,162][DEBUG][main][o.h.t.d.s.s.DdlTypeRegistry-56] addDescriptor(4002, org.hibernate.type.descriptor.sql.internal.DdlTypeImpl@304435f6) replaced previous registration(org.hibernate.type.descriptor.sql.internal.DdlTypeImpl@4599f10c) - 4899
[2023-08-24 13:13:34,162][DEBUG][main][o.h.t.d.s.s.DdlTypeRegistry-56] addDescriptor(2004, org.hibernate.type.descriptor.sql.internal.CapacityDependentDdlType@256216b6) replaced previous registration(org.hibernate.type.descriptor.sql.internal.DdlTypeImpl@2f336e00) - 4899
[2023-08-24 13:13:34,163][DEBUG][main][o.h.t.d.s.s.DdlTypeRegistry-56] addDescriptor(2005, org.hibernate.type.descriptor.sql.internal.CapacityDependentDdlType@3e491595) replaced previous registration(org.hibernate.type.descriptor.sql.internal.DdlTypeImpl@345292c1) - 4900
[2023-08-24 13:13:34,163][DEBUG][main][o.h.t.d.s.s.DdlTypeRegistry-56] addDescriptor(2011, org.hibernate.type.descriptor.sql.internal.CapacityDependentDdlType@1b0e55b) replaced previous registration(org.hibernate.type.descriptor.sql.internal.DdlTypeImpl@35c7c803) - 4900
[2023-08-24 13:15:32,353][DEBUG][main][o.h.t.d.s.s.DdlTypeRegistry-56] addDescriptor(12, org.hibernate.type.descriptor.sql.internal.CapacityDependentDdlType@7ee0a60a) replaced previous registration(org.hibernate.type.descriptor.sql.internal.CapacityDependentDdlType@19e578e9) - 4182
[2023-08-24 13:15:32,353][DEBUG][main][o.h.t.d.s.s.DdlTypeRegistry-56] addDescriptor(-9, org.hibernate.type.descriptor.sql.internal.CapacityDependentDdlType@6d2d7a55) replaced previous registration(org.hibernate.type.descriptor.sql.internal.CapacityDependentDdlType@590e0275) - 4182
[2023-08-24 13:15:32,353][DEBUG][main][o.h.t.d.s.s.DdlTypeRegistry-56] addDescriptor(-3, org.hibernate.type.descriptor.sql.internal.CapacityDependentDdlType@22a52fa8) replaced previous registration(org.hibernate.type.descriptor.sql.internal.CapacityDependentDdlType@10353925) - 4182
[2023-08-24 13:15:32,353][DEBUG][main][o.h.t.d.s.s.DdlTypeRegistry-56] addDescriptor(4003, org.hibernate.type.descriptor.sql.internal.DdlTypeImpl@164c06a4) replaced previous registration(org.hibernate.type.descriptor.sql.internal.DdlTypeImpl@3f78b3b2) - 4182
[2023-08-24 13:15:32,354][DEBUG][main][o.h.t.d.s.s.DdlTypeRegistry-56] addDescriptor(4001, org.hibernate.type.descriptor.sql.internal.DdlTypeImpl@34ab039a) replaced previous registration(org.hibernate.type.descriptor.sql.internal.DdlTypeImpl@d6ee83b) - 4183
[2023-08-24 13:15:32,354][DEBUG][main][o.h.t.d.s.s.DdlTypeRegistry-56] addDescriptor(4002, org.hibernate.type.descriptor.sql.internal.DdlTypeImpl@7b61b614) replaced previous registration(org.hibernate.type.descriptor.sql.internal.DdlTypeImpl@17e7fe9) - 4183
[2023-08-24 13:15:32,354][DEBUG][main][o.h.t.d.s.s.DdlTypeRegistry-56] addDescriptor(2004, org.hibernate.type.descriptor.sql.internal.CapacityDependentDdlType@6da50b8f) replaced previous registration(org.hibernate.type.descriptor.sql.internal.DdlTypeImpl@17f00930) - 4183
[2023-08-24 13:15:32,354][DEBUG][main][o.h.t.d.s.s.DdlTypeRegistry-56] addDescriptor(2005, org.hibernate.type.descriptor.sql.internal.CapacityDependentDdlType@6157dccc) replaced previous registration(org.hibernate.type.descriptor.sql.internal.DdlTypeImpl@13a47638) - 4183
[2023-08-24 13:15:32,354][DEBUG][main][o.h.t.d.s.s.DdlTypeRegistry-56] addDescriptor(2011, org.hibernate.type.descriptor.sql.internal.CapacityDependentDdlType@5698eeb0) replaced previous registration(org.hibernate.type.descriptor.sql.internal.DdlTypeImpl@4136d4da) - 4183
[2023-08-24 13:17:19,282][DEBUG][main][o.h.t.d.s.s.DdlTypeRegistry-56] addDescriptor(12, org.hibernate.type.descriptor.sql.internal.CapacityDependentDdlType@357a530c) replaced previous registration(org.hibernate.type.descriptor.sql.internal.CapacityDependentDdlType@5a95c52d) - 4463
[2023-08-24 13:17:19,283][DEBUG][main][o.h.t.d.s.s.DdlTypeRegistry-56] addDescriptor(-9, org.hibernate.type.descriptor.sql.internal.CapacityDependentDdlType@16c44a77) replaced previous registration(org.hibernate.type.descriptor.sql.internal.CapacityDependentDdlType@7ee0a60a) - 4464
[2023-08-24 13:17:19,283][DEBUG][main][o.h.t.d.s.s.DdlTypeRegistry-56] addDescriptor(-3, org.hibernate.type.descriptor.sql.internal.CapacityDependentDdlType@19e578e9) replaced previous registration(org.hibernate.type.descriptor.sql.internal.CapacityDependentDdlType@6d2d7a55) - 4464
[2023-08-24 13:17:19,283][DEBUG][main][o.h.t.d.s.s.DdlTypeRegistry-56] addDescriptor(4003, org.hibernate.type.descriptor.sql.internal.DdlTypeImpl@590e0275) replaced previous registration(org.hibernate.type.descriptor.sql.internal.DdlTypeImpl@22a52fa8) - 4464
[2023-08-24 13:17:19,283][DEBUG][main][o.h.t.d.s.s.DdlTypeRegistry-56] addDescriptor(4001, org.hibernate.type.descriptor.sql.internal.DdlTypeImpl@10353925) replaced previous registration(org.hibernate.type.descriptor.sql.internal.DdlTypeImpl@164c06a4) - 4464
[2023-08-24 13:17:19,283][DEBUG][main][o.h.t.d.s.s.DdlTypeRegistry-56] addDescriptor(4002, org.hibernate.type.descriptor.sql.internal.DdlTypeImpl@3f78b3b2) replaced previous registration(org.hibernate.type.descriptor.sql.internal.DdlTypeImpl@34ab039a) - 4464
[2023-08-24 13:17:19,283][DEBUG][main][o.h.t.d.s.s.DdlTypeRegistry-56] addDescriptor(2004, org.hibernate.type.descriptor.sql.internal.CapacityDependentDdlType@d6ee83b) replaced previous registration(org.hibernate.type.descriptor.sql.internal.DdlTypeImpl@7b61b614) - 4464
[2023-08-24 13:17:19,284][DEBUG][main][o.h.t.d.s.s.DdlTypeRegistry-56] addDescriptor(2005, org.hibernate.type.descriptor.sql.internal.CapacityDependentDdlType@17e7fe9) replaced previous registration(org.hibernate.type.descriptor.sql.internal.DdlTypeImpl@6da50b8f) - 4465
[2023-08-24 13:17:19,284][DEBUG][main][o.h.t.d.s.s.DdlTypeRegistry-56] addDescriptor(2011, org.hibernate.type.descriptor.sql.internal.CapacityDependentDdlType@17f00930) replaced previous registration(org.hibernate.type.descriptor.sql.internal.DdlTypeImpl@6157dccc) - 4465
[2023-08-24 13:18:20,295][DEBUG][main][o.h.t.d.s.s.DdlTypeRegistry-56] addDescriptor(12, org.hibernate.type.descriptor.sql.internal.CapacityDependentDdlType@7ee0a60a) replaced previous registration(org.hibernate.type.descriptor.sql.internal.CapacityDependentDdlType@19e578e9) - 4199
[2023-08-24 13:18:20,296][DEBUG][main][o.h.t.d.s.s.DdlTypeRegistry-56] addDescriptor(-9, org.hibernate.type.descriptor.sql.internal.CapacityDependentDdlType@6d2d7a55) replaced previous registration(org.hibernate.type.descriptor.sql.internal.CapacityDependentDdlType@590e0275) - 4200
[2023-08-24 13:18:20,296][DEBUG][main][o.h.t.d.s.s.DdlTypeRegistry-56] addDescriptor(-3, org.hibernate.type.descriptor.sql.internal.CapacityDependentDdlType@22a52fa8) replaced previous registration(org.hibernate.type.descriptor.sql.internal.CapacityDependentDdlType@10353925) - 4200
[2023-08-24 13:18:20,296][DEBUG][main][o.h.t.d.s.s.DdlTypeRegistry-56] addDescriptor(4003, org.hibernate.type.descriptor.sql.internal.DdlTypeImpl@164c06a4) replaced previous registration(org.hibernate.type.descriptor.sql.internal.DdlTypeImpl@3f78b3b2) - 4200
[2023-08-24 13:18:20,296][DEBUG][main][o.h.t.d.s.s.DdlTypeRegistry-56] addDescriptor(4001, org.hibernate.type.descriptor.sql.internal.DdlTypeImpl@34ab039a) replaced previous registration(org.hibernate.type.descriptor.sql.internal.DdlTypeImpl@d6ee83b) - 4200
[2023-08-24 13:18:20,296][DEBUG][main][o.h.t.d.s.s.DdlTypeRegistry-56] addDescriptor(4002, org.hibernate.type.descriptor.sql.internal.DdlTypeImpl@7b61b614) replaced previous registration(org.hibernate.type.descriptor.sql.internal.DdlTypeImpl@17e7fe9) - 4200
[2023-08-24 13:18:20,297][DEBUG][main][o.h.t.d.s.s.DdlTypeRegistry-56] addDescriptor(2004, org.hibernate.type.descriptor.sql.internal.CapacityDependentDdlType@6da50b8f) replaced previous registration(org.hibernate.type.descriptor.sql.internal.DdlTypeImpl@17f00930) - 4201
[2023-08-24 13:18:20,297][DEBUG][main][o.h.t.d.s.s.DdlTypeRegistry-56] addDescriptor(2005, org.hibernate.type.descriptor.sql.internal.CapacityDependentDdlType@6157dccc) replaced previous registration(org.hibernate.type.descriptor.sql.internal.DdlTypeImpl@13a47638) - 4201
[2023-08-24 13:18:20,297][DEBUG][main][o.h.t.d.s.s.DdlTypeRegistry-56] addDescriptor(2011, org.hibernate.type.descriptor.sql.internal.CapacityDependentDdlType@5698eeb0) replaced previous registration(org.hibernate.type.descriptor.sql.internal.DdlTypeImpl@4136d4da) - 4201
[2023-08-24 13:21:02,315][DEBUG][main][o.h.t.d.s.s.DdlTypeRegistry-56] addDescriptor(12, org.hibernate.type.descriptor.sql.internal.CapacityDependentDdlType@515f104c) replaced previous registration(org.hibernate.type.descriptor.sql.internal.CapacityDependentDdlType@1dde2d1) - 4700
[2023-08-24 13:21:02,315][DEBUG][main][o.h.t.d.s.s.DdlTypeRegistry-56] addDescriptor(-9, org.hibernate.type.descriptor.sql.internal.CapacityDependentDdlType@47caa1ff) replaced previous registration(org.hibernate.type.descriptor.sql.internal.CapacityDependentDdlType@7330574d) - 4700
[2023-08-24 13:21:02,316][DEBUG][main][o.h.t.d.s.s.DdlTypeRegistry-56] addDescriptor(-3, org.hibernate.type.descriptor.sql.internal.CapacityDependentDdlType@5ac4f417) replaced previous registration(org.hibernate.type.descriptor.sql.internal.CapacityDependentDdlType@34615ef4) - 4701
[2023-08-24 13:21:02,316][DEBUG][main][o.h.t.d.s.s.DdlTypeRegistry-56] addDescriptor(4003, org.hibernate.type.descriptor.sql.internal.DdlTypeImpl@26b6c4de) replaced previous registration(org.hibernate.type.descriptor.sql.internal.DdlTypeImpl@57cd757a) - 4701
[2023-08-24 13:21:02,316][DEBUG][main][o.h.t.d.s.s.DdlTypeRegistry-56] addDescriptor(4001, org.hibernate.type.descriptor.sql.internal.DdlTypeImpl@2ad447d8) replaced previous registration(org.hibernate.type.descriptor.sql.internal.DdlTypeImpl@147c3a88) - 4701
[2023-08-24 13:21:02,316][DEBUG][main][o.h.t.d.s.s.DdlTypeRegistry-56] addDescriptor(4002, org.hibernate.type.descriptor.sql.internal.DdlTypeImpl@47c8ced) replaced previous registration(org.hibernate.type.descriptor.sql.internal.DdlTypeImpl@38a64fbd) - 4701
[2023-08-24 13:21:02,317][DEBUG][main][o.h.t.d.s.s.DdlTypeRegistry-56] addDescriptor(2004, org.hibernate.type.descriptor.sql.internal.CapacityDependentDdlType@304435f6) replaced previous registration(org.hibernate.type.descriptor.sql.internal.DdlTypeImpl@4599f10c) - 4702
[2023-08-24 13:21:02,317][DEBUG][main][o.h.t.d.s.s.DdlTypeRegistry-56] addDescriptor(2005, org.hibernate.type.descriptor.sql.internal.CapacityDependentDdlType@256216b6) replaced previous registration(org.hibernate.type.descriptor.sql.internal.DdlTypeImpl@2f336e00) - 4702
[2023-08-24 13:21:02,317][DEBUG][main][o.h.t.d.s.s.DdlTypeRegistry-56] addDescriptor(2011, org.hibernate.type.descriptor.sql.internal.CapacityDependentDdlType@3e491595) replaced previous registration(org.hibernate.type.descriptor.sql.internal.DdlTypeImpl@345292c1) - 4702
[2023-08-24 13:22:03,843][DEBUG][main][o.h.t.d.s.s.DdlTypeRegistry-56] addDescriptor(12, org.hibernate.type.descriptor.sql.internal.CapacityDependentDdlType@19e578e9) replaced previous registration(org.hibernate.type.descriptor.sql.internal.CapacityDependentDdlType@6d2d7a55) - 4347
[2023-08-24 13:22:03,843][DEBUG][main][o.h.t.d.s.s.DdlTypeRegistry-56] addDescriptor(-9, org.hibernate.type.descriptor.sql.internal.CapacityDependentDdlType@590e0275) replaced previous registration(org.hibernate.type.descriptor.sql.internal.CapacityDependentDdlType@22a52fa8) - 4347
[2023-08-24 13:22:03,844][DEBUG][main][o.h.t.d.s.s.DdlTypeRegistry-56] addDescriptor(-3, org.hibernate.type.descriptor.sql.internal.CapacityDependentDdlType@10353925) replaced previous registration(org.hibernate.type.descriptor.sql.internal.CapacityDependentDdlType@164c06a4) - 4348
[2023-08-24 13:22:03,844][DEBUG][main][o.h.t.d.s.s.DdlTypeRegistry-56] addDescriptor(4003, org.hibernate.type.descriptor.sql.internal.DdlTypeImpl@3f78b3b2) replaced previous registration(org.hibernate.type.descriptor.sql.internal.DdlTypeImpl@34ab039a) - 4348
[2023-08-24 13:22:03,844][DEBUG][main][o.h.t.d.s.s.DdlTypeRegistry-56] addDescriptor(4001, org.hibernate.type.descriptor.sql.internal.DdlTypeImpl@d6ee83b) replaced previous registration(org.hibernate.type.descriptor.sql.internal.DdlTypeImpl@7b61b614) - 4348
[2023-08-24 13:22:03,844][DEBUG][main][o.h.t.d.s.s.DdlTypeRegistry-56] addDescriptor(4002, org.hibernate.type.descriptor.sql.internal.DdlTypeImpl@17e7fe9) replaced previous registration(org.hibernate.type.descriptor.sql.internal.DdlTypeImpl@6da50b8f) - 4348
[2023-08-24 13:22:03,844][DEBUG][main][o.h.t.d.s.s.DdlTypeRegistry-56] addDescriptor(2004, org.hibernate.type.descriptor.sql.internal.CapacityDependentDdlType@17f00930) replaced previous registration(org.hibernate.type.descriptor.sql.internal.DdlTypeImpl@6157dccc) - 4348
[2023-08-24 13:22:03,845][DEBUG][main][o.h.t.d.s.s.DdlTypeRegistry-56] addDescriptor(2005, org.hibernate.type.descriptor.sql.internal.CapacityDependentDdlType@13a47638) replaced previous registration(org.hibernate.type.descriptor.sql.internal.DdlTypeImpl@5698eeb0) - 4349
[2023-08-24 13:22:03,845][DEBUG][main][o.h.t.d.s.s.DdlTypeRegistry-56] addDescriptor(2011, org.hibernate.type.descriptor.sql.internal.CapacityDependentDdlType@4136d4da) replaced previous registration(org.hibernate.type.descriptor.sql.internal.DdlTypeImpl@1ed8d18c) - 4349
[2023-08-24 13:23:14,866][DEBUG][main][o.h.t.d.s.s.DdlTypeRegistry-56] addDescriptor(12, org.hibernate.type.descriptor.sql.internal.CapacityDependentDdlType@16c44a77) replaced previous registration(org.hibernate.type.descriptor.sql.internal.CapacityDependentDdlType@7ee0a60a) - 4219
[2023-08-24 13:23:14,867][DEBUG][main][o.h.t.d.s.s.DdlTypeRegistry-56] addDescriptor(-9, org.hibernate.type.descriptor.sql.internal.CapacityDependentDdlType@19e578e9) replaced previous registration(org.hibernate.type.descriptor.sql.internal.CapacityDependentDdlType@6d2d7a55) - 4220
[2023-08-24 13:23:14,867][DEBUG][main][o.h.t.d.s.s.DdlTypeRegistry-56] addDescriptor(-3, org.hibernate.type.descriptor.sql.internal.CapacityDependentDdlType@590e0275) replaced previous registration(org.hibernate.type.descriptor.sql.internal.CapacityDependentDdlType@22a52fa8) - 4220
[2023-08-24 13:23:14,867][DEBUG][main][o.h.t.d.s.s.DdlTypeRegistry-56] addDescriptor(4003, org.hibernate.type.descriptor.sql.internal.DdlTypeImpl@10353925) replaced previous registration(org.hibernate.type.descriptor.sql.internal.DdlTypeImpl@164c06a4) - 4220
[2023-08-24 13:23:14,867][DEBUG][main][o.h.t.d.s.s.DdlTypeRegistry-56] addDescriptor(4001, org.hibernate.type.descriptor.sql.internal.DdlTypeImpl@3f78b3b2) replaced previous registration(org.hibernate.type.descriptor.sql.internal.DdlTypeImpl@34ab039a) - 4220
[2023-08-24 13:23:14,867][DEBUG][main][o.h.t.d.s.s.DdlTypeRegistry-56] addDescriptor(4002, org.hibernate.type.descriptor.sql.internal.DdlTypeImpl@d6ee83b) replaced previous registration(org.hibernate.type.descriptor.sql.internal.DdlTypeImpl@7b61b614) - 4220
[2023-08-24 13:23:14,868][DEBUG][main][o.h.t.d.s.s.DdlTypeRegistry-56] addDescriptor(2004, org.hibernate.type.descriptor.sql.internal.CapacityDependentDdlType@17e7fe9) replaced previous registration(org.hibernate.type.descriptor.sql.internal.DdlTypeImpl@6da50b8f) - 4221
[2023-08-24 13:23:14,868][DEBUG][main][o.h.t.d.s.s.DdlTypeRegistry-56] addDescriptor(2005, org.hibernate.type.descriptor.sql.internal.CapacityDependentDdlType@17f00930) replaced previous registration(org.hibernate.type.descriptor.sql.internal.DdlTypeImpl@6157dccc) - 4221
[2023-08-24 13:23:14,868][DEBUG][main][o.h.t.d.s.s.DdlTypeRegistry-56] addDescriptor(2011, org.hibernate.type.descriptor.sql.internal.CapacityDependentDdlType@13a47638) replaced previous registration(org.hibernate.type.descriptor.sql.internal.DdlTypeImpl@5698eeb0) - 4221
[2023-08-24 13:25:12,151][DEBUG][main][o.h.t.d.s.s.DdlTypeRegistry-56] addDescriptor(12, org.hibernate.type.descriptor.sql.internal.CapacityDependentDdlType@7ee0a60a) replaced previous registration(org.hibernate.type.descriptor.sql.internal.CapacityDependentDdlType@19e578e9) - 4446
[2023-08-24 13:25:12,151][DEBUG][main][o.h.t.d.s.s.DdlTypeRegistry-56] addDescriptor(-9, org.hibernate.type.descriptor.sql.internal.CapacityDependentDdlType@6d2d7a55) replaced previous registration(org.hibernate.type.descriptor.sql.internal.CapacityDependentDdlType@590e0275) - 4446
[2023-08-24 13:25:12,152][DEBUG][main][o.h.t.d.s.s.DdlTypeRegistry-56] addDescriptor(-3, org.hibernate.type.descriptor.sql.internal.CapacityDependentDdlType@22a52fa8) replaced previous registration(org.hibernate.type.descriptor.sql.internal.CapacityDependentDdlType@10353925) - 4447
[2023-08-24 13:25:12,152][DEBUG][main][o.h.t.d.s.s.DdlTypeRegistry-56] addDescriptor(4003, org.hibernate.type.descriptor.sql.internal.DdlTypeImpl@164c06a4) replaced previous registration(org.hibernate.type.descriptor.sql.internal.DdlTypeImpl@3f78b3b2) - 4447
[2023-08-24 13:25:12,152][DEBUG][main][o.h.t.d.s.s.DdlTypeRegistry-56] addDescriptor(4001, org.hibernate.type.descriptor.sql.internal.DdlTypeImpl@34ab039a) replaced previous registration(org.hibernate.type.descriptor.sql.internal.DdlTypeImpl@d6ee83b) - 4447
[2023-08-24 13:25:12,152][DEBUG][main][o.h.t.d.s.s.DdlTypeRegistry-56] addDescriptor(4002, org.hibernate.type.descriptor.sql.internal.DdlTypeImpl@7b61b614) replaced previous registration(org.hibernate.type.descriptor.sql.internal.DdlTypeImpl@17e7fe9) - 4447
[2023-08-24 13:25:12,153][DEBUG][main][o.h.t.d.s.s.DdlTypeRegistry-56] addDescriptor(2004, org.hibernate.type.descriptor.sql.internal.CapacityDependentDdlType@6da50b8f) replaced previous registration(org.hibernate.type.descriptor.sql.internal.DdlTypeImpl@17f00930) - 4448
[2023-08-24 13:25:12,153][DEBUG][main][o.h.t.d.s.s.DdlTypeRegistry-56] addDescriptor(2005, org.hibernate.type.descriptor.sql.internal.CapacityDependentDdlType@6157dccc) replaced previous registration(org.hibernate.type.descriptor.sql.internal.DdlTypeImpl@13a47638) - 4448
[2023-08-24 13:25:12,154][DEBUG][main][o.h.t.d.s.s.DdlTypeRegistry-56] addDescriptor(2011, org.hibernate.type.descriptor.sql.internal.CapacityDependentDdlType@5698eeb0) replaced previous registration(org.hibernate.type.descriptor.sql.internal.DdlTypeImpl@4136d4da) - 4449
[2023-08-24 13:25:46,096][DEBUG][main][o.h.t.d.s.s.DdlTypeRegistry-56] addDescriptor(12, org.hibernate.type.descriptor.sql.internal.CapacityDependentDdlType@7c329d38) replaced previous registration(org.hibernate.type.descriptor.sql.internal.CapacityDependentDdlType@2a718598) - 4711
[2023-08-24 13:25:46,096][DEBUG][main][o.h.t.d.s.s.DdlTypeRegistry-56] addDescriptor(-9, org.hibernate.type.descriptor.sql.internal.CapacityDependentDdlType@57bc2c06) replaced previous registration(org.hibernate.type.descriptor.sql.internal.CapacityDependentDdlType@58554818) - 4711
[2023-08-24 13:25:46,097][DEBUG][main][o.h.t.d.s.s.DdlTypeRegistry-56] addDescriptor(-3, org.hibernate.type.descriptor.sql.internal.CapacityDependentDdlType@30e6c577) replaced previous registration(org.hibernate.type.descriptor.sql.internal.CapacityDependentDdlType@169ddbb6) - 4712
[2023-08-24 13:25:46,097][DEBUG][main][o.h.t.d.s.s.DdlTypeRegistry-56] addDescriptor(4003, org.hibernate.type.descriptor.sql.internal.DdlTypeImpl@20f7197f) replaced previous registration(org.hibernate.type.descriptor.sql.internal.DdlTypeImpl@521090f1) - 4712
[2023-08-24 13:25:46,097][DEBUG][main][o.h.t.d.s.s.DdlTypeRegistry-56] addDescriptor(4001, org.hibernate.type.descriptor.sql.internal.DdlTypeImpl@54db2ab9) replaced previous registration(org.hibernate.type.descriptor.sql.internal.DdlTypeImpl@2c630bff) - 4712
[2023-08-24 13:25:46,097][DEBUG][main][o.h.t.d.s.s.DdlTypeRegistry-56] addDescriptor(4002, org.hibernate.type.descriptor.sql.internal.DdlTypeImpl@3447c3ed) replaced previous registration(org.hibernate.type.descriptor.sql.internal.DdlTypeImpl@62065a8c) - 4712
[2023-08-24 13:25:46,098][DEBUG][main][o.h.t.d.s.s.DdlTypeRegistry-56] addDescriptor(2004, org.hibernate.type.descriptor.sql.internal.CapacityDependentDdlType@6f053a97) replaced previous registration(org.hibernate.type.descriptor.sql.internal.DdlTypeImpl@5b8de87b) - 4713
[2023-08-24 13:25:46,098][DEBUG][main][o.h.t.d.s.s.DdlTypeRegistry-56] addDescriptor(2005, org.hibernate.type.descriptor.sql.internal.CapacityDependentDdlType@515f104c) replaced previous registration(org.hibernate.type.descriptor.sql.internal.DdlTypeImpl@1dde2d1) - 4713
[2023-08-24 13:25:46,098][DEBUG][main][o.h.t.d.s.s.DdlTypeRegistry-56] addDescriptor(2011, org.hibernate.type.descriptor.sql.internal.CapacityDependentDdlType@47caa1ff) replaced previous registration(org.hibernate.type.descriptor.sql.internal.DdlTypeImpl@7330574d) - 4713
[2023-08-24 13:27:13,700][DEBUG][main][o.h.t.d.s.s.DdlTypeRegistry-56] addDescriptor(12, org.hibernate.type.descriptor.sql.internal.CapacityDependentDdlType@5a95c52d) replaced previous registration(org.hibernate.type.descriptor.sql.internal.CapacityDependentDdlType@16c44a77) - 4414
[2023-08-24 13:27:13,701][DEBUG][main][o.h.t.d.s.s.DdlTypeRegistry-56] addDescriptor(-9, org.hibernate.type.descriptor.sql.internal.CapacityDependentDdlType@7ee0a60a) replaced previous registration(org.hibernate.type.descriptor.sql.internal.CapacityDependentDdlType@19e578e9) - 4415
[2023-08-24 13:27:13,701][DEBUG][main][o.h.t.d.s.s.DdlTypeRegistry-56] addDescriptor(-3, org.hibernate.type.descriptor.sql.internal.CapacityDependentDdlType@6d2d7a55) replaced previous registration(org.hibernate.type.descriptor.sql.internal.CapacityDependentDdlType@590e0275) - 4415
[2023-08-24 13:27:13,701][DEBUG][main][o.h.t.d.s.s.DdlTypeRegistry-56] addDescriptor(4003, org.hibernate.type.descriptor.sql.internal.DdlTypeImpl@22a52fa8) replaced previous registration(org.hibernate.type.descriptor.sql.internal.DdlTypeImpl@10353925) - 4415
[2023-08-24 13:27:13,702][DEBUG][main][o.h.t.d.s.s.DdlTypeRegistry-56] addDescriptor(4001, org.hibernate.type.descriptor.sql.internal.DdlTypeImpl@164c06a4) replaced previous registration(org.hibernate.type.descriptor.sql.internal.DdlTypeImpl@3f78b3b2) - 4416
[2023-08-24 13:27:13,702][DEBUG][main][o.h.t.d.s.s.DdlTypeRegistry-56] addDescriptor(4002, org.hibernate.type.descriptor.sql.internal.DdlTypeImpl@34ab039a) replaced previous registration(org.hibernate.type.descriptor.sql.internal.DdlTypeImpl@d6ee83b) - 4416
[2023-08-24 13:27:13,702][DEBUG][main][o.h.t.d.s.s.DdlTypeRegistry-56] addDescriptor(2004, org.hibernate.type.descriptor.sql.internal.CapacityDependentDdlType@7b61b614) replaced previous registration(org.hibernate.type.descriptor.sql.internal.DdlTypeImpl@17e7fe9) - 4416
[2023-08-24 13:27:13,702][DEBUG][main][o.h.t.d.s.s.DdlTypeRegistry-56] addDescriptor(2005, org.hibernate.type.descriptor.sql.internal.CapacityDependentDdlType@6da50b8f) replaced previous registration(org.hibernate.type.descriptor.sql.internal.DdlTypeImpl@17f00930) - 4416
[2023-08-24 13:27:13,702][DEBUG][main][o.h.t.d.s.s.DdlTypeRegistry-56] addDescriptor(2011, org.hibernate.type.descriptor.sql.internal.CapacityDependentDdlType@6157dccc) replaced previous registration(org.hibernate.type.descriptor.sql.internal.DdlTypeImpl@13a47638) - 4416
[2023-08-24 13:28:24,482][DEBUG][main][o.h.t.d.s.s.DdlTypeRegistry-56] addDescriptor(12, org.hibernate.type.descriptor.sql.internal.CapacityDependentDdlType@19e578e9) replaced previous registration(org.hibernate.type.descriptor.sql.internal.CapacityDependentDdlType@6d2d7a55) - 4296
[2023-08-24 13:28:24,483][DEBUG][main][o.h.t.d.s.s.DdlTypeRegistry-56] addDescriptor(-9, org.hibernate.type.descriptor.sql.internal.CapacityDependentDdlType@590e0275) replaced previous registration(org.hibernate.type.descriptor.sql.internal.CapacityDependentDdlType@22a52fa8) - 4297
[2023-08-24 13:28:24,483][DEBUG][main][o.h.t.d.s.s.DdlTypeRegistry-56] addDescriptor(-3, org.hibernate.type.descriptor.sql.internal.CapacityDependentDdlType@10353925) replaced previous registration(org.hibernate.type.descriptor.sql.internal.CapacityDependentDdlType@164c06a4) - 4297
[2023-08-24 13:28:24,483][DEBUG][main][o.h.t.d.s.s.DdlTypeRegistry-56] addDescriptor(4003, org.hibernate.type.descriptor.sql.internal.DdlTypeImpl@3f78b3b2) replaced previous registration(org.hibernate.type.descriptor.sql.internal.DdlTypeImpl@34ab039a) - 4297
[2023-08-24 13:28:24,483][DEBUG][main][o.h.t.d.s.s.DdlTypeRegistry-56] addDescriptor(4001, org.hibernate.type.descriptor.sql.internal.DdlTypeImpl@d6ee83b) replaced previous registration(org.hibernate.type.descriptor.sql.internal.DdlTypeImpl@7b61b614) - 4297
[2023-08-24 13:28:24,484][DEBUG][main][o.h.t.d.s.s.DdlTypeRegistry-56] addDescriptor(4002, org.hibernate.type.descriptor.sql.internal.DdlTypeImpl@17e7fe9) replaced previous registration(org.hibernate.type.descriptor.sql.internal.DdlTypeImpl@6da50b8f) - 4298
[2023-08-24 13:28:24,484][DEBUG][main][o.h.t.d.s.s.DdlTypeRegistry-56] addDescriptor(2004, org.hibernate.type.descriptor.sql.internal.CapacityDependentDdlType@17f00930) replaced previous registration(org.hibernate.type.descriptor.sql.internal.DdlTypeImpl@6157dccc) - 4298
[2023-08-24 13:28:24,484][DEBUG][main][o.h.t.d.s.s.DdlTypeRegistry-56] addDescriptor(2005, org.hibernate.type.descriptor.sql.internal.CapacityDependentDdlType@13a47638) replaced previous registration(org.hibernate.type.descriptor.sql.internal.DdlTypeImpl@5698eeb0) - 4298
[2023-08-24 13:28:24,484][DEBUG][main][o.h.t.d.s.s.DdlTypeRegistry-56] addDescriptor(2011, org.hibernate.type.descriptor.sql.internal.CapacityDependentDdlType@4136d4da) replaced previous registration(org.hibernate.type.descriptor.sql.internal.DdlTypeImpl@1ed8d18c) - 4298
[2023-08-24 15:28:44,806][DEBUG][main][o.h.t.d.s.s.DdlTypeRegistry-56] addDescriptor(12, org.hibernate.type.descriptor.sql.internal.CapacityDependentDdlType@7c329d38) replaced previous registration(org.hibernate.type.descriptor.sql.internal.CapacityDependentDdlType@2a718598) - 4965
[2023-08-24 15:28:44,807][DEBUG][main][o.h.t.d.s.s.DdlTypeRegistry-56] addDescriptor(-9, org.hibernate.type.descriptor.sql.internal.CapacityDependentDdlType@57bc2c06) replaced previous registration(org.hibernate.type.descriptor.sql.internal.CapacityDependentDdlType@58554818) - 4966
[2023-08-24 15:28:44,807][DEBUG][main][o.h.t.d.s.s.DdlTypeRegistry-56] addDescriptor(-3, org.hibernate.type.descriptor.sql.internal.CapacityDependentDdlType@30e6c577) replaced previous registration(org.hibernate.type.descriptor.sql.internal.CapacityDependentDdlType@169ddbb6) - 4966
[2023-08-24 15:28:44,807][DEBUG][main][o.h.t.d.s.s.DdlTypeRegistry-56] addDescriptor(4003, org.hibernate.type.descriptor.sql.internal.DdlTypeImpl@20f7197f) replaced previous registration(org.hibernate.type.descriptor.sql.internal.DdlTypeImpl@521090f1) - 4966
[2023-08-24 15:28:44,808][DEBUG][main][o.h.t.d.s.s.DdlTypeRegistry-56] addDescriptor(4001, org.hibernate.type.descriptor.sql.internal.DdlTypeImpl@54db2ab9) replaced previous registration(org.hibernate.type.descriptor.sql.internal.DdlTypeImpl@2c630bff) - 4967
[2023-08-24 15:28:44,808][DEBUG][main][o.h.t.d.s.s.DdlTypeRegistry-56] addDescriptor(4002, org.hibernate.type.descriptor.sql.internal.DdlTypeImpl@3447c3ed) replaced previous registration(org.hibernate.type.descriptor.sql.internal.DdlTypeImpl@62065a8c) - 4967
[2023-08-24 15:28:44,808][DEBUG][main][o.h.t.d.s.s.DdlTypeRegistry-56] addDescriptor(2004, org.hibernate.type.descriptor.sql.internal.CapacityDependentDdlType@6f053a97) replaced previous registration(org.hibernate.type.descriptor.sql.internal.DdlTypeImpl@5b8de87b) - 4967
[2023-08-24 15:28:44,808][DEBUG][main][o.h.t.d.s.s.DdlTypeRegistry-56] addDescriptor(2005, org.hibernate.type.descriptor.sql.internal.CapacityDependentDdlType@515f104c) replaced previous registration(org.hibernate.type.descriptor.sql.internal.DdlTypeImpl@1dde2d1) - 4967
[2023-08-24 15:28:44,808][DEBUG][main][o.h.t.d.s.s.DdlTypeRegistry-56] addDescriptor(2011, org.hibernate.type.descriptor.sql.internal.CapacityDependentDdlType@47caa1ff) replaced previous registration(org.hibernate.type.descriptor.sql.internal.DdlTypeImpl@7330574d) - 4967
