[2023-08-25 14:59:29,030][DEBUG][main][o.h.t.d.s.s.DdlTypeRegistry-56] addDescriptor(12, org.hibernate.type.descriptor.sql.internal.CapacityDependentDdlType@7ee0a60a) replaced previous registration(org.hibernate.type.descriptor.sql.internal.CapacityDependentDdlType@19e578e9) - 4439
[2023-08-25 14:59:29,031][DEBUG][main][o.h.t.d.s.s.DdlTypeRegistry-56] addDescriptor(-9, org.hibernate.type.descriptor.sql.internal.CapacityDependentDdlType@6d2d7a55) replaced previous registration(org.hibernate.type.descriptor.sql.internal.CapacityDependentDdlType@590e0275) - 4440
[2023-08-25 14:59:29,031][DEBUG][main][o.h.t.d.s.s.DdlTypeRegistry-56] addDescriptor(-3, org.hibernate.type.descriptor.sql.internal.CapacityDependentDdlType@22a52fa8) replaced previous registration(org.hibernate.type.descriptor.sql.internal.CapacityDependentDdlType@10353925) - 4440
[2023-08-25 14:59:29,031][DEBUG][main][o.h.t.d.s.s.DdlTypeRegistry-56] addDescriptor(4003, org.hibernate.type.descriptor.sql.internal.DdlTypeImpl@164c06a4) replaced previous registration(org.hibernate.type.descriptor.sql.internal.DdlTypeImpl@3f78b3b2) - 4440
[2023-08-25 14:59:29,031][DEBUG][main][o.h.t.d.s.s.DdlTypeRegistry-56] addDescriptor(4001, org.hibernate.type.descriptor.sql.internal.DdlTypeImpl@34ab039a) replaced previous registration(org.hibernate.type.descriptor.sql.internal.DdlTypeImpl@d6ee83b) - 4440
[2023-08-25 14:59:29,032][DEBUG][main][o.h.t.d.s.s.DdlTypeRegistry-56] addDescriptor(4002, org.hibernate.type.descriptor.sql.internal.DdlTypeImpl@7b61b614) replaced previous registration(org.hibernate.type.descriptor.sql.internal.DdlTypeImpl@17e7fe9) - 4441
[2023-08-25 14:59:29,032][DEBUG][main][o.h.t.d.s.s.DdlTypeRegistry-56] addDescriptor(2004, org.hibernate.type.descriptor.sql.internal.CapacityDependentDdlType@6da50b8f) replaced previous registration(org.hibernate.type.descriptor.sql.internal.DdlTypeImpl@17f00930) - 4441
[2023-08-25 14:59:29,032][DEBUG][main][o.h.t.d.s.s.DdlTypeRegistry-56] addDescriptor(2005, org.hibernate.type.descriptor.sql.internal.CapacityDependentDdlType@6157dccc) replaced previous registration(org.hibernate.type.descriptor.sql.internal.DdlTypeImpl@13a47638) - 4441
[2023-08-25 14:59:29,032][DEBUG][main][o.h.t.d.s.s.DdlTypeRegistry-56] addDescriptor(2011, org.hibernate.type.descriptor.sql.internal.CapacityDependentDdlType@5698eeb0) replaced previous registration(org.hibernate.type.descriptor.sql.internal.DdlTypeImpl@4136d4da) - 4441
[2023-08-25 15:01:00,944][DEBUG][main][o.h.t.d.s.s.DdlTypeRegistry-56] addDescriptor(12, org.hibernate.type.descriptor.sql.internal.CapacityDependentDdlType@7ee0a60a) replaced previous registration(org.hibernate.type.descriptor.sql.internal.CapacityDependentDdlType@19e578e9) - 4385
[2023-08-25 15:01:00,944][DEBUG][main][o.h.t.d.s.s.DdlTypeRegistry-56] addDescriptor(-9, org.hibernate.type.descriptor.sql.internal.CapacityDependentDdlType@6d2d7a55) replaced previous registration(org.hibernate.type.descriptor.sql.internal.CapacityDependentDdlType@590e0275) - 4385
[2023-08-25 15:01:00,944][DEBUG][main][o.h.t.d.s.s.DdlTypeRegistry-56] addDescriptor(-3, org.hibernate.type.descriptor.sql.internal.CapacityDependentDdlType@22a52fa8) replaced previous registration(org.hibernate.type.descriptor.sql.internal.CapacityDependentDdlType@10353925) - 4385
[2023-08-25 15:01:00,945][DEBUG][main][o.h.t.d.s.s.DdlTypeRegistry-56] addDescriptor(4003, org.hibernate.type.descriptor.sql.internal.DdlTypeImpl@164c06a4) replaced previous registration(org.hibernate.type.descriptor.sql.internal.DdlTypeImpl@3f78b3b2) - 4386
[2023-08-25 15:01:00,945][DEBUG][main][o.h.t.d.s.s.DdlTypeRegistry-56] addDescriptor(4001, org.hibernate.type.descriptor.sql.internal.DdlTypeImpl@34ab039a) replaced previous registration(org.hibernate.type.descriptor.sql.internal.DdlTypeImpl@d6ee83b) - 4386
[2023-08-25 15:01:00,945][DEBUG][main][o.h.t.d.s.s.DdlTypeRegistry-56] addDescriptor(4002, org.hibernate.type.descriptor.sql.internal.DdlTypeImpl@7b61b614) replaced previous registration(org.hibernate.type.descriptor.sql.internal.DdlTypeImpl@17e7fe9) - 4386
[2023-08-25 15:01:00,945][DEBUG][main][o.h.t.d.s.s.DdlTypeRegistry-56] addDescriptor(2004, org.hibernate.type.descriptor.sql.internal.CapacityDependentDdlType@6da50b8f) replaced previous registration(org.hibernate.type.descriptor.sql.internal.DdlTypeImpl@17f00930) - 4386
[2023-08-25 15:01:00,945][DEBUG][main][o.h.t.d.s.s.DdlTypeRegistry-56] addDescriptor(2005, org.hibernate.type.descriptor.sql.internal.CapacityDependentDdlType@6157dccc) replaced previous registration(org.hibernate.type.descriptor.sql.internal.DdlTypeImpl@13a47638) - 4386
[2023-08-25 15:01:00,946][DEBUG][main][o.h.t.d.s.s.DdlTypeRegistry-56] addDescriptor(2011, org.hibernate.type.descriptor.sql.internal.CapacityDependentDdlType@5698eeb0) replaced previous registration(org.hibernate.type.descriptor.sql.internal.DdlTypeImpl@4136d4da) - 4387
[2023-08-25 15:02:06,190][DEBUG][main][o.h.t.d.s.s.DdlTypeRegistry-56] addDescriptor(12, org.hibernate.type.descriptor.sql.internal.CapacityDependentDdlType@7ee0a60a) replaced previous registration(org.hibernate.type.descriptor.sql.internal.CapacityDependentDdlType@19e578e9) - 4454
[2023-08-25 15:02:06,191][DEBUG][main][o.h.t.d.s.s.DdlTypeRegistry-56] addDescriptor(-9, org.hibernate.type.descriptor.sql.internal.CapacityDependentDdlType@6d2d7a55) replaced previous registration(org.hibernate.type.descriptor.sql.internal.CapacityDependentDdlType@590e0275) - 4455
[2023-08-25 15:02:06,191][DEBUG][main][o.h.t.d.s.s.DdlTypeRegistry-56] addDescriptor(-3, org.hibernate.type.descriptor.sql.internal.CapacityDependentDdlType@22a52fa8) replaced previous registration(org.hibernate.type.descriptor.sql.internal.CapacityDependentDdlType@10353925) - 4455
[2023-08-25 15:02:06,192][DEBUG][main][o.h.t.d.s.s.DdlTypeRegistry-56] addDescriptor(4003, org.hibernate.type.descriptor.sql.internal.DdlTypeImpl@164c06a4) replaced previous registration(org.hibernate.type.descriptor.sql.internal.DdlTypeImpl@3f78b3b2) - 4456
[2023-08-25 15:02:06,192][DEBUG][main][o.h.t.d.s.s.DdlTypeRegistry-56] addDescriptor(4001, org.hibernate.type.descriptor.sql.internal.DdlTypeImpl@34ab039a) replaced previous registration(org.hibernate.type.descriptor.sql.internal.DdlTypeImpl@d6ee83b) - 4456
[2023-08-25 15:02:06,192][DEBUG][main][o.h.t.d.s.s.DdlTypeRegistry-56] addDescriptor(4002, org.hibernate.type.descriptor.sql.internal.DdlTypeImpl@7b61b614) replaced previous registration(org.hibernate.type.descriptor.sql.internal.DdlTypeImpl@17e7fe9) - 4456
[2023-08-25 15:02:06,192][DEBUG][main][o.h.t.d.s.s.DdlTypeRegistry-56] addDescriptor(2004, org.hibernate.type.descriptor.sql.internal.CapacityDependentDdlType@6da50b8f) replaced previous registration(org.hibernate.type.descriptor.sql.internal.DdlTypeImpl@17f00930) - 4456
[2023-08-25 15:02:06,192][DEBUG][main][o.h.t.d.s.s.DdlTypeRegistry-56] addDescriptor(2005, org.hibernate.type.descriptor.sql.internal.CapacityDependentDdlType@6157dccc) replaced previous registration(org.hibernate.type.descriptor.sql.internal.DdlTypeImpl@13a47638) - 4456
[2023-08-25 15:02:06,193][DEBUG][main][o.h.t.d.s.s.DdlTypeRegistry-56] addDescriptor(2011, org.hibernate.type.descriptor.sql.internal.CapacityDependentDdlType@5698eeb0) replaced previous registration(org.hibernate.type.descriptor.sql.internal.DdlTypeImpl@4136d4da) - 4457
[2023-08-25 15:06:31,319][DEBUG][main][o.h.t.d.s.s.DdlTypeRegistry-56] addDescriptor(12, org.hibernate.type.descriptor.sql.internal.CapacityDependentDdlType@357a530c) replaced previous registration(org.hibernate.type.descriptor.sql.internal.CapacityDependentDdlType@5a95c52d) - 4489
[2023-08-25 15:06:31,320][DEBUG][main][o.h.t.d.s.s.DdlTypeRegistry-56] addDescriptor(-9, org.hibernate.type.descriptor.sql.internal.CapacityDependentDdlType@16c44a77) replaced previous registration(org.hibernate.type.descriptor.sql.internal.CapacityDependentDdlType@7ee0a60a) - 4490
[2023-08-25 15:06:31,320][DEBUG][main][o.h.t.d.s.s.DdlTypeRegistry-56] addDescriptor(-3, org.hibernate.type.descriptor.sql.internal.CapacityDependentDdlType@19e578e9) replaced previous registration(org.hibernate.type.descriptor.sql.internal.CapacityDependentDdlType@6d2d7a55) - 4490
[2023-08-25 15:06:31,320][DEBUG][main][o.h.t.d.s.s.DdlTypeRegistry-56] addDescriptor(4003, org.hibernate.type.descriptor.sql.internal.DdlTypeImpl@590e0275) replaced previous registration(org.hibernate.type.descriptor.sql.internal.DdlTypeImpl@22a52fa8) - 4490
[2023-08-25 15:06:31,321][DEBUG][main][o.h.t.d.s.s.DdlTypeRegistry-56] addDescriptor(4001, org.hibernate.type.descriptor.sql.internal.DdlTypeImpl@10353925) replaced previous registration(org.hibernate.type.descriptor.sql.internal.DdlTypeImpl@164c06a4) - 4491
[2023-08-25 15:06:31,321][DEBUG][main][o.h.t.d.s.s.DdlTypeRegistry-56] addDescriptor(4002, org.hibernate.type.descriptor.sql.internal.DdlTypeImpl@3f78b3b2) replaced previous registration(org.hibernate.type.descriptor.sql.internal.DdlTypeImpl@34ab039a) - 4491
[2023-08-25 15:06:31,321][DEBUG][main][o.h.t.d.s.s.DdlTypeRegistry-56] addDescriptor(2004, org.hibernate.type.descriptor.sql.internal.CapacityDependentDdlType@d6ee83b) replaced previous registration(org.hibernate.type.descriptor.sql.internal.DdlTypeImpl@7b61b614) - 4491
[2023-08-25 15:06:31,321][DEBUG][main][o.h.t.d.s.s.DdlTypeRegistry-56] addDescriptor(2005, org.hibernate.type.descriptor.sql.internal.CapacityDependentDdlType@17e7fe9) replaced previous registration(org.hibernate.type.descriptor.sql.internal.DdlTypeImpl@6da50b8f) - 4491
[2023-08-25 15:06:31,321][DEBUG][main][o.h.t.d.s.s.DdlTypeRegistry-56] addDescriptor(2011, org.hibernate.type.descriptor.sql.internal.CapacityDependentDdlType@17f00930) replaced previous registration(org.hibernate.type.descriptor.sql.internal.DdlTypeImpl@6157dccc) - 4491
[2023-08-25 15:07:49,346][DEBUG][main][o.h.t.d.s.s.DdlTypeRegistry-56] addDescriptor(12, org.hibernate.type.descriptor.sql.internal.CapacityDependentDdlType@7ee0a60a) replaced previous registration(org.hibernate.type.descriptor.sql.internal.CapacityDependentDdlType@19e578e9) - 4260
[2023-08-25 15:07:49,347][DEBUG][main][o.h.t.d.s.s.DdlTypeRegistry-56] addDescriptor(-9, org.hibernate.type.descriptor.sql.internal.CapacityDependentDdlType@6d2d7a55) replaced previous registration(org.hibernate.type.descriptor.sql.internal.CapacityDependentDdlType@590e0275) - 4261
[2023-08-25 15:07:49,348][DEBUG][main][o.h.t.d.s.s.DdlTypeRegistry-56] addDescriptor(-3, org.hibernate.type.descriptor.sql.internal.CapacityDependentDdlType@22a52fa8) replaced previous registration(org.hibernate.type.descriptor.sql.internal.CapacityDependentDdlType@10353925) - 4262
[2023-08-25 15:07:49,348][DEBUG][main][o.h.t.d.s.s.DdlTypeRegistry-56] addDescriptor(4003, org.hibernate.type.descriptor.sql.internal.DdlTypeImpl@164c06a4) replaced previous registration(org.hibernate.type.descriptor.sql.internal.DdlTypeImpl@3f78b3b2) - 4262
[2023-08-25 15:07:49,348][DEBUG][main][o.h.t.d.s.s.DdlTypeRegistry-56] addDescriptor(4001, org.hibernate.type.descriptor.sql.internal.DdlTypeImpl@34ab039a) replaced previous registration(org.hibernate.type.descriptor.sql.internal.DdlTypeImpl@d6ee83b) - 4262
[2023-08-25 15:07:49,348][DEBUG][main][o.h.t.d.s.s.DdlTypeRegistry-56] addDescriptor(4002, org.hibernate.type.descriptor.sql.internal.DdlTypeImpl@7b61b614) replaced previous registration(org.hibernate.type.descriptor.sql.internal.DdlTypeImpl@17e7fe9) - 4262
[2023-08-25 15:07:49,348][DEBUG][main][o.h.t.d.s.s.DdlTypeRegistry-56] addDescriptor(2004, org.hibernate.type.descriptor.sql.internal.CapacityDependentDdlType@6da50b8f) replaced previous registration(org.hibernate.type.descriptor.sql.internal.DdlTypeImpl@17f00930) - 4262
[2023-08-25 15:07:49,349][DEBUG][main][o.h.t.d.s.s.DdlTypeRegistry-56] addDescriptor(2005, org.hibernate.type.descriptor.sql.internal.CapacityDependentDdlType@6157dccc) replaced previous registration(org.hibernate.type.descriptor.sql.internal.DdlTypeImpl@13a47638) - 4263
[2023-08-25 15:07:49,349][DEBUG][main][o.h.t.d.s.s.DdlTypeRegistry-56] addDescriptor(2011, org.hibernate.type.descriptor.sql.internal.CapacityDependentDdlType@5698eeb0) replaced previous registration(org.hibernate.type.descriptor.sql.internal.DdlTypeImpl@4136d4da) - 4263
[2023-08-25 15:20:28,526][DEBUG][main][o.h.t.d.s.s.DdlTypeRegistry-56] addDescriptor(12, org.hibernate.type.descriptor.sql.internal.CapacityDependentDdlType@7ee0a60a) replaced previous registration(org.hibernate.type.descriptor.sql.internal.CapacityDependentDdlType@19e578e9) - 4569
[2023-08-25 15:20:28,527][DEBUG][main][o.h.t.d.s.s.DdlTypeRegistry-56] addDescriptor(-9, org.hibernate.type.descriptor.sql.internal.CapacityDependentDdlType@6d2d7a55) replaced previous registration(org.hibernate.type.descriptor.sql.internal.CapacityDependentDdlType@590e0275) - 4570
[2023-08-25 15:20:28,528][DEBUG][main][o.h.t.d.s.s.DdlTypeRegistry-56] addDescriptor(-3, org.hibernate.type.descriptor.sql.internal.CapacityDependentDdlType@22a52fa8) replaced previous registration(org.hibernate.type.descriptor.sql.internal.CapacityDependentDdlType@10353925) - 4571
[2023-08-25 15:20:28,528][DEBUG][main][o.h.t.d.s.s.DdlTypeRegistry-56] addDescriptor(4003, org.hibernate.type.descriptor.sql.internal.DdlTypeImpl@164c06a4) replaced previous registration(org.hibernate.type.descriptor.sql.internal.DdlTypeImpl@3f78b3b2) - 4571
[2023-08-25 15:20:28,528][DEBUG][main][o.h.t.d.s.s.DdlTypeRegistry-56] addDescriptor(4001, org.hibernate.type.descriptor.sql.internal.DdlTypeImpl@34ab039a) replaced previous registration(org.hibernate.type.descriptor.sql.internal.DdlTypeImpl@d6ee83b) - 4571
[2023-08-25 15:20:28,529][DEBUG][main][o.h.t.d.s.s.DdlTypeRegistry-56] addDescriptor(4002, org.hibernate.type.descriptor.sql.internal.DdlTypeImpl@7b61b614) replaced previous registration(org.hibernate.type.descriptor.sql.internal.DdlTypeImpl@17e7fe9) - 4572
[2023-08-25 15:20:28,529][DEBUG][main][o.h.t.d.s.s.DdlTypeRegistry-56] addDescriptor(2004, org.hibernate.type.descriptor.sql.internal.CapacityDependentDdlType@6da50b8f) replaced previous registration(org.hibernate.type.descriptor.sql.internal.DdlTypeImpl@17f00930) - 4572
[2023-08-25 15:20:28,529][DEBUG][main][o.h.t.d.s.s.DdlTypeRegistry-56] addDescriptor(2005, org.hibernate.type.descriptor.sql.internal.CapacityDependentDdlType@6157dccc) replaced previous registration(org.hibernate.type.descriptor.sql.internal.DdlTypeImpl@13a47638) - 4572
[2023-08-25 15:20:28,529][DEBUG][main][o.h.t.d.s.s.DdlTypeRegistry-56] addDescriptor(2011, org.hibernate.type.descriptor.sql.internal.CapacityDependentDdlType@5698eeb0) replaced previous registration(org.hibernate.type.descriptor.sql.internal.DdlTypeImpl@4136d4da) - 4572
[2023-08-25 15:22:44,276][DEBUG][main][o.h.t.d.s.s.DdlTypeRegistry-56] addDescriptor(12, org.hibernate.type.descriptor.sql.internal.CapacityDependentDdlType@5a95c52d) replaced previous registration(org.hibernate.type.descriptor.sql.internal.CapacityDependentDdlType@16c44a77) - 4365
[2023-08-25 15:22:44,277][DEBUG][main][o.h.t.d.s.s.DdlTypeRegistry-56] addDescriptor(-9, org.hibernate.type.descriptor.sql.internal.CapacityDependentDdlType@7ee0a60a) replaced previous registration(org.hibernate.type.descriptor.sql.internal.CapacityDependentDdlType@19e578e9) - 4366
[2023-08-25 15:22:44,277][DEBUG][main][o.h.t.d.s.s.DdlTypeRegistry-56] addDescriptor(-3, org.hibernate.type.descriptor.sql.internal.CapacityDependentDdlType@6d2d7a55) replaced previous registration(org.hibernate.type.descriptor.sql.internal.CapacityDependentDdlType@590e0275) - 4366
[2023-08-25 15:22:44,277][DEBUG][main][o.h.t.d.s.s.DdlTypeRegistry-56] addDescriptor(4003, org.hibernate.type.descriptor.sql.internal.DdlTypeImpl@22a52fa8) replaced previous registration(org.hibernate.type.descriptor.sql.internal.DdlTypeImpl@10353925) - 4366
[2023-08-25 15:22:44,278][DEBUG][main][o.h.t.d.s.s.DdlTypeRegistry-56] addDescriptor(4001, org.hibernate.type.descriptor.sql.internal.DdlTypeImpl@164c06a4) replaced previous registration(org.hibernate.type.descriptor.sql.internal.DdlTypeImpl@3f78b3b2) - 4367
[2023-08-25 15:22:44,278][DEBUG][main][o.h.t.d.s.s.DdlTypeRegistry-56] addDescriptor(4002, org.hibernate.type.descriptor.sql.internal.DdlTypeImpl@34ab039a) replaced previous registration(org.hibernate.type.descriptor.sql.internal.DdlTypeImpl@d6ee83b) - 4367
[2023-08-25 15:22:44,278][DEBUG][main][o.h.t.d.s.s.DdlTypeRegistry-56] addDescriptor(2004, org.hibernate.type.descriptor.sql.internal.CapacityDependentDdlType@7b61b614) replaced previous registration(org.hibernate.type.descriptor.sql.internal.DdlTypeImpl@17e7fe9) - 4367
[2023-08-25 15:22:44,278][DEBUG][main][o.h.t.d.s.s.DdlTypeRegistry-56] addDescriptor(2005, org.hibernate.type.descriptor.sql.internal.CapacityDependentDdlType@6da50b8f) replaced previous registration(org.hibernate.type.descriptor.sql.internal.DdlTypeImpl@17f00930) - 4367
[2023-08-25 15:22:44,279][DEBUG][main][o.h.t.d.s.s.DdlTypeRegistry-56] addDescriptor(2011, org.hibernate.type.descriptor.sql.internal.CapacityDependentDdlType@6157dccc) replaced previous registration(org.hibernate.type.descriptor.sql.internal.DdlTypeImpl@13a47638) - 4368
[2023-08-25 15:24:00,732][DEBUG][main][o.h.t.d.s.s.DdlTypeRegistry-56] addDescriptor(12, org.hibernate.type.descriptor.sql.internal.CapacityDependentDdlType@357a530c) replaced previous registration(org.hibernate.type.descriptor.sql.internal.CapacityDependentDdlType@5a95c52d) - 4310
[2023-08-25 15:24:00,733][DEBUG][main][o.h.t.d.s.s.DdlTypeRegistry-56] addDescriptor(-9, org.hibernate.type.descriptor.sql.internal.CapacityDependentDdlType@16c44a77) replaced previous registration(org.hibernate.type.descriptor.sql.internal.CapacityDependentDdlType@7ee0a60a) - 4311
[2023-08-25 15:24:00,733][DEBUG][main][o.h.t.d.s.s.DdlTypeRegistry-56] addDescriptor(-3, org.hibernate.type.descriptor.sql.internal.CapacityDependentDdlType@19e578e9) replaced previous registration(org.hibernate.type.descriptor.sql.internal.CapacityDependentDdlType@6d2d7a55) - 4311
[2023-08-25 15:24:00,733][DEBUG][main][o.h.t.d.s.s.DdlTypeRegistry-56] addDescriptor(4003, org.hibernate.type.descriptor.sql.internal.DdlTypeImpl@590e0275) replaced previous registration(org.hibernate.type.descriptor.sql.internal.DdlTypeImpl@22a52fa8) - 4311
[2023-08-25 15:24:00,733][DEBUG][main][o.h.t.d.s.s.DdlTypeRegistry-56] addDescriptor(4001, org.hibernate.type.descriptor.sql.internal.DdlTypeImpl@10353925) replaced previous registration(org.hibernate.type.descriptor.sql.internal.DdlTypeImpl@164c06a4) - 4311
[2023-08-25 15:24:00,733][DEBUG][main][o.h.t.d.s.s.DdlTypeRegistry-56] addDescriptor(4002, org.hibernate.type.descriptor.sql.internal.DdlTypeImpl@3f78b3b2) replaced previous registration(org.hibernate.type.descriptor.sql.internal.DdlTypeImpl@34ab039a) - 4311
[2023-08-25 15:24:00,734][DEBUG][main][o.h.t.d.s.s.DdlTypeRegistry-56] addDescriptor(2004, org.hibernate.type.descriptor.sql.internal.CapacityDependentDdlType@d6ee83b) replaced previous registration(org.hibernate.type.descriptor.sql.internal.DdlTypeImpl@7b61b614) - 4312
[2023-08-25 15:24:00,734][DEBUG][main][o.h.t.d.s.s.DdlTypeRegistry-56] addDescriptor(2005, org.hibernate.type.descriptor.sql.internal.CapacityDependentDdlType@17e7fe9) replaced previous registration(org.hibernate.type.descriptor.sql.internal.DdlTypeImpl@6da50b8f) - 4312
[2023-08-25 15:24:00,734][DEBUG][main][o.h.t.d.s.s.DdlTypeRegistry-56] addDescriptor(2011, org.hibernate.type.descriptor.sql.internal.CapacityDependentDdlType@17f00930) replaced previous registration(org.hibernate.type.descriptor.sql.internal.DdlTypeImpl@6157dccc) - 4312
[2023-08-25 15:28:44,586][DEBUG][main][o.h.t.d.s.s.DdlTypeRegistry-56] addDescriptor(12, org.hibernate.type.descriptor.sql.internal.CapacityDependentDdlType@7ee0a60a) replaced previous registration(org.hibernate.type.descriptor.sql.internal.CapacityDependentDdlType@19e578e9) - 4387
[2023-08-25 15:28:44,586][DEBUG][main][o.h.t.d.s.s.DdlTypeRegistry-56] addDescriptor(-9, org.hibernate.type.descriptor.sql.internal.CapacityDependentDdlType@6d2d7a55) replaced previous registration(org.hibernate.type.descriptor.sql.internal.CapacityDependentDdlType@590e0275) - 4387
[2023-08-25 15:28:44,587][DEBUG][main][o.h.t.d.s.s.DdlTypeRegistry-56] addDescriptor(-3, org.hibernate.type.descriptor.sql.internal.CapacityDependentDdlType@22a52fa8) replaced previous registration(org.hibernate.type.descriptor.sql.internal.CapacityDependentDdlType@10353925) - 4388
[2023-08-25 15:28:44,587][DEBUG][main][o.h.t.d.s.s.DdlTypeRegistry-56] addDescriptor(4003, org.hibernate.type.descriptor.sql.internal.DdlTypeImpl@164c06a4) replaced previous registration(org.hibernate.type.descriptor.sql.internal.DdlTypeImpl@3f78b3b2) - 4388
[2023-08-25 15:28:44,587][DEBUG][main][o.h.t.d.s.s.DdlTypeRegistry-56] addDescriptor(4001, org.hibernate.type.descriptor.sql.internal.DdlTypeImpl@34ab039a) replaced previous registration(org.hibernate.type.descriptor.sql.internal.DdlTypeImpl@d6ee83b) - 4388
[2023-08-25 15:28:44,587][DEBUG][main][o.h.t.d.s.s.DdlTypeRegistry-56] addDescriptor(4002, org.hibernate.type.descriptor.sql.internal.DdlTypeImpl@7b61b614) replaced previous registration(org.hibernate.type.descriptor.sql.internal.DdlTypeImpl@17e7fe9) - 4388
[2023-08-25 15:28:44,587][DEBUG][main][o.h.t.d.s.s.DdlTypeRegistry-56] addDescriptor(2004, org.hibernate.type.descriptor.sql.internal.CapacityDependentDdlType@6da50b8f) replaced previous registration(org.hibernate.type.descriptor.sql.internal.DdlTypeImpl@17f00930) - 4388
[2023-08-25 15:28:44,588][DEBUG][main][o.h.t.d.s.s.DdlTypeRegistry-56] addDescriptor(2005, org.hibernate.type.descriptor.sql.internal.CapacityDependentDdlType@6157dccc) replaced previous registration(org.hibernate.type.descriptor.sql.internal.DdlTypeImpl@13a47638) - 4389
[2023-08-25 15:28:44,588][DEBUG][main][o.h.t.d.s.s.DdlTypeRegistry-56] addDescriptor(2011, org.hibernate.type.descriptor.sql.internal.CapacityDependentDdlType@5698eeb0) replaced previous registration(org.hibernate.type.descriptor.sql.internal.DdlTypeImpl@4136d4da) - 4389
[2023-08-25 15:29:55,314][DEBUG][main][o.h.t.d.s.s.DdlTypeRegistry-56] addDescriptor(12, org.hibernate.type.descriptor.sql.internal.CapacityDependentDdlType@7ee0a60a) replaced previous registration(org.hibernate.type.descriptor.sql.internal.CapacityDependentDdlType@19e578e9) - 4323
[2023-08-25 15:29:55,315][DEBUG][main][o.h.t.d.s.s.DdlTypeRegistry-56] addDescriptor(-9, org.hibernate.type.descriptor.sql.internal.CapacityDependentDdlType@6d2d7a55) replaced previous registration(org.hibernate.type.descriptor.sql.internal.CapacityDependentDdlType@590e0275) - 4324
[2023-08-25 15:29:55,315][DEBUG][main][o.h.t.d.s.s.DdlTypeRegistry-56] addDescriptor(-3, org.hibernate.type.descriptor.sql.internal.CapacityDependentDdlType@22a52fa8) replaced previous registration(org.hibernate.type.descriptor.sql.internal.CapacityDependentDdlType@10353925) - 4324
[2023-08-25 15:29:55,315][DEBUG][main][o.h.t.d.s.s.DdlTypeRegistry-56] addDescriptor(4003, org.hibernate.type.descriptor.sql.internal.DdlTypeImpl@164c06a4) replaced previous registration(org.hibernate.type.descriptor.sql.internal.DdlTypeImpl@3f78b3b2) - 4324
[2023-08-25 15:29:55,315][DEBUG][main][o.h.t.d.s.s.DdlTypeRegistry-56] addDescriptor(4001, org.hibernate.type.descriptor.sql.internal.DdlTypeImpl@34ab039a) replaced previous registration(org.hibernate.type.descriptor.sql.internal.DdlTypeImpl@d6ee83b) - 4324
[2023-08-25 15:29:55,315][DEBUG][main][o.h.t.d.s.s.DdlTypeRegistry-56] addDescriptor(4002, org.hibernate.type.descriptor.sql.internal.DdlTypeImpl@7b61b614) replaced previous registration(org.hibernate.type.descriptor.sql.internal.DdlTypeImpl@17e7fe9) - 4324
[2023-08-25 15:29:55,316][DEBUG][main][o.h.t.d.s.s.DdlTypeRegistry-56] addDescriptor(2004, org.hibernate.type.descriptor.sql.internal.CapacityDependentDdlType@6da50b8f) replaced previous registration(org.hibernate.type.descriptor.sql.internal.DdlTypeImpl@17f00930) - 4325
[2023-08-25 15:29:55,316][DEBUG][main][o.h.t.d.s.s.DdlTypeRegistry-56] addDescriptor(2005, org.hibernate.type.descriptor.sql.internal.CapacityDependentDdlType@6157dccc) replaced previous registration(org.hibernate.type.descriptor.sql.internal.DdlTypeImpl@13a47638) - 4325
[2023-08-25 15:29:55,316][DEBUG][main][o.h.t.d.s.s.DdlTypeRegistry-56] addDescriptor(2011, org.hibernate.type.descriptor.sql.internal.CapacityDependentDdlType@5698eeb0) replaced previous registration(org.hibernate.type.descriptor.sql.internal.DdlTypeImpl@4136d4da) - 4325
[2023-08-25 15:32:30,764][DEBUG][main][o.h.t.d.s.s.DdlTypeRegistry-56] addDescriptor(12, org.hibernate.type.descriptor.sql.internal.CapacityDependentDdlType@7ee0a60a) replaced previous registration(org.hibernate.type.descriptor.sql.internal.CapacityDependentDdlType@19e578e9) - 4826
[2023-08-25 15:32:30,764][DEBUG][main][o.h.t.d.s.s.DdlTypeRegistry-56] addDescriptor(-9, org.hibernate.type.descriptor.sql.internal.CapacityDependentDdlType@6d2d7a55) replaced previous registration(org.hibernate.type.descriptor.sql.internal.CapacityDependentDdlType@590e0275) - 4826
[2023-08-25 15:32:30,764][DEBUG][main][o.h.t.d.s.s.DdlTypeRegistry-56] addDescriptor(-3, org.hibernate.type.descriptor.sql.internal.CapacityDependentDdlType@22a52fa8) replaced previous registration(org.hibernate.type.descriptor.sql.internal.CapacityDependentDdlType@10353925) - 4826
[2023-08-25 15:32:30,765][DEBUG][main][o.h.t.d.s.s.DdlTypeRegistry-56] addDescriptor(4003, org.hibernate.type.descriptor.sql.internal.DdlTypeImpl@164c06a4) replaced previous registration(org.hibernate.type.descriptor.sql.internal.DdlTypeImpl@3f78b3b2) - 4827
[2023-08-25 15:32:30,765][DEBUG][main][o.h.t.d.s.s.DdlTypeRegistry-56] addDescriptor(4001, org.hibernate.type.descriptor.sql.internal.DdlTypeImpl@34ab039a) replaced previous registration(org.hibernate.type.descriptor.sql.internal.DdlTypeImpl@d6ee83b) - 4827
[2023-08-25 15:32:30,765][DEBUG][main][o.h.t.d.s.s.DdlTypeRegistry-56] addDescriptor(4002, org.hibernate.type.descriptor.sql.internal.DdlTypeImpl@7b61b614) replaced previous registration(org.hibernate.type.descriptor.sql.internal.DdlTypeImpl@17e7fe9) - 4827
[2023-08-25 15:32:30,765][DEBUG][main][o.h.t.d.s.s.DdlTypeRegistry-56] addDescriptor(2004, org.hibernate.type.descriptor.sql.internal.CapacityDependentDdlType@6da50b8f) replaced previous registration(org.hibernate.type.descriptor.sql.internal.DdlTypeImpl@17f00930) - 4827
[2023-08-25 15:32:30,765][DEBUG][main][o.h.t.d.s.s.DdlTypeRegistry-56] addDescriptor(2005, org.hibernate.type.descriptor.sql.internal.CapacityDependentDdlType@6157dccc) replaced previous registration(org.hibernate.type.descriptor.sql.internal.DdlTypeImpl@13a47638) - 4827
[2023-08-25 15:32:30,766][DEBUG][main][o.h.t.d.s.s.DdlTypeRegistry-56] addDescriptor(2011, org.hibernate.type.descriptor.sql.internal.CapacityDependentDdlType@5698eeb0) replaced previous registration(org.hibernate.type.descriptor.sql.internal.DdlTypeImpl@4136d4da) - 4828
[2023-08-25 15:33:11,601][DEBUG][main][o.h.t.d.s.s.DdlTypeRegistry-56] addDescriptor(12, org.hibernate.type.descriptor.sql.internal.CapacityDependentDdlType@357a530c) replaced previous registration(org.hibernate.type.descriptor.sql.internal.CapacityDependentDdlType@5a95c52d) - 4528
[2023-08-25 15:33:11,601][DEBUG][main][o.h.t.d.s.s.DdlTypeRegistry-56] addDescriptor(-9, org.hibernate.type.descriptor.sql.internal.CapacityDependentDdlType@16c44a77) replaced previous registration(org.hibernate.type.descriptor.sql.internal.CapacityDependentDdlType@7ee0a60a) - 4528
[2023-08-25 15:33:11,601][DEBUG][main][o.h.t.d.s.s.DdlTypeRegistry-56] addDescriptor(-3, org.hibernate.type.descriptor.sql.internal.CapacityDependentDdlType@19e578e9) replaced previous registration(org.hibernate.type.descriptor.sql.internal.CapacityDependentDdlType@6d2d7a55) - 4528
[2023-08-25 15:33:11,602][DEBUG][main][o.h.t.d.s.s.DdlTypeRegistry-56] addDescriptor(4003, org.hibernate.type.descriptor.sql.internal.DdlTypeImpl@590e0275) replaced previous registration(org.hibernate.type.descriptor.sql.internal.DdlTypeImpl@22a52fa8) - 4529
[2023-08-25 15:33:11,602][DEBUG][main][o.h.t.d.s.s.DdlTypeRegistry-56] addDescriptor(4001, org.hibernate.type.descriptor.sql.internal.DdlTypeImpl@10353925) replaced previous registration(org.hibernate.type.descriptor.sql.internal.DdlTypeImpl@164c06a4) - 4529
[2023-08-25 15:33:11,602][DEBUG][main][o.h.t.d.s.s.DdlTypeRegistry-56] addDescriptor(4002, org.hibernate.type.descriptor.sql.internal.DdlTypeImpl@3f78b3b2) replaced previous registration(org.hibernate.type.descriptor.sql.internal.DdlTypeImpl@34ab039a) - 4529
[2023-08-25 15:33:11,602][DEBUG][main][o.h.t.d.s.s.DdlTypeRegistry-56] addDescriptor(2004, org.hibernate.type.descriptor.sql.internal.CapacityDependentDdlType@d6ee83b) replaced previous registration(org.hibernate.type.descriptor.sql.internal.DdlTypeImpl@7b61b614) - 4529
[2023-08-25 15:33:11,603][DEBUG][main][o.h.t.d.s.s.DdlTypeRegistry-56] addDescriptor(2005, org.hibernate.type.descriptor.sql.internal.CapacityDependentDdlType@17e7fe9) replaced previous registration(org.hibernate.type.descriptor.sql.internal.DdlTypeImpl@6da50b8f) - 4530
[2023-08-25 15:33:11,603][DEBUG][main][o.h.t.d.s.s.DdlTypeRegistry-56] addDescriptor(2011, org.hibernate.type.descriptor.sql.internal.CapacityDependentDdlType@17f00930) replaced previous registration(org.hibernate.type.descriptor.sql.internal.DdlTypeImpl@6157dccc) - 4530
[2023-08-25 15:37:48,138][DEBUG][main][o.h.t.d.s.s.DdlTypeRegistry-56] addDescriptor(12, org.hibernate.type.descriptor.sql.internal.CapacityDependentDdlType@17b59bc) replaced previous registration(org.hibernate.type.descriptor.sql.internal.CapacityDependentDdlType@7dcc6b08) - 4374
[2023-08-25 15:37:48,138][DEBUG][main][o.h.t.d.s.s.DdlTypeRegistry-56] addDescriptor(-9, org.hibernate.type.descriptor.sql.internal.CapacityDependentDdlType@17d6e44) replaced previous registration(org.hibernate.type.descriptor.sql.internal.CapacityDependentDdlType@70d49a95) - 4374
[2023-08-25 15:37:48,138][DEBUG][main][o.h.t.d.s.s.DdlTypeRegistry-56] addDescriptor(-3, org.hibernate.type.descriptor.sql.internal.CapacityDependentDdlType@2bb98b8a) replaced previous registration(org.hibernate.type.descriptor.sql.internal.CapacityDependentDdlType@35b331de) - 4374
[2023-08-25 15:37:48,139][DEBUG][main][o.h.t.d.s.s.DdlTypeRegistry-56] addDescriptor(4003, org.hibernate.type.descriptor.sql.internal.DdlTypeImpl@5f566662) replaced previous registration(org.hibernate.type.descriptor.sql.internal.DdlTypeImpl@b025f2f) - 4375
[2023-08-25 15:37:48,139][DEBUG][main][o.h.t.d.s.s.DdlTypeRegistry-56] addDescriptor(4001, org.hibernate.type.descriptor.sql.internal.DdlTypeImpl@6c00601e) replaced previous registration(org.hibernate.type.descriptor.sql.internal.DdlTypeImpl@40118181) - 4375
[2023-08-25 15:37:48,139][DEBUG][main][o.h.t.d.s.s.DdlTypeRegistry-56] addDescriptor(4002, org.hibernate.type.descriptor.sql.internal.DdlTypeImpl@2c988a97) replaced previous registration(org.hibernate.type.descriptor.sql.internal.DdlTypeImpl@357a530c) - 4375
[2023-08-25 15:37:48,139][DEBUG][main][o.h.t.d.s.s.DdlTypeRegistry-56] addDescriptor(2004, org.hibernate.type.descriptor.sql.internal.CapacityDependentDdlType@5a95c52d) replaced previous registration(org.hibernate.type.descriptor.sql.internal.DdlTypeImpl@16c44a77) - 4375
[2023-08-25 15:37:48,139][DEBUG][main][o.h.t.d.s.s.DdlTypeRegistry-56] addDescriptor(2005, org.hibernate.type.descriptor.sql.internal.CapacityDependentDdlType@7ee0a60a) replaced previous registration(org.hibernate.type.descriptor.sql.internal.DdlTypeImpl@19e578e9) - 4375
[2023-08-25 15:37:48,140][DEBUG][main][o.h.t.d.s.s.DdlTypeRegistry-56] addDescriptor(2011, org.hibernate.type.descriptor.sql.internal.CapacityDependentDdlType@6d2d7a55) replaced previous registration(org.hibernate.type.descriptor.sql.internal.DdlTypeImpl@590e0275) - 4376
[2023-08-25 15:42:33,736][DEBUG][main][o.h.t.d.s.s.DdlTypeRegistry-56] addDescriptor(12, org.hibernate.type.descriptor.sql.internal.CapacityDependentDdlType@7ee0a60a) replaced previous registration(org.hibernate.type.descriptor.sql.internal.CapacityDependentDdlType@19e578e9) - 4500
[2023-08-25 15:42:33,737][DEBUG][main][o.h.t.d.s.s.DdlTypeRegistry-56] addDescriptor(-9, org.hibernate.type.descriptor.sql.internal.CapacityDependentDdlType@6d2d7a55) replaced previous registration(org.hibernate.type.descriptor.sql.internal.CapacityDependentDdlType@590e0275) - 4501
[2023-08-25 15:42:33,737][DEBUG][main][o.h.t.d.s.s.DdlTypeRegistry-56] addDescriptor(-3, org.hibernate.type.descriptor.sql.internal.CapacityDependentDdlType@22a52fa8) replaced previous registration(org.hibernate.type.descriptor.sql.internal.CapacityDependentDdlType@10353925) - 4501
[2023-08-25 15:42:33,737][DEBUG][main][o.h.t.d.s.s.DdlTypeRegistry-56] addDescriptor(4003, org.hibernate.type.descriptor.sql.internal.DdlTypeImpl@164c06a4) replaced previous registration(org.hibernate.type.descriptor.sql.internal.DdlTypeImpl@3f78b3b2) - 4501
[2023-08-25 15:42:33,737][DEBUG][main][o.h.t.d.s.s.DdlTypeRegistry-56] addDescriptor(4001, org.hibernate.type.descriptor.sql.internal.DdlTypeImpl@34ab039a) replaced previous registration(org.hibernate.type.descriptor.sql.internal.DdlTypeImpl@d6ee83b) - 4501
[2023-08-25 15:42:33,738][DEBUG][main][o.h.t.d.s.s.DdlTypeRegistry-56] addDescriptor(4002, org.hibernate.type.descriptor.sql.internal.DdlTypeImpl@7b61b614) replaced previous registration(org.hibernate.type.descriptor.sql.internal.DdlTypeImpl@17e7fe9) - 4502
[2023-08-25 15:42:33,738][DEBUG][main][o.h.t.d.s.s.DdlTypeRegistry-56] addDescriptor(2004, org.hibernate.type.descriptor.sql.internal.CapacityDependentDdlType@6da50b8f) replaced previous registration(org.hibernate.type.descriptor.sql.internal.DdlTypeImpl@17f00930) - 4502
[2023-08-25 15:42:33,738][DEBUG][main][o.h.t.d.s.s.DdlTypeRegistry-56] addDescriptor(2005, org.hibernate.type.descriptor.sql.internal.CapacityDependentDdlType@6157dccc) replaced previous registration(org.hibernate.type.descriptor.sql.internal.DdlTypeImpl@13a47638) - 4502
[2023-08-25 15:42:33,738][DEBUG][main][o.h.t.d.s.s.DdlTypeRegistry-56] addDescriptor(2011, org.hibernate.type.descriptor.sql.internal.CapacityDependentDdlType@5698eeb0) replaced previous registration(org.hibernate.type.descriptor.sql.internal.DdlTypeImpl@4136d4da) - 4502
[2023-08-25 15:43:07,184][DEBUG][main][o.h.t.d.s.s.DdlTypeRegistry-56] addDescriptor(12, org.hibernate.type.descriptor.sql.internal.CapacityDependentDdlType@7ee0a60a) replaced previous registration(org.hibernate.type.descriptor.sql.internal.CapacityDependentDdlType@19e578e9) - 4416
[2023-08-25 15:43:07,185][DEBUG][main][o.h.t.d.s.s.DdlTypeRegistry-56] addDescriptor(-9, org.hibernate.type.descriptor.sql.internal.CapacityDependentDdlType@6d2d7a55) replaced previous registration(org.hibernate.type.descriptor.sql.internal.CapacityDependentDdlType@590e0275) - 4417
[2023-08-25 15:43:07,185][DEBUG][main][o.h.t.d.s.s.DdlTypeRegistry-56] addDescriptor(-3, org.hibernate.type.descriptor.sql.internal.CapacityDependentDdlType@22a52fa8) replaced previous registration(org.hibernate.type.descriptor.sql.internal.CapacityDependentDdlType@10353925) - 4417
[2023-08-25 15:43:07,185][DEBUG][main][o.h.t.d.s.s.DdlTypeRegistry-56] addDescriptor(4003, org.hibernate.type.descriptor.sql.internal.DdlTypeImpl@164c06a4) replaced previous registration(org.hibernate.type.descriptor.sql.internal.DdlTypeImpl@3f78b3b2) - 4417
[2023-08-25 15:43:07,186][DEBUG][main][o.h.t.d.s.s.DdlTypeRegistry-56] addDescriptor(4001, org.hibernate.type.descriptor.sql.internal.DdlTypeImpl@34ab039a) replaced previous registration(org.hibernate.type.descriptor.sql.internal.DdlTypeImpl@d6ee83b) - 4418
[2023-08-25 15:43:07,186][DEBUG][main][o.h.t.d.s.s.DdlTypeRegistry-56] addDescriptor(4002, org.hibernate.type.descriptor.sql.internal.DdlTypeImpl@7b61b614) replaced previous registration(org.hibernate.type.descriptor.sql.internal.DdlTypeImpl@17e7fe9) - 4418
[2023-08-25 15:43:07,186][DEBUG][main][o.h.t.d.s.s.DdlTypeRegistry-56] addDescriptor(2004, org.hibernate.type.descriptor.sql.internal.CapacityDependentDdlType@6da50b8f) replaced previous registration(org.hibernate.type.descriptor.sql.internal.DdlTypeImpl@17f00930) - 4418
[2023-08-25 15:43:07,186][DEBUG][main][o.h.t.d.s.s.DdlTypeRegistry-56] addDescriptor(2005, org.hibernate.type.descriptor.sql.internal.CapacityDependentDdlType@6157dccc) replaced previous registration(org.hibernate.type.descriptor.sql.internal.DdlTypeImpl@13a47638) - 4418
[2023-08-25 15:43:07,186][DEBUG][main][o.h.t.d.s.s.DdlTypeRegistry-56] addDescriptor(2011, org.hibernate.type.descriptor.sql.internal.CapacityDependentDdlType@5698eeb0) replaced previous registration(org.hibernate.type.descriptor.sql.internal.DdlTypeImpl@4136d4da) - 4418
[2023-08-25 15:44:45,312][DEBUG][main][o.h.t.d.s.s.DdlTypeRegistry-56] addDescriptor(12, org.hibernate.type.descriptor.sql.internal.CapacityDependentDdlType@7ee0a60a) replaced previous registration(org.hibernate.type.descriptor.sql.internal.CapacityDependentDdlType@19e578e9) - 4425
[2023-08-25 15:44:45,313][DEBUG][main][o.h.t.d.s.s.DdlTypeRegistry-56] addDescriptor(-9, org.hibernate.type.descriptor.sql.internal.CapacityDependentDdlType@6d2d7a55) replaced previous registration(org.hibernate.type.descriptor.sql.internal.CapacityDependentDdlType@590e0275) - 4426
[2023-08-25 15:44:45,313][DEBUG][main][o.h.t.d.s.s.DdlTypeRegistry-56] addDescriptor(-3, org.hibernate.type.descriptor.sql.internal.CapacityDependentDdlType@22a52fa8) replaced previous registration(org.hibernate.type.descriptor.sql.internal.CapacityDependentDdlType@10353925) - 4426
[2023-08-25 15:44:45,313][DEBUG][main][o.h.t.d.s.s.DdlTypeRegistry-56] addDescriptor(4003, org.hibernate.type.descriptor.sql.internal.DdlTypeImpl@164c06a4) replaced previous registration(org.hibernate.type.descriptor.sql.internal.DdlTypeImpl@3f78b3b2) - 4426
[2023-08-25 15:44:45,313][DEBUG][main][o.h.t.d.s.s.DdlTypeRegistry-56] addDescriptor(4001, org.hibernate.type.descriptor.sql.internal.DdlTypeImpl@34ab039a) replaced previous registration(org.hibernate.type.descriptor.sql.internal.DdlTypeImpl@d6ee83b) - 4426
[2023-08-25 15:44:45,314][DEBUG][main][o.h.t.d.s.s.DdlTypeRegistry-56] addDescriptor(4002, org.hibernate.type.descriptor.sql.internal.DdlTypeImpl@7b61b614) replaced previous registration(org.hibernate.type.descriptor.sql.internal.DdlTypeImpl@17e7fe9) - 4427
[2023-08-25 15:44:45,314][DEBUG][main][o.h.t.d.s.s.DdlTypeRegistry-56] addDescriptor(2004, org.hibernate.type.descriptor.sql.internal.CapacityDependentDdlType@6da50b8f) replaced previous registration(org.hibernate.type.descriptor.sql.internal.DdlTypeImpl@17f00930) - 4427
[2023-08-25 15:44:45,314][DEBUG][main][o.h.t.d.s.s.DdlTypeRegistry-56] addDescriptor(2005, org.hibernate.type.descriptor.sql.internal.CapacityDependentDdlType@6157dccc) replaced previous registration(org.hibernate.type.descriptor.sql.internal.DdlTypeImpl@13a47638) - 4427
[2023-08-25 15:44:45,314][DEBUG][main][o.h.t.d.s.s.DdlTypeRegistry-56] addDescriptor(2011, org.hibernate.type.descriptor.sql.internal.CapacityDependentDdlType@5698eeb0) replaced previous registration(org.hibernate.type.descriptor.sql.internal.DdlTypeImpl@4136d4da) - 4427
[2023-08-25 15:47:39,762][DEBUG][main][o.h.t.d.s.s.DdlTypeRegistry-56] addDescriptor(12, org.hibernate.type.descriptor.sql.internal.CapacityDependentDdlType@7ee0a60a) replaced previous registration(org.hibernate.type.descriptor.sql.internal.CapacityDependentDdlType@19e578e9) - 4522
[2023-08-25 15:47:39,763][DEBUG][main][o.h.t.d.s.s.DdlTypeRegistry-56] addDescriptor(-9, org.hibernate.type.descriptor.sql.internal.CapacityDependentDdlType@6d2d7a55) replaced previous registration(org.hibernate.type.descriptor.sql.internal.CapacityDependentDdlType@590e0275) - 4523
[2023-08-25 15:47:39,763][DEBUG][main][o.h.t.d.s.s.DdlTypeRegistry-56] addDescriptor(-3, org.hibernate.type.descriptor.sql.internal.CapacityDependentDdlType@22a52fa8) replaced previous registration(org.hibernate.type.descriptor.sql.internal.CapacityDependentDdlType@10353925) - 4523
[2023-08-25 15:47:39,763][DEBUG][main][o.h.t.d.s.s.DdlTypeRegistry-56] addDescriptor(4003, org.hibernate.type.descriptor.sql.internal.DdlTypeImpl@164c06a4) replaced previous registration(org.hibernate.type.descriptor.sql.internal.DdlTypeImpl@3f78b3b2) - 4523
[2023-08-25 15:47:39,763][DEBUG][main][o.h.t.d.s.s.DdlTypeRegistry-56] addDescriptor(4001, org.hibernate.type.descriptor.sql.internal.DdlTypeImpl@34ab039a) replaced previous registration(org.hibernate.type.descriptor.sql.internal.DdlTypeImpl@d6ee83b) - 4523
[2023-08-25 15:47:39,764][DEBUG][main][o.h.t.d.s.s.DdlTypeRegistry-56] addDescriptor(4002, org.hibernate.type.descriptor.sql.internal.DdlTypeImpl@7b61b614) replaced previous registration(org.hibernate.type.descriptor.sql.internal.DdlTypeImpl@17e7fe9) - 4524
[2023-08-25 15:47:39,764][DEBUG][main][o.h.t.d.s.s.DdlTypeRegistry-56] addDescriptor(2004, org.hibernate.type.descriptor.sql.internal.CapacityDependentDdlType@6da50b8f) replaced previous registration(org.hibernate.type.descriptor.sql.internal.DdlTypeImpl@17f00930) - 4524
[2023-08-25 15:47:39,764][DEBUG][main][o.h.t.d.s.s.DdlTypeRegistry-56] addDescriptor(2005, org.hibernate.type.descriptor.sql.internal.CapacityDependentDdlType@6157dccc) replaced previous registration(org.hibernate.type.descriptor.sql.internal.DdlTypeImpl@13a47638) - 4524
[2023-08-25 15:47:39,764][DEBUG][main][o.h.t.d.s.s.DdlTypeRegistry-56] addDescriptor(2011, org.hibernate.type.descriptor.sql.internal.CapacityDependentDdlType@5698eeb0) replaced previous registration(org.hibernate.type.descriptor.sql.internal.DdlTypeImpl@4136d4da) - 4524
[2023-08-25 15:48:54,025][DEBUG][main][o.h.t.d.s.s.DdlTypeRegistry-56] addDescriptor(12, org.hibernate.type.descriptor.sql.internal.CapacityDependentDdlType@7ee0a60a) replaced previous registration(org.hibernate.type.descriptor.sql.internal.CapacityDependentDdlType@19e578e9) - 4311
[2023-08-25 15:48:54,025][DEBUG][main][o.h.t.d.s.s.DdlTypeRegistry-56] addDescriptor(-9, org.hibernate.type.descriptor.sql.internal.CapacityDependentDdlType@6d2d7a55) replaced previous registration(org.hibernate.type.descriptor.sql.internal.CapacityDependentDdlType@590e0275) - 4311
[2023-08-25 15:48:54,026][DEBUG][main][o.h.t.d.s.s.DdlTypeRegistry-56] addDescriptor(-3, org.hibernate.type.descriptor.sql.internal.CapacityDependentDdlType@22a52fa8) replaced previous registration(org.hibernate.type.descriptor.sql.internal.CapacityDependentDdlType@10353925) - 4312
[2023-08-25 15:48:54,026][DEBUG][main][o.h.t.d.s.s.DdlTypeRegistry-56] addDescriptor(4003, org.hibernate.type.descriptor.sql.internal.DdlTypeImpl@164c06a4) replaced previous registration(org.hibernate.type.descriptor.sql.internal.DdlTypeImpl@3f78b3b2) - 4312
[2023-08-25 15:48:54,026][DEBUG][main][o.h.t.d.s.s.DdlTypeRegistry-56] addDescriptor(4001, org.hibernate.type.descriptor.sql.internal.DdlTypeImpl@34ab039a) replaced previous registration(org.hibernate.type.descriptor.sql.internal.DdlTypeImpl@d6ee83b) - 4312
[2023-08-25 15:48:54,026][DEBUG][main][o.h.t.d.s.s.DdlTypeRegistry-56] addDescriptor(4002, org.hibernate.type.descriptor.sql.internal.DdlTypeImpl@7b61b614) replaced previous registration(org.hibernate.type.descriptor.sql.internal.DdlTypeImpl@17e7fe9) - 4312
[2023-08-25 15:48:54,026][DEBUG][main][o.h.t.d.s.s.DdlTypeRegistry-56] addDescriptor(2004, org.hibernate.type.descriptor.sql.internal.CapacityDependentDdlType@6da50b8f) replaced previous registration(org.hibernate.type.descriptor.sql.internal.DdlTypeImpl@17f00930) - 4312
[2023-08-25 15:48:54,027][DEBUG][main][o.h.t.d.s.s.DdlTypeRegistry-56] addDescriptor(2005, org.hibernate.type.descriptor.sql.internal.CapacityDependentDdlType@6157dccc) replaced previous registration(org.hibernate.type.descriptor.sql.internal.DdlTypeImpl@13a47638) - 4313
[2023-08-25 15:48:54,027][DEBUG][main][o.h.t.d.s.s.DdlTypeRegistry-56] addDescriptor(2011, org.hibernate.type.descriptor.sql.internal.CapacityDependentDdlType@5698eeb0) replaced previous registration(org.hibernate.type.descriptor.sql.internal.DdlTypeImpl@4136d4da) - 4313
[2023-08-25 15:50:01,697][DEBUG][main][o.h.t.d.s.s.DdlTypeRegistry-56] addDescriptor(12, org.hibernate.type.descriptor.sql.internal.CapacityDependentDdlType@7ee0a60a) replaced previous registration(org.hibernate.type.descriptor.sql.internal.CapacityDependentDdlType@19e578e9) - 4822
[2023-08-25 15:50:01,697][DEBUG][main][o.h.t.d.s.s.DdlTypeRegistry-56] addDescriptor(-9, org.hibernate.type.descriptor.sql.internal.CapacityDependentDdlType@6d2d7a55) replaced previous registration(org.hibernate.type.descriptor.sql.internal.CapacityDependentDdlType@590e0275) - 4822
[2023-08-25 15:50:01,698][DEBUG][main][o.h.t.d.s.s.DdlTypeRegistry-56] addDescriptor(-3, org.hibernate.type.descriptor.sql.internal.CapacityDependentDdlType@22a52fa8) replaced previous registration(org.hibernate.type.descriptor.sql.internal.CapacityDependentDdlType@10353925) - 4823
[2023-08-25 15:50:01,698][DEBUG][main][o.h.t.d.s.s.DdlTypeRegistry-56] addDescriptor(4003, org.hibernate.type.descriptor.sql.internal.DdlTypeImpl@164c06a4) replaced previous registration(org.hibernate.type.descriptor.sql.internal.DdlTypeImpl@3f78b3b2) - 4823
[2023-08-25 15:50:01,698][DEBUG][main][o.h.t.d.s.s.DdlTypeRegistry-56] addDescriptor(4001, org.hibernate.type.descriptor.sql.internal.DdlTypeImpl@34ab039a) replaced previous registration(org.hibernate.type.descriptor.sql.internal.DdlTypeImpl@d6ee83b) - 4823
[2023-08-25 15:50:01,699][DEBUG][main][o.h.t.d.s.s.DdlTypeRegistry-56] addDescriptor(4002, org.hibernate.type.descriptor.sql.internal.DdlTypeImpl@7b61b614) replaced previous registration(org.hibernate.type.descriptor.sql.internal.DdlTypeImpl@17e7fe9) - 4824
[2023-08-25 15:50:01,699][DEBUG][main][o.h.t.d.s.s.DdlTypeRegistry-56] addDescriptor(2004, org.hibernate.type.descriptor.sql.internal.CapacityDependentDdlType@6da50b8f) replaced previous registration(org.hibernate.type.descriptor.sql.internal.DdlTypeImpl@17f00930) - 4824
[2023-08-25 15:50:01,699][DEBUG][main][o.h.t.d.s.s.DdlTypeRegistry-56] addDescriptor(2005, org.hibernate.type.descriptor.sql.internal.CapacityDependentDdlType@6157dccc) replaced previous registration(org.hibernate.type.descriptor.sql.internal.DdlTypeImpl@13a47638) - 4824
[2023-08-25 15:50:01,699][DEBUG][main][o.h.t.d.s.s.DdlTypeRegistry-56] addDescriptor(2011, org.hibernate.type.descriptor.sql.internal.CapacityDependentDdlType@5698eeb0) replaced previous registration(org.hibernate.type.descriptor.sql.internal.DdlTypeImpl@4136d4da) - 4824
[2023-08-25 15:51:41,128][DEBUG][main][o.h.t.d.s.s.DdlTypeRegistry-56] addDescriptor(12, org.hibernate.type.descriptor.sql.internal.CapacityDependentDdlType@19e578e9) replaced previous registration(org.hibernate.type.descriptor.sql.internal.CapacityDependentDdlType@6d2d7a55) - 4294
[2023-08-25 15:51:41,129][DEBUG][main][o.h.t.d.s.s.DdlTypeRegistry-56] addDescriptor(-9, org.hibernate.type.descriptor.sql.internal.CapacityDependentDdlType@590e0275) replaced previous registration(org.hibernate.type.descriptor.sql.internal.CapacityDependentDdlType@22a52fa8) - 4295
[2023-08-25 15:51:41,129][DEBUG][main][o.h.t.d.s.s.DdlTypeRegistry-56] addDescriptor(-3, org.hibernate.type.descriptor.sql.internal.CapacityDependentDdlType@10353925) replaced previous registration(org.hibernate.type.descriptor.sql.internal.CapacityDependentDdlType@164c06a4) - 4295
[2023-08-25 15:51:41,129][DEBUG][main][o.h.t.d.s.s.DdlTypeRegistry-56] addDescriptor(4003, org.hibernate.type.descriptor.sql.internal.DdlTypeImpl@3f78b3b2) replaced previous registration(org.hibernate.type.descriptor.sql.internal.DdlTypeImpl@34ab039a) - 4295
[2023-08-25 15:51:41,130][DEBUG][main][o.h.t.d.s.s.DdlTypeRegistry-56] addDescriptor(4001, org.hibernate.type.descriptor.sql.internal.DdlTypeImpl@d6ee83b) replaced previous registration(org.hibernate.type.descriptor.sql.internal.DdlTypeImpl@7b61b614) - 4296
[2023-08-25 15:51:41,130][DEBUG][main][o.h.t.d.s.s.DdlTypeRegistry-56] addDescriptor(4002, org.hibernate.type.descriptor.sql.internal.DdlTypeImpl@17e7fe9) replaced previous registration(org.hibernate.type.descriptor.sql.internal.DdlTypeImpl@6da50b8f) - 4296
[2023-08-25 15:51:41,130][DEBUG][main][o.h.t.d.s.s.DdlTypeRegistry-56] addDescriptor(2004, org.hibernate.type.descriptor.sql.internal.CapacityDependentDdlType@17f00930) replaced previous registration(org.hibernate.type.descriptor.sql.internal.DdlTypeImpl@6157dccc) - 4296
[2023-08-25 15:51:41,130][DEBUG][main][o.h.t.d.s.s.DdlTypeRegistry-56] addDescriptor(2005, org.hibernate.type.descriptor.sql.internal.CapacityDependentDdlType@13a47638) replaced previous registration(org.hibernate.type.descriptor.sql.internal.DdlTypeImpl@5698eeb0) - 4296
[2023-08-25 15:51:41,131][DEBUG][main][o.h.t.d.s.s.DdlTypeRegistry-56] addDescriptor(2011, org.hibernate.type.descriptor.sql.internal.CapacityDependentDdlType@4136d4da) replaced previous registration(org.hibernate.type.descriptor.sql.internal.DdlTypeImpl@1ed8d18c) - 4297
[2023-08-25 15:52:31,282][DEBUG][main][o.h.t.d.s.s.DdlTypeRegistry-56] addDescriptor(12, org.hibernate.type.descriptor.sql.internal.CapacityDependentDdlType@7ee0a60a) replaced previous registration(org.hibernate.type.descriptor.sql.internal.CapacityDependentDdlType@19e578e9) - 4280
[2023-08-25 15:52:31,283][DEBUG][main][o.h.t.d.s.s.DdlTypeRegistry-56] addDescriptor(-9, org.hibernate.type.descriptor.sql.internal.CapacityDependentDdlType@6d2d7a55) replaced previous registration(org.hibernate.type.descriptor.sql.internal.CapacityDependentDdlType@590e0275) - 4281
[2023-08-25 15:52:31,283][DEBUG][main][o.h.t.d.s.s.DdlTypeRegistry-56] addDescriptor(-3, org.hibernate.type.descriptor.sql.internal.CapacityDependentDdlType@22a52fa8) replaced previous registration(org.hibernate.type.descriptor.sql.internal.CapacityDependentDdlType@10353925) - 4281
[2023-08-25 15:52:31,283][DEBUG][main][o.h.t.d.s.s.DdlTypeRegistry-56] addDescriptor(4003, org.hibernate.type.descriptor.sql.internal.DdlTypeImpl@164c06a4) replaced previous registration(org.hibernate.type.descriptor.sql.internal.DdlTypeImpl@3f78b3b2) - 4281
[2023-08-25 15:52:31,283][DEBUG][main][o.h.t.d.s.s.DdlTypeRegistry-56] addDescriptor(4001, org.hibernate.type.descriptor.sql.internal.DdlTypeImpl@34ab039a) replaced previous registration(org.hibernate.type.descriptor.sql.internal.DdlTypeImpl@d6ee83b) - 4281
[2023-08-25 15:52:31,283][DEBUG][main][o.h.t.d.s.s.DdlTypeRegistry-56] addDescriptor(4002, org.hibernate.type.descriptor.sql.internal.DdlTypeImpl@7b61b614) replaced previous registration(org.hibernate.type.descriptor.sql.internal.DdlTypeImpl@17e7fe9) - 4281
[2023-08-25 15:52:31,284][DEBUG][main][o.h.t.d.s.s.DdlTypeRegistry-56] addDescriptor(2004, org.hibernate.type.descriptor.sql.internal.CapacityDependentDdlType@6da50b8f) replaced previous registration(org.hibernate.type.descriptor.sql.internal.DdlTypeImpl@17f00930) - 4282
[2023-08-25 15:52:31,284][DEBUG][main][o.h.t.d.s.s.DdlTypeRegistry-56] addDescriptor(2005, org.hibernate.type.descriptor.sql.internal.CapacityDependentDdlType@6157dccc) replaced previous registration(org.hibernate.type.descriptor.sql.internal.DdlTypeImpl@13a47638) - 4282
[2023-08-25 15:52:31,284][DEBUG][main][o.h.t.d.s.s.DdlTypeRegistry-56] addDescriptor(2011, org.hibernate.type.descriptor.sql.internal.CapacityDependentDdlType@5698eeb0) replaced previous registration(org.hibernate.type.descriptor.sql.internal.DdlTypeImpl@4136d4da) - 4282
[2023-08-25 16:05:16,683][DEBUG][main][o.h.t.d.s.s.DdlTypeRegistry-56] addDescriptor(12, org.hibernate.type.descriptor.sql.internal.CapacityDependentDdlType@7ee0a60a) replaced previous registration(org.hibernate.type.descriptor.sql.internal.CapacityDependentDdlType@19e578e9) - 4327
[2023-08-25 16:05:16,684][DEBUG][main][o.h.t.d.s.s.DdlTypeRegistry-56] addDescriptor(-9, org.hibernate.type.descriptor.sql.internal.CapacityDependentDdlType@6d2d7a55) replaced previous registration(org.hibernate.type.descriptor.sql.internal.CapacityDependentDdlType@590e0275) - 4328
[2023-08-25 16:05:16,684][DEBUG][main][o.h.t.d.s.s.DdlTypeRegistry-56] addDescriptor(-3, org.hibernate.type.descriptor.sql.internal.CapacityDependentDdlType@22a52fa8) replaced previous registration(org.hibernate.type.descriptor.sql.internal.CapacityDependentDdlType@10353925) - 4328
[2023-08-25 16:05:16,685][DEBUG][main][o.h.t.d.s.s.DdlTypeRegistry-56] addDescriptor(4003, org.hibernate.type.descriptor.sql.internal.DdlTypeImpl@164c06a4) replaced previous registration(org.hibernate.type.descriptor.sql.internal.DdlTypeImpl@3f78b3b2) - 4329
[2023-08-25 16:05:16,685][DEBUG][main][o.h.t.d.s.s.DdlTypeRegistry-56] addDescriptor(4001, org.hibernate.type.descriptor.sql.internal.DdlTypeImpl@34ab039a) replaced previous registration(org.hibernate.type.descriptor.sql.internal.DdlTypeImpl@d6ee83b) - 4329
[2023-08-25 16:05:16,685][DEBUG][main][o.h.t.d.s.s.DdlTypeRegistry-56] addDescriptor(4002, org.hibernate.type.descriptor.sql.internal.DdlTypeImpl@7b61b614) replaced previous registration(org.hibernate.type.descriptor.sql.internal.DdlTypeImpl@17e7fe9) - 4329
[2023-08-25 16:05:16,685][DEBUG][main][o.h.t.d.s.s.DdlTypeRegistry-56] addDescriptor(2004, org.hibernate.type.descriptor.sql.internal.CapacityDependentDdlType@6da50b8f) replaced previous registration(org.hibernate.type.descriptor.sql.internal.DdlTypeImpl@17f00930) - 4329
[2023-08-25 16:05:16,685][DEBUG][main][o.h.t.d.s.s.DdlTypeRegistry-56] addDescriptor(2005, org.hibernate.type.descriptor.sql.internal.CapacityDependentDdlType@6157dccc) replaced previous registration(org.hibernate.type.descriptor.sql.internal.DdlTypeImpl@13a47638) - 4329
[2023-08-25 16:05:16,686][DEBUG][main][o.h.t.d.s.s.DdlTypeRegistry-56] addDescriptor(2011, org.hibernate.type.descriptor.sql.internal.CapacityDependentDdlType@5698eeb0) replaced previous registration(org.hibernate.type.descriptor.sql.internal.DdlTypeImpl@4136d4da) - 4330
[2023-08-25 16:08:20,241][DEBUG][main][o.h.t.d.s.s.DdlTypeRegistry-56] addDescriptor(12, org.hibernate.type.descriptor.sql.internal.CapacityDependentDdlType@7ee0a60a) replaced previous registration(org.hibernate.type.descriptor.sql.internal.CapacityDependentDdlType@19e578e9) - 4247
[2023-08-25 16:08:20,242][DEBUG][main][o.h.t.d.s.s.DdlTypeRegistry-56] addDescriptor(-9, org.hibernate.type.descriptor.sql.internal.CapacityDependentDdlType@6d2d7a55) replaced previous registration(org.hibernate.type.descriptor.sql.internal.CapacityDependentDdlType@590e0275) - 4248
[2023-08-25 16:08:20,242][DEBUG][main][o.h.t.d.s.s.DdlTypeRegistry-56] addDescriptor(-3, org.hibernate.type.descriptor.sql.internal.CapacityDependentDdlType@22a52fa8) replaced previous registration(org.hibernate.type.descriptor.sql.internal.CapacityDependentDdlType@10353925) - 4248
[2023-08-25 16:08:20,242][DEBUG][main][o.h.t.d.s.s.DdlTypeRegistry-56] addDescriptor(4003, org.hibernate.type.descriptor.sql.internal.DdlTypeImpl@164c06a4) replaced previous registration(org.hibernate.type.descriptor.sql.internal.DdlTypeImpl@3f78b3b2) - 4248
[2023-08-25 16:08:20,243][DEBUG][main][o.h.t.d.s.s.DdlTypeRegistry-56] addDescriptor(4001, org.hibernate.type.descriptor.sql.internal.DdlTypeImpl@34ab039a) replaced previous registration(org.hibernate.type.descriptor.sql.internal.DdlTypeImpl@d6ee83b) - 4249
[2023-08-25 16:08:20,243][DEBUG][main][o.h.t.d.s.s.DdlTypeRegistry-56] addDescriptor(4002, org.hibernate.type.descriptor.sql.internal.DdlTypeImpl@7b61b614) replaced previous registration(org.hibernate.type.descriptor.sql.internal.DdlTypeImpl@17e7fe9) - 4249
[2023-08-25 16:08:20,243][DEBUG][main][o.h.t.d.s.s.DdlTypeRegistry-56] addDescriptor(2004, org.hibernate.type.descriptor.sql.internal.CapacityDependentDdlType@6da50b8f) replaced previous registration(org.hibernate.type.descriptor.sql.internal.DdlTypeImpl@17f00930) - 4249
[2023-08-25 16:08:20,243][DEBUG][main][o.h.t.d.s.s.DdlTypeRegistry-56] addDescriptor(2005, org.hibernate.type.descriptor.sql.internal.CapacityDependentDdlType@6157dccc) replaced previous registration(org.hibernate.type.descriptor.sql.internal.DdlTypeImpl@13a47638) - 4249
[2023-08-25 16:08:20,243][DEBUG][main][o.h.t.d.s.s.DdlTypeRegistry-56] addDescriptor(2011, org.hibernate.type.descriptor.sql.internal.CapacityDependentDdlType@5698eeb0) replaced previous registration(org.hibernate.type.descriptor.sql.internal.DdlTypeImpl@4136d4da) - 4249
