[2023-09-01 11:05:35,843][WARN ][main][o.h.b.i.MetadataBuilderImpl$MetadataBuildingOptionsImpl-626] HHH90000021: Encountered deprecated setting [javax.persistence.sharedCache.mode], use [jakarta.persistence.sharedCache.mode] instead - 4870
[2023-09-01 11:05:35,922][WARN ][main][c.z.h.HikariConfig-1039] HikariPool-1 - maxLifetime is less than 30000ms, setting to default 1800000ms. - 4949
[2023-09-01 11:05:35,922][WARN ][main][c.z.h.HikariConfig-1085] HikariPool-1 - idleTimeout is less than 10000ms, setting to default 600000ms. - 4949
[2023-09-01 11:05:36,637][WARN ][main][o.h.m.RootClass-303] HHH000038: Composite-id class does not override equals(): com.mice.backoffice.c2v_mice_backoffice_api.entity.convention.LoungeEntity$LoungeId - 5664
[2023-09-01 11:05:36,637][WARN ][main][o.h.m.RootClass-306] HHH000039: Composite-id class does not override hashCode(): com.mice.backoffice.c2v_mice_backoffice_api.entity.convention.LoungeEntity$LoungeId - 5664
[2023-09-01 11:05:36,638][WARN ][main][o.h.m.RootClass-303] HHH000038: Composite-id class does not override equals(): com.mice.backoffice.c2v_mice_backoffice_api.entity.convention.session.SessionDisplayEntity$SessionDisplayId - 5665
[2023-09-01 11:05:36,638][WARN ][main][o.h.m.RootClass-306] HHH000039: Composite-id class does not override hashCode(): com.mice.backoffice.c2v_mice_backoffice_api.entity.convention.session.SessionDisplayEntity$SessionDisplayId - 5665
[2023-09-01 11:05:36,639][WARN ][main][o.h.m.RootClass-303] HHH000038: Composite-id class does not override equals(): com.mice.backoffice.c2v_mice_backoffice_api.entity.convention.SequencesEntity$SequencesPrimaryKey - 5666
[2023-09-01 11:05:36,639][WARN ][main][o.h.m.RootClass-306] HHH000039: Composite-id class does not override hashCode(): com.mice.backoffice.c2v_mice_backoffice_api.entity.convention.SequencesEntity$SequencesPrimaryKey - 5666
[2023-09-01 11:05:36,639][WARN ][main][o.h.m.RootClass-303] HHH000038: Composite-id class does not override equals(): com.mice.backoffice.c2v_mice_backoffice_api.entity.system.CodeEntity$CodeEntityPK - 5666
[2023-09-01 11:05:36,639][WARN ][main][o.h.m.RootClass-306] HHH000039: Composite-id class does not override hashCode(): com.mice.backoffice.c2v_mice_backoffice_api.entity.system.CodeEntity$CodeEntityPK - 5666
[2023-09-01 11:05:36,640][WARN ][main][o.h.m.RootClass-303] HHH000038: Composite-id class does not override equals(): com.mice.backoffice.c2v_mice_backoffice_api.entity.convention.session.SessionQuestionRecommendEntity$SessionQuestionRecommendId - 5667
[2023-09-01 11:05:36,640][WARN ][main][o.h.m.RootClass-306] HHH000039: Composite-id class does not override hashCode(): com.mice.backoffice.c2v_mice_backoffice_api.entity.convention.session.SessionQuestionRecommendEntity$SessionQuestionRecommendId - 5667
[2023-09-01 11:05:36,641][WARN ][main][o.h.m.RootClass-303] HHH000038: Composite-id class does not override equals(): com.mice.backoffice.c2v_mice_backoffice_api.entity.convention.LanguageEntity$LanguageId - 5668
[2023-09-01 11:05:36,641][WARN ][main][o.h.m.RootClass-306] HHH000039: Composite-id class does not override hashCode(): com.mice.backoffice.c2v_mice_backoffice_api.entity.convention.LanguageEntity$LanguageId - 5668
[2023-09-01 11:05:36,641][WARN ][main][o.h.m.RootClass-303] HHH000038: Composite-id class does not override equals(): com.mice.backoffice.c2v_mice_backoffice_api.entity.convention.event.EventHostEntity$EventHostId - 5668
[2023-09-01 11:05:36,642][WARN ][main][o.h.m.RootClass-306] HHH000039: Composite-id class does not override hashCode(): com.mice.backoffice.c2v_mice_backoffice_api.entity.convention.event.EventHostEntity$EventHostId - 5669
[2023-09-01 11:05:36,642][WARN ][main][o.h.m.RootClass-303] HHH000038: Composite-id class does not override equals(): com.mice.backoffice.c2v_mice_backoffice_api.entity.convention.session.TicketEntity$TicketId - 5669
[2023-09-01 11:05:36,642][WARN ][main][o.h.m.RootClass-306] HHH000039: Composite-id class does not override hashCode(): com.mice.backoffice.c2v_mice_backoffice_api.entity.convention.session.TicketEntity$TicketId - 5669
[2023-09-01 11:05:38,554][WARN ][main][o.s.b.a.o.j.JpaBaseConfiguration$JpaWebConfiguration-227] spring.jpa.open-in-view is enabled by default. Therefore, database queries may be performed during view rendering. Explicitly configure spring.jpa.open-in-view to disable this warning - 7581
[2023-09-01 11:05:39,788][WARN ][main][o.s.b.a.t.ThymeleafAutoConfiguration$DefaultTemplateResolverConfiguration-101] Cannot find template location: classpath:/templates/ (please add some templates, check your Thymeleaf configuration, or set spring.thymeleaf.check-template-location=false) - 8815
[2023-09-01 16:47:40,281][WARN ][main][o.h.b.i.MetadataBuilderImpl$MetadataBuildingOptionsImpl-626] HHH90000021: Encountered deprecated setting [javax.persistence.sharedCache.mode], use [jakarta.persistence.sharedCache.mode] instead - 4393
[2023-09-01 16:47:40,352][WARN ][main][c.z.h.HikariConfig-1039] HikariPool-1 - maxLifetime is less than 30000ms, setting to default 1800000ms. - 4464
[2023-09-01 16:47:40,353][WARN ][main][c.z.h.HikariConfig-1085] HikariPool-1 - idleTimeout is less than 10000ms, setting to default 600000ms. - 4465
[2023-09-01 16:47:41,024][WARN ][main][o.h.m.RootClass-303] HHH000038: Composite-id class does not override equals(): com.mice.backoffice.c2v_mice_backoffice_api.entity.convention.LoungeEntity$LoungeId - 5136
[2023-09-01 16:47:41,025][WARN ][main][o.h.m.RootClass-306] HHH000039: Composite-id class does not override hashCode(): com.mice.backoffice.c2v_mice_backoffice_api.entity.convention.LoungeEntity$LoungeId - 5137
[2023-09-01 16:47:41,026][WARN ][main][o.h.m.RootClass-303] HHH000038: Composite-id class does not override equals(): com.mice.backoffice.c2v_mice_backoffice_api.entity.convention.session.SessionDisplayEntity$SessionDisplayId - 5138
[2023-09-01 16:47:41,026][WARN ][main][o.h.m.RootClass-306] HHH000039: Composite-id class does not override hashCode(): com.mice.backoffice.c2v_mice_backoffice_api.entity.convention.session.SessionDisplayEntity$SessionDisplayId - 5138
[2023-09-01 16:47:41,027][WARN ][main][o.h.m.RootClass-303] HHH000038: Composite-id class does not override equals(): com.mice.backoffice.c2v_mice_backoffice_api.entity.convention.SequencesEntity$SequencesPrimaryKey - 5139
[2023-09-01 16:47:41,027][WARN ][main][o.h.m.RootClass-306] HHH000039: Composite-id class does not override hashCode(): com.mice.backoffice.c2v_mice_backoffice_api.entity.convention.SequencesEntity$SequencesPrimaryKey - 5139
[2023-09-01 16:47:41,027][WARN ][main][o.h.m.RootClass-303] HHH000038: Composite-id class does not override equals(): com.mice.backoffice.c2v_mice_backoffice_api.entity.system.CodeEntity$CodeEntityPK - 5139
[2023-09-01 16:47:41,027][WARN ][main][o.h.m.RootClass-306] HHH000039: Composite-id class does not override hashCode(): com.mice.backoffice.c2v_mice_backoffice_api.entity.system.CodeEntity$CodeEntityPK - 5139
[2023-09-01 16:47:41,027][WARN ][main][o.h.m.RootClass-303] HHH000038: Composite-id class does not override equals(): com.mice.backoffice.c2v_mice_backoffice_api.entity.convention.session.SessionQuestionRecommendEntity$SessionQuestionRecommendId - 5139
[2023-09-01 16:47:41,028][WARN ][main][o.h.m.RootClass-306] HHH000039: Composite-id class does not override hashCode(): com.mice.backoffice.c2v_mice_backoffice_api.entity.convention.session.SessionQuestionRecommendEntity$SessionQuestionRecommendId - 5140
[2023-09-01 16:47:41,028][WARN ][main][o.h.m.RootClass-303] HHH000038: Composite-id class does not override equals(): com.mice.backoffice.c2v_mice_backoffice_api.entity.convention.LanguageEntity$LanguageId - 5140
[2023-09-01 16:47:41,028][WARN ][main][o.h.m.RootClass-306] HHH000039: Composite-id class does not override hashCode(): com.mice.backoffice.c2v_mice_backoffice_api.entity.convention.LanguageEntity$LanguageId - 5140
[2023-09-01 16:47:41,029][WARN ][main][o.h.m.RootClass-303] HHH000038: Composite-id class does not override equals(): com.mice.backoffice.c2v_mice_backoffice_api.entity.convention.event.EventHostEntity$EventHostId - 5141
[2023-09-01 16:47:41,029][WARN ][main][o.h.m.RootClass-306] HHH000039: Composite-id class does not override hashCode(): com.mice.backoffice.c2v_mice_backoffice_api.entity.convention.event.EventHostEntity$EventHostId - 5141
[2023-09-01 16:47:41,029][WARN ][main][o.h.m.RootClass-303] HHH000038: Composite-id class does not override equals(): com.mice.backoffice.c2v_mice_backoffice_api.entity.convention.session.TicketEntity$TicketId - 5141
[2023-09-01 16:47:41,029][WARN ][main][o.h.m.RootClass-306] HHH000039: Composite-id class does not override hashCode(): com.mice.backoffice.c2v_mice_backoffice_api.entity.convention.session.TicketEntity$TicketId - 5141
[2023-09-01 16:47:41,602][WARN ][main][o.s.c.s.AbstractApplicationContext-592] Exception encountered during context initialization - cancelling refresh attempt: org.springframework.beans.factory.UnsatisfiedDependencyException: Error creating bean with name 'commonUtils' defined in file [D:\source\real_mice\c2v_platform_bo_mice_api\build\classes\java\main\com\mice\backoffice\c2v_mice_backoffice_api\common\CommonUtils.class]: Unsatisfied dependency expressed through constructor parameter 0: Error creating bean with name 'csvCodeInit' defined in class path resource [com/mice/backoffice/c2v_mice_backoffice_api/config/CodeConfig.class]: Failed to instantiate [java.util.Map]: Factory method 'csvCodeInit' threw exception with message: java.io.FileNotFoundException: class path resource [externals/c2v_table_data/Assets/External/Data/CSV/Emotion - Emotion.csv] cannot be opened because it does not exist - 5714
[2023-09-01 16:47:57,714][WARN ][main][o.h.b.i.MetadataBuilderImpl$MetadataBuildingOptionsImpl-626] HHH90000021: Encountered deprecated setting [javax.persistence.sharedCache.mode], use [jakarta.persistence.sharedCache.mode] instead - 4140
[2023-09-01 16:47:57,791][WARN ][main][c.z.h.HikariConfig-1039] HikariPool-1 - maxLifetime is less than 30000ms, setting to default 1800000ms. - 4217
[2023-09-01 16:47:57,791][WARN ][main][c.z.h.HikariConfig-1085] HikariPool-1 - idleTimeout is less than 10000ms, setting to default 600000ms. - 4217
[2023-09-01 16:47:58,459][WARN ][main][o.h.m.RootClass-303] HHH000038: Composite-id class does not override equals(): com.mice.backoffice.c2v_mice_backoffice_api.entity.convention.LoungeEntity$LoungeId - 4885
[2023-09-01 16:47:58,459][WARN ][main][o.h.m.RootClass-306] HHH000039: Composite-id class does not override hashCode(): com.mice.backoffice.c2v_mice_backoffice_api.entity.convention.LoungeEntity$LoungeId - 4885
[2023-09-01 16:47:58,460][WARN ][main][o.h.m.RootClass-303] HHH000038: Composite-id class does not override equals(): com.mice.backoffice.c2v_mice_backoffice_api.entity.convention.session.SessionDisplayEntity$SessionDisplayId - 4886
[2023-09-01 16:47:58,460][WARN ][main][o.h.m.RootClass-306] HHH000039: Composite-id class does not override hashCode(): com.mice.backoffice.c2v_mice_backoffice_api.entity.convention.session.SessionDisplayEntity$SessionDisplayId - 4886
[2023-09-01 16:47:58,461][WARN ][main][o.h.m.RootClass-303] HHH000038: Composite-id class does not override equals(): com.mice.backoffice.c2v_mice_backoffice_api.entity.convention.SequencesEntity$SequencesPrimaryKey - 4887
[2023-09-01 16:47:58,461][WARN ][main][o.h.m.RootClass-306] HHH000039: Composite-id class does not override hashCode(): com.mice.backoffice.c2v_mice_backoffice_api.entity.convention.SequencesEntity$SequencesPrimaryKey - 4887
[2023-09-01 16:47:58,461][WARN ][main][o.h.m.RootClass-303] HHH000038: Composite-id class does not override equals(): com.mice.backoffice.c2v_mice_backoffice_api.entity.system.CodeEntity$CodeEntityPK - 4887
[2023-09-01 16:47:58,461][WARN ][main][o.h.m.RootClass-306] HHH000039: Composite-id class does not override hashCode(): com.mice.backoffice.c2v_mice_backoffice_api.entity.system.CodeEntity$CodeEntityPK - 4887
[2023-09-01 16:47:58,461][WARN ][main][o.h.m.RootClass-303] HHH000038: Composite-id class does not override equals(): com.mice.backoffice.c2v_mice_backoffice_api.entity.convention.session.SessionQuestionRecommendEntity$SessionQuestionRecommendId - 4887
[2023-09-01 16:47:58,462][WARN ][main][o.h.m.RootClass-306] HHH000039: Composite-id class does not override hashCode(): com.mice.backoffice.c2v_mice_backoffice_api.entity.convention.session.SessionQuestionRecommendEntity$SessionQuestionRecommendId - 4888
[2023-09-01 16:47:58,463][WARN ][main][o.h.m.RootClass-303] HHH000038: Composite-id class does not override equals(): com.mice.backoffice.c2v_mice_backoffice_api.entity.convention.LanguageEntity$LanguageId - 4889
[2023-09-01 16:47:58,463][WARN ][main][o.h.m.RootClass-306] HHH000039: Composite-id class does not override hashCode(): com.mice.backoffice.c2v_mice_backoffice_api.entity.convention.LanguageEntity$LanguageId - 4889
[2023-09-01 16:47:58,463][WARN ][main][o.h.m.RootClass-303] HHH000038: Composite-id class does not override equals(): com.mice.backoffice.c2v_mice_backoffice_api.entity.convention.event.EventHostEntity$EventHostId - 4889
[2023-09-01 16:47:58,463][WARN ][main][o.h.m.RootClass-306] HHH000039: Composite-id class does not override hashCode(): com.mice.backoffice.c2v_mice_backoffice_api.entity.convention.event.EventHostEntity$EventHostId - 4889
[2023-09-01 16:47:58,463][WARN ][main][o.h.m.RootClass-303] HHH000038: Composite-id class does not override equals(): com.mice.backoffice.c2v_mice_backoffice_api.entity.convention.session.TicketEntity$TicketId - 4889
[2023-09-01 16:47:58,463][WARN ][main][o.h.m.RootClass-306] HHH000039: Composite-id class does not override hashCode(): com.mice.backoffice.c2v_mice_backoffice_api.entity.convention.session.TicketEntity$TicketId - 4889
[2023-09-01 16:47:59,035][WARN ][main][o.s.c.s.AbstractApplicationContext-592] Exception encountered during context initialization - cancelling refresh attempt: org.springframework.beans.factory.UnsatisfiedDependencyException: Error creating bean with name 'commonUtils' defined in file [D:\source\real_mice\c2v_platform_bo_mice_api\build\classes\java\main\com\mice\backoffice\c2v_mice_backoffice_api\common\CommonUtils.class]: Unsatisfied dependency expressed through constructor parameter 0: Error creating bean with name 'csvCodeInit' defined in class path resource [com/mice/backoffice/c2v_mice_backoffice_api/config/CodeConfig.class]: Failed to instantiate [java.util.Map]: Factory method 'csvCodeInit' threw exception with message: java.io.FileNotFoundException: class path resource [externals/c2v_table_data/Assets/External/Data/CSV/Emotion - Emotion.csv] cannot be opened because it does not exist - 5461
