[2023-08-29 09:58:03,700][WARN ][main][o.h.b.i.MetadataBuilderImpl$MetadataBuildingOptionsImpl-626] HHH90000021: Encountered deprecated setting [javax.persistence.sharedCache.mode], use [jakarta.persistence.sharedCache.mode] instead - 4483
[2023-08-29 09:58:03,781][WARN ][main][c.z.h.HikariConfig-1039] HikariPool-1 - maxLifetime is less than 30000ms, setting to default 1800000ms. - 4564
[2023-08-29 09:58:03,782][WARN ][main][c.z.h.HikariConfig-1085] HikariPool-1 - idleTimeout is less than 10000ms, setting to default 600000ms. - 4565
[2023-08-29 09:58:04,472][WARN ][main][o.h.m.RootClass-303] HHH000038: Composite-id class does not override equals(): com.mice.backoffice.c2v_mice_backoffice_api.entity.convention.LoungeEntity$LoungeId - 5255
[2023-08-29 09:58:04,475][WARN ][main][o.h.m.RootClass-306] HHH000039: Composite-id class does not override hashCode(): com.mice.backoffice.c2v_mice_backoffice_api.entity.convention.LoungeEntity$LoungeId - 5258
[2023-08-29 09:58:04,475][WARN ][main][o.h.m.RootClass-303] HHH000038: Composite-id class does not override equals(): com.mice.backoffice.c2v_mice_backoffice_api.entity.convention.session.SessionDisplayEntity$SessionDisplayId - 5258
[2023-08-29 09:58:04,476][WARN ][main][o.h.m.RootClass-306] HHH000039: Composite-id class does not override hashCode(): com.mice.backoffice.c2v_mice_backoffice_api.entity.convention.session.SessionDisplayEntity$SessionDisplayId - 5259
[2023-08-29 09:58:04,476][WARN ][main][o.h.m.RootClass-303] HHH000038: Composite-id class does not override equals(): com.mice.backoffice.c2v_mice_backoffice_api.entity.convention.SequencesEntity$SequencesPrimaryKey - 5259
[2023-08-29 09:58:04,476][WARN ][main][o.h.m.RootClass-306] HHH000039: Composite-id class does not override hashCode(): com.mice.backoffice.c2v_mice_backoffice_api.entity.convention.SequencesEntity$SequencesPrimaryKey - 5259
[2023-08-29 09:58:04,477][WARN ][main][o.h.m.RootClass-303] HHH000038: Composite-id class does not override equals(): com.mice.backoffice.c2v_mice_backoffice_api.entity.system.CodeEntity$CodeEntityPK - 5260
[2023-08-29 09:58:04,477][WARN ][main][o.h.m.RootClass-306] HHH000039: Composite-id class does not override hashCode(): com.mice.backoffice.c2v_mice_backoffice_api.entity.system.CodeEntity$CodeEntityPK - 5260
[2023-08-29 09:58:04,477][WARN ][main][o.h.m.RootClass-303] HHH000038: Composite-id class does not override equals(): com.mice.backoffice.c2v_mice_backoffice_api.entity.convention.session.SessionQuestionRecommendEntity$SessionQuestionRecommendId - 5260
[2023-08-29 09:58:04,477][WARN ][main][o.h.m.RootClass-306] HHH000039: Composite-id class does not override hashCode(): com.mice.backoffice.c2v_mice_backoffice_api.entity.convention.session.SessionQuestionRecommendEntity$SessionQuestionRecommendId - 5260
[2023-08-29 09:58:04,478][WARN ][main][o.h.m.RootClass-303] HHH000038: Composite-id class does not override equals(): com.mice.backoffice.c2v_mice_backoffice_api.entity.convention.LanguageEntity$LanguageId - 5261
[2023-08-29 09:58:04,478][WARN ][main][o.h.m.RootClass-306] HHH000039: Composite-id class does not override hashCode(): com.mice.backoffice.c2v_mice_backoffice_api.entity.convention.LanguageEntity$LanguageId - 5261
[2023-08-29 09:58:04,478][WARN ][main][o.h.m.RootClass-303] HHH000038: Composite-id class does not override equals(): com.mice.backoffice.c2v_mice_backoffice_api.entity.convention.event.EventHostEntity$EventHostId - 5261
[2023-08-29 09:58:04,478][WARN ][main][o.h.m.RootClass-306] HHH000039: Composite-id class does not override hashCode(): com.mice.backoffice.c2v_mice_backoffice_api.entity.convention.event.EventHostEntity$EventHostId - 5261
[2023-08-29 09:58:04,479][WARN ][main][o.h.m.RootClass-303] HHH000038: Composite-id class does not override equals(): com.mice.backoffice.c2v_mice_backoffice_api.entity.convention.session.TicketEntity$TicketId - 5262
[2023-08-29 09:58:04,479][WARN ][main][o.h.m.RootClass-306] HHH000039: Composite-id class does not override hashCode(): com.mice.backoffice.c2v_mice_backoffice_api.entity.convention.session.TicketEntity$TicketId - 5262
[2023-08-29 09:58:06,477][WARN ][main][o.s.b.a.o.j.JpaBaseConfiguration$JpaWebConfiguration-227] spring.jpa.open-in-view is enabled by default. Therefore, database queries may be performed during view rendering. Explicitly configure spring.jpa.open-in-view to disable this warning - 7260
[2023-08-29 09:58:07,664][WARN ][main][o.s.b.a.t.ThymeleafAutoConfiguration$DefaultTemplateResolverConfiguration-101] Cannot find template location: classpath:/templates/ (please add some templates, check your Thymeleaf configuration, or set spring.thymeleaf.check-template-location=false) - 8447
[2023-08-29 10:07:50,779][WARN ][main][o.h.b.i.MetadataBuilderImpl$MetadataBuildingOptionsImpl-626] HHH90000021: Encountered deprecated setting [javax.persistence.sharedCache.mode], use [jakarta.persistence.sharedCache.mode] instead - 3950
[2023-08-29 10:07:50,848][WARN ][main][c.z.h.HikariConfig-1039] HikariPool-1 - maxLifetime is less than 30000ms, setting to default 1800000ms. - 4019
[2023-08-29 10:07:50,849][WARN ][main][c.z.h.HikariConfig-1085] HikariPool-1 - idleTimeout is less than 10000ms, setting to default 600000ms. - 4020
[2023-08-29 10:07:51,496][WARN ][main][o.h.m.RootClass-303] HHH000038: Composite-id class does not override equals(): com.mice.backoffice.c2v_mice_backoffice_api.entity.convention.LoungeEntity$LoungeId - 4667
[2023-08-29 10:07:51,497][WARN ][main][o.h.m.RootClass-306] HHH000039: Composite-id class does not override hashCode(): com.mice.backoffice.c2v_mice_backoffice_api.entity.convention.LoungeEntity$LoungeId - 4668
[2023-08-29 10:07:51,497][WARN ][main][o.h.m.RootClass-303] HHH000038: Composite-id class does not override equals(): com.mice.backoffice.c2v_mice_backoffice_api.entity.convention.session.SessionDisplayEntity$SessionDisplayId - 4668
[2023-08-29 10:07:51,498][WARN ][main][o.h.m.RootClass-306] HHH000039: Composite-id class does not override hashCode(): com.mice.backoffice.c2v_mice_backoffice_api.entity.convention.session.SessionDisplayEntity$SessionDisplayId - 4669
[2023-08-29 10:07:51,498][WARN ][main][o.h.m.RootClass-303] HHH000038: Composite-id class does not override equals(): com.mice.backoffice.c2v_mice_backoffice_api.entity.convention.SequencesEntity$SequencesPrimaryKey - 4669
[2023-08-29 10:07:51,498][WARN ][main][o.h.m.RootClass-306] HHH000039: Composite-id class does not override hashCode(): com.mice.backoffice.c2v_mice_backoffice_api.entity.convention.SequencesEntity$SequencesPrimaryKey - 4669
[2023-08-29 10:07:51,499][WARN ][main][o.h.m.RootClass-303] HHH000038: Composite-id class does not override equals(): com.mice.backoffice.c2v_mice_backoffice_api.entity.system.CodeEntity$CodeEntityPK - 4670
[2023-08-29 10:07:51,499][WARN ][main][o.h.m.RootClass-306] HHH000039: Composite-id class does not override hashCode(): com.mice.backoffice.c2v_mice_backoffice_api.entity.system.CodeEntity$CodeEntityPK - 4670
[2023-08-29 10:07:51,499][WARN ][main][o.h.m.RootClass-303] HHH000038: Composite-id class does not override equals(): com.mice.backoffice.c2v_mice_backoffice_api.entity.convention.session.SessionQuestionRecommendEntity$SessionQuestionRecommendId - 4670
[2023-08-29 10:07:51,499][WARN ][main][o.h.m.RootClass-306] HHH000039: Composite-id class does not override hashCode(): com.mice.backoffice.c2v_mice_backoffice_api.entity.convention.session.SessionQuestionRecommendEntity$SessionQuestionRecommendId - 4670
[2023-08-29 10:07:51,500][WARN ][main][o.h.m.RootClass-303] HHH000038: Composite-id class does not override equals(): com.mice.backoffice.c2v_mice_backoffice_api.entity.convention.LanguageEntity$LanguageId - 4671
[2023-08-29 10:07:51,500][WARN ][main][o.h.m.RootClass-306] HHH000039: Composite-id class does not override hashCode(): com.mice.backoffice.c2v_mice_backoffice_api.entity.convention.LanguageEntity$LanguageId - 4671
[2023-08-29 10:07:51,500][WARN ][main][o.h.m.RootClass-303] HHH000038: Composite-id class does not override equals(): com.mice.backoffice.c2v_mice_backoffice_api.entity.convention.event.EventHostEntity$EventHostId - 4671
[2023-08-29 10:07:51,500][WARN ][main][o.h.m.RootClass-306] HHH000039: Composite-id class does not override hashCode(): com.mice.backoffice.c2v_mice_backoffice_api.entity.convention.event.EventHostEntity$EventHostId - 4671
[2023-08-29 10:07:51,501][WARN ][main][o.h.m.RootClass-303] HHH000038: Composite-id class does not override equals(): com.mice.backoffice.c2v_mice_backoffice_api.entity.convention.session.TicketEntity$TicketId - 4672
[2023-08-29 10:07:51,501][WARN ][main][o.h.m.RootClass-306] HHH000039: Composite-id class does not override hashCode(): com.mice.backoffice.c2v_mice_backoffice_api.entity.convention.session.TicketEntity$TicketId - 4672
[2023-08-29 10:07:53,284][WARN ][main][o.s.b.a.o.j.JpaBaseConfiguration$JpaWebConfiguration-227] spring.jpa.open-in-view is enabled by default. Therefore, database queries may be performed during view rendering. Explicitly configure spring.jpa.open-in-view to disable this warning - 6455
[2023-08-29 10:07:54,345][WARN ][main][o.s.b.a.t.ThymeleafAutoConfiguration$DefaultTemplateResolverConfiguration-101] Cannot find template location: classpath:/templates/ (please add some templates, check your Thymeleaf configuration, or set spring.thymeleaf.check-template-location=false) - 7516
[2023-08-29 10:13:58,982][WARN ][main][o.h.b.i.MetadataBuilderImpl$MetadataBuildingOptionsImpl-626] HHH90000021: Encountered deprecated setting [javax.persistence.sharedCache.mode], use [jakarta.persistence.sharedCache.mode] instead - 4041
[2023-08-29 10:13:59,048][WARN ][main][c.z.h.HikariConfig-1039] HikariPool-1 - maxLifetime is less than 30000ms, setting to default 1800000ms. - 4107
[2023-08-29 10:13:59,048][WARN ][main][c.z.h.HikariConfig-1085] HikariPool-1 - idleTimeout is less than 10000ms, setting to default 600000ms. - 4107
[2023-08-29 10:13:59,700][WARN ][main][o.h.m.RootClass-303] HHH000038: Composite-id class does not override equals(): com.mice.backoffice.c2v_mice_backoffice_api.entity.convention.LoungeEntity$LoungeId - 4759
[2023-08-29 10:13:59,700][WARN ][main][o.h.m.RootClass-306] HHH000039: Composite-id class does not override hashCode(): com.mice.backoffice.c2v_mice_backoffice_api.entity.convention.LoungeEntity$LoungeId - 4759
[2023-08-29 10:13:59,701][WARN ][main][o.h.m.RootClass-303] HHH000038: Composite-id class does not override equals(): com.mice.backoffice.c2v_mice_backoffice_api.entity.convention.session.SessionDisplayEntity$SessionDisplayId - 4760
[2023-08-29 10:13:59,702][WARN ][main][o.h.m.RootClass-306] HHH000039: Composite-id class does not override hashCode(): com.mice.backoffice.c2v_mice_backoffice_api.entity.convention.session.SessionDisplayEntity$SessionDisplayId - 4761
[2023-08-29 10:13:59,702][WARN ][main][o.h.m.RootClass-303] HHH000038: Composite-id class does not override equals(): com.mice.backoffice.c2v_mice_backoffice_api.entity.convention.SequencesEntity$SequencesPrimaryKey - 4761
[2023-08-29 10:13:59,702][WARN ][main][o.h.m.RootClass-306] HHH000039: Composite-id class does not override hashCode(): com.mice.backoffice.c2v_mice_backoffice_api.entity.convention.SequencesEntity$SequencesPrimaryKey - 4761
[2023-08-29 10:13:59,703][WARN ][main][o.h.m.RootClass-303] HHH000038: Composite-id class does not override equals(): com.mice.backoffice.c2v_mice_backoffice_api.entity.system.CodeEntity$CodeEntityPK - 4762
[2023-08-29 10:13:59,703][WARN ][main][o.h.m.RootClass-306] HHH000039: Composite-id class does not override hashCode(): com.mice.backoffice.c2v_mice_backoffice_api.entity.system.CodeEntity$CodeEntityPK - 4762
[2023-08-29 10:13:59,703][WARN ][main][o.h.m.RootClass-303] HHH000038: Composite-id class does not override equals(): com.mice.backoffice.c2v_mice_backoffice_api.entity.convention.session.SessionQuestionRecommendEntity$SessionQuestionRecommendId - 4762
[2023-08-29 10:13:59,703][WARN ][main][o.h.m.RootClass-306] HHH000039: Composite-id class does not override hashCode(): com.mice.backoffice.c2v_mice_backoffice_api.entity.convention.session.SessionQuestionRecommendEntity$SessionQuestionRecommendId - 4762
[2023-08-29 10:13:59,704][WARN ][main][o.h.m.RootClass-303] HHH000038: Composite-id class does not override equals(): com.mice.backoffice.c2v_mice_backoffice_api.entity.convention.LanguageEntity$LanguageId - 4763
[2023-08-29 10:13:59,705][WARN ][main][o.h.m.RootClass-306] HHH000039: Composite-id class does not override hashCode(): com.mice.backoffice.c2v_mice_backoffice_api.entity.convention.LanguageEntity$LanguageId - 4764
[2023-08-29 10:13:59,705][WARN ][main][o.h.m.RootClass-303] HHH000038: Composite-id class does not override equals(): com.mice.backoffice.c2v_mice_backoffice_api.entity.convention.event.EventHostEntity$EventHostId - 4764
[2023-08-29 10:13:59,705][WARN ][main][o.h.m.RootClass-306] HHH000039: Composite-id class does not override hashCode(): com.mice.backoffice.c2v_mice_backoffice_api.entity.convention.event.EventHostEntity$EventHostId - 4764
[2023-08-29 10:13:59,705][WARN ][main][o.h.m.RootClass-303] HHH000038: Composite-id class does not override equals(): com.mice.backoffice.c2v_mice_backoffice_api.entity.convention.session.TicketEntity$TicketId - 4764
[2023-08-29 10:13:59,705][WARN ][main][o.h.m.RootClass-306] HHH000039: Composite-id class does not override hashCode(): com.mice.backoffice.c2v_mice_backoffice_api.entity.convention.session.TicketEntity$TicketId - 4764
[2023-08-29 10:14:01,532][WARN ][main][o.s.b.a.o.j.JpaBaseConfiguration$JpaWebConfiguration-227] spring.jpa.open-in-view is enabled by default. Therefore, database queries may be performed during view rendering. Explicitly configure spring.jpa.open-in-view to disable this warning - 6591
[2023-08-29 10:14:02,605][WARN ][main][o.s.b.a.t.ThymeleafAutoConfiguration$DefaultTemplateResolverConfiguration-101] Cannot find template location: classpath:/templates/ (please add some templates, check your Thymeleaf configuration, or set spring.thymeleaf.check-template-location=false) - 7664
[2023-08-29 11:22:35,116][WARN ][http-nio-20004-exec-5][o.h.p.e.AbstractEntityPersister-650] HHH000502: The [event] property of the [com.mice.backoffice.c2v_mice_backoffice_api.entity.convention.screen.ScreenEntity] entity was modified, but it won't be updated because the property is immutable. - 4120175
[2023-08-29 11:22:35,117][WARN ][http-nio-20004-exec-5][o.h.p.e.AbstractEntityPersister-650] HHH000502: The [program] property of the [com.mice.backoffice.c2v_mice_backoffice_api.entity.convention.screen.ScreenEntity] entity was modified, but it won't be updated because the property is immutable. - 4120176
[2023-08-29 11:22:35,118][WARN ][http-nio-20004-exec-5][o.h.p.e.AbstractEntityPersister-650] HHH000502: The [session] property of the [com.mice.backoffice.c2v_mice_backoffice_api.entity.convention.screen.ScreenEntity] entity was modified, but it won't be updated because the property is immutable. - 4120177
[2023-08-29 11:22:35,180][WARN ][http-nio-20004-exec-5][o.h.p.e.AbstractEntityPersister-650] HHH000502: The [event] property of the [com.mice.backoffice.c2v_mice_backoffice_api.entity.convention.screen.ScreenEntity] entity was modified, but it won't be updated because the property is immutable. - 4120239
[2023-08-29 11:22:35,181][WARN ][http-nio-20004-exec-5][o.h.p.e.AbstractEntityPersister-650] HHH000502: The [program] property of the [com.mice.backoffice.c2v_mice_backoffice_api.entity.convention.screen.ScreenEntity] entity was modified, but it won't be updated because the property is immutable. - 4120240
[2023-08-29 11:22:35,181][WARN ][http-nio-20004-exec-5][o.h.p.e.AbstractEntityPersister-650] HHH000502: The [session] property of the [com.mice.backoffice.c2v_mice_backoffice_api.entity.convention.screen.ScreenEntity] entity was modified, but it won't be updated because the property is immutable. - 4120240
[2023-08-29 11:22:35,248][WARN ][http-nio-20004-exec-5][o.h.p.e.AbstractEntityPersister-650] HHH000502: The [event] property of the [com.mice.backoffice.c2v_mice_backoffice_api.entity.convention.screen.ScreenEntity] entity was modified, but it won't be updated because the property is immutable. - 4120307
[2023-08-29 11:22:35,248][WARN ][http-nio-20004-exec-5][o.h.p.e.AbstractEntityPersister-650] HHH000502: The [program] property of the [com.mice.backoffice.c2v_mice_backoffice_api.entity.convention.screen.ScreenEntity] entity was modified, but it won't be updated because the property is immutable. - 4120307
[2023-08-29 11:22:35,249][WARN ][http-nio-20004-exec-5][o.h.p.e.AbstractEntityPersister-650] HHH000502: The [session] property of the [com.mice.backoffice.c2v_mice_backoffice_api.entity.convention.screen.ScreenEntity] entity was modified, but it won't be updated because the property is immutable. - 4120308
[2023-08-29 11:22:35,311][WARN ][http-nio-20004-exec-5][o.h.p.e.AbstractEntityPersister-650] HHH000502: The [event] property of the [com.mice.backoffice.c2v_mice_backoffice_api.entity.convention.screen.ScreenEntity] entity was modified, but it won't be updated because the property is immutable. - 4120370
[2023-08-29 11:22:35,311][WARN ][http-nio-20004-exec-5][o.h.p.e.AbstractEntityPersister-650] HHH000502: The [program] property of the [com.mice.backoffice.c2v_mice_backoffice_api.entity.convention.screen.ScreenEntity] entity was modified, but it won't be updated because the property is immutable. - 4120370
[2023-08-29 11:22:35,312][WARN ][http-nio-20004-exec-5][o.h.p.e.AbstractEntityPersister-650] HHH000502: The [session] property of the [com.mice.backoffice.c2v_mice_backoffice_api.entity.convention.screen.ScreenEntity] entity was modified, but it won't be updated because the property is immutable. - 4120371
[2023-08-29 11:22:35,373][WARN ][http-nio-20004-exec-5][o.h.p.e.AbstractEntityPersister-650] HHH000502: The [event] property of the [com.mice.backoffice.c2v_mice_backoffice_api.entity.convention.screen.ScreenEntity] entity was modified, but it won't be updated because the property is immutable. - 4120432
[2023-08-29 11:22:35,373][WARN ][http-nio-20004-exec-5][o.h.p.e.AbstractEntityPersister-650] HHH000502: The [program] property of the [com.mice.backoffice.c2v_mice_backoffice_api.entity.convention.screen.ScreenEntity] entity was modified, but it won't be updated because the property is immutable. - 4120432
[2023-08-29 11:22:35,374][WARN ][http-nio-20004-exec-5][o.h.p.e.AbstractEntityPersister-650] HHH000502: The [session] property of the [com.mice.backoffice.c2v_mice_backoffice_api.entity.convention.screen.ScreenEntity] entity was modified, but it won't be updated because the property is immutable. - 4120433
[2023-08-29 11:22:35,435][WARN ][http-nio-20004-exec-5][o.h.p.e.AbstractEntityPersister-650] HHH000502: The [event] property of the [com.mice.backoffice.c2v_mice_backoffice_api.entity.convention.screen.ScreenEntity] entity was modified, but it won't be updated because the property is immutable. - 4120494
[2023-08-29 11:22:35,436][WARN ][http-nio-20004-exec-5][o.h.p.e.AbstractEntityPersister-650] HHH000502: The [program] property of the [com.mice.backoffice.c2v_mice_backoffice_api.entity.convention.screen.ScreenEntity] entity was modified, but it won't be updated because the property is immutable. - 4120495
[2023-08-29 11:22:35,437][WARN ][http-nio-20004-exec-5][o.h.p.e.AbstractEntityPersister-650] HHH000502: The [session] property of the [com.mice.backoffice.c2v_mice_backoffice_api.entity.convention.screen.ScreenEntity] entity was modified, but it won't be updated because the property is immutable. - 4120496
[2023-08-29 11:22:35,500][WARN ][http-nio-20004-exec-5][o.h.p.e.AbstractEntityPersister-650] HHH000502: The [event] property of the [com.mice.backoffice.c2v_mice_backoffice_api.entity.convention.screen.ScreenEntity] entity was modified, but it won't be updated because the property is immutable. - 4120559
[2023-08-29 11:22:35,500][WARN ][http-nio-20004-exec-5][o.h.p.e.AbstractEntityPersister-650] HHH000502: The [program] property of the [com.mice.backoffice.c2v_mice_backoffice_api.entity.convention.screen.ScreenEntity] entity was modified, but it won't be updated because the property is immutable. - 4120559
[2023-08-29 11:22:35,500][WARN ][http-nio-20004-exec-5][o.h.p.e.AbstractEntityPersister-650] HHH000502: The [session] property of the [com.mice.backoffice.c2v_mice_backoffice_api.entity.convention.screen.ScreenEntity] entity was modified, but it won't be updated because the property is immutable. - 4120559
[2023-08-29 11:22:35,562][WARN ][http-nio-20004-exec-5][o.h.p.e.AbstractEntityPersister-650] HHH000502: The [event] property of the [com.mice.backoffice.c2v_mice_backoffice_api.entity.convention.screen.ScreenEntity] entity was modified, but it won't be updated because the property is immutable. - 4120621
[2023-08-29 11:22:35,563][WARN ][http-nio-20004-exec-5][o.h.p.e.AbstractEntityPersister-650] HHH000502: The [program] property of the [com.mice.backoffice.c2v_mice_backoffice_api.entity.convention.screen.ScreenEntity] entity was modified, but it won't be updated because the property is immutable. - 4120622
[2023-08-29 11:22:35,563][WARN ][http-nio-20004-exec-5][o.h.p.e.AbstractEntityPersister-650] HHH000502: The [session] property of the [com.mice.backoffice.c2v_mice_backoffice_api.entity.convention.screen.ScreenEntity] entity was modified, but it won't be updated because the property is immutable. - 4120622
[2023-08-29 11:22:35,628][WARN ][http-nio-20004-exec-5][o.h.p.e.AbstractEntityPersister-650] HHH000502: The [event] property of the [com.mice.backoffice.c2v_mice_backoffice_api.entity.convention.screen.ScreenEntity] entity was modified, but it won't be updated because the property is immutable. - 4120687
[2023-08-29 11:22:35,628][WARN ][http-nio-20004-exec-5][o.h.p.e.AbstractEntityPersister-650] HHH000502: The [program] property of the [com.mice.backoffice.c2v_mice_backoffice_api.entity.convention.screen.ScreenEntity] entity was modified, but it won't be updated because the property is immutable. - 4120687
[2023-08-29 11:22:35,628][WARN ][http-nio-20004-exec-5][o.h.p.e.AbstractEntityPersister-650] HHH000502: The [session] property of the [com.mice.backoffice.c2v_mice_backoffice_api.entity.convention.screen.ScreenEntity] entity was modified, but it won't be updated because the property is immutable. - 4120687
[2023-08-29 11:22:35,748][WARN ][http-nio-20004-exec-5][o.h.p.e.AbstractEntityPersister-650] HHH000502: The [event] property of the [com.mice.backoffice.c2v_mice_backoffice_api.entity.convention.screen.ScreenEntity] entity was modified, but it won't be updated because the property is immutable. - 4120807
[2023-08-29 11:22:35,749][WARN ][http-nio-20004-exec-5][o.h.p.e.AbstractEntityPersister-650] HHH000502: The [program] property of the [com.mice.backoffice.c2v_mice_backoffice_api.entity.convention.screen.ScreenEntity] entity was modified, but it won't be updated because the property is immutable. - 4120808
[2023-08-29 11:22:35,749][WARN ][http-nio-20004-exec-5][o.h.p.e.AbstractEntityPersister-650] HHH000502: The [session] property of the [com.mice.backoffice.c2v_mice_backoffice_api.entity.convention.screen.ScreenEntity] entity was modified, but it won't be updated because the property is immutable. - 4120808
[2023-08-29 11:22:35,805][WARN ][http-nio-20004-exec-5][o.h.p.e.AbstractEntityPersister-650] HHH000502: The [event] property of the [com.mice.backoffice.c2v_mice_backoffice_api.entity.convention.screen.ScreenEntity] entity was modified, but it won't be updated because the property is immutable. - 4120864
[2023-08-29 11:22:35,805][WARN ][http-nio-20004-exec-5][o.h.p.e.AbstractEntityPersister-650] HHH000502: The [program] property of the [com.mice.backoffice.c2v_mice_backoffice_api.entity.convention.screen.ScreenEntity] entity was modified, but it won't be updated because the property is immutable. - 4120864
[2023-08-29 11:22:35,805][WARN ][http-nio-20004-exec-5][o.h.p.e.AbstractEntityPersister-650] HHH000502: The [session] property of the [com.mice.backoffice.c2v_mice_backoffice_api.entity.convention.screen.ScreenEntity] entity was modified, but it won't be updated because the property is immutable. - 4120864
[2023-08-29 11:22:35,873][WARN ][http-nio-20004-exec-5][o.h.p.e.AbstractEntityPersister-650] HHH000502: The [event] property of the [com.mice.backoffice.c2v_mice_backoffice_api.entity.convention.screen.ScreenEntity] entity was modified, but it won't be updated because the property is immutable. - 4120932
[2023-08-29 11:22:35,875][WARN ][http-nio-20004-exec-5][o.h.p.e.AbstractEntityPersister-650] HHH000502: The [program] property of the [com.mice.backoffice.c2v_mice_backoffice_api.entity.convention.screen.ScreenEntity] entity was modified, but it won't be updated because the property is immutable. - 4120934
[2023-08-29 11:22:35,875][WARN ][http-nio-20004-exec-5][o.h.p.e.AbstractEntityPersister-650] HHH000502: The [session] property of the [com.mice.backoffice.c2v_mice_backoffice_api.entity.convention.screen.ScreenEntity] entity was modified, but it won't be updated because the property is immutable. - 4120934
[2023-08-29 11:22:35,937][WARN ][http-nio-20004-exec-5][o.h.p.e.AbstractEntityPersister-650] HHH000502: The [event] property of the [com.mice.backoffice.c2v_mice_backoffice_api.entity.convention.screen.ScreenEntity] entity was modified, but it won't be updated because the property is immutable. - 4120996
[2023-08-29 11:22:35,938][WARN ][http-nio-20004-exec-5][o.h.p.e.AbstractEntityPersister-650] HHH000502: The [program] property of the [com.mice.backoffice.c2v_mice_backoffice_api.entity.convention.screen.ScreenEntity] entity was modified, but it won't be updated because the property is immutable. - 4120997
[2023-08-29 11:22:35,938][WARN ][http-nio-20004-exec-5][o.h.p.e.AbstractEntityPersister-650] HHH000502: The [session] property of the [com.mice.backoffice.c2v_mice_backoffice_api.entity.convention.screen.ScreenEntity] entity was modified, but it won't be updated because the property is immutable. - 4120997
[2023-08-29 11:22:35,998][WARN ][http-nio-20004-exec-5][o.h.p.e.AbstractEntityPersister-650] HHH000502: The [event] property of the [com.mice.backoffice.c2v_mice_backoffice_api.entity.convention.screen.ScreenEntity] entity was modified, but it won't be updated because the property is immutable. - 4121057
[2023-08-29 11:22:35,999][WARN ][http-nio-20004-exec-5][o.h.p.e.AbstractEntityPersister-650] HHH000502: The [program] property of the [com.mice.backoffice.c2v_mice_backoffice_api.entity.convention.screen.ScreenEntity] entity was modified, but it won't be updated because the property is immutable. - 4121058
[2023-08-29 11:22:35,999][WARN ][http-nio-20004-exec-5][o.h.p.e.AbstractEntityPersister-650] HHH000502: The [session] property of the [com.mice.backoffice.c2v_mice_backoffice_api.entity.convention.screen.ScreenEntity] entity was modified, but it won't be updated because the property is immutable. - 4121058
[2023-08-29 11:22:36,068][WARN ][http-nio-20004-exec-5][o.h.p.e.AbstractEntityPersister-650] HHH000502: The [event] property of the [com.mice.backoffice.c2v_mice_backoffice_api.entity.convention.screen.ScreenEntity] entity was modified, but it won't be updated because the property is immutable. - 4121127
[2023-08-29 11:22:36,068][WARN ][http-nio-20004-exec-5][o.h.p.e.AbstractEntityPersister-650] HHH000502: The [program] property of the [com.mice.backoffice.c2v_mice_backoffice_api.entity.convention.screen.ScreenEntity] entity was modified, but it won't be updated because the property is immutable. - 4121127
[2023-08-29 11:22:36,069][WARN ][http-nio-20004-exec-5][o.h.p.e.AbstractEntityPersister-650] HHH000502: The [session] property of the [com.mice.backoffice.c2v_mice_backoffice_api.entity.convention.screen.ScreenEntity] entity was modified, but it won't be updated because the property is immutable. - 4121128
[2023-08-29 11:22:36,133][WARN ][http-nio-20004-exec-5][o.h.p.e.AbstractEntityPersister-650] HHH000502: The [event] property of the [com.mice.backoffice.c2v_mice_backoffice_api.entity.convention.screen.ScreenEntity] entity was modified, but it won't be updated because the property is immutable. - 4121192
[2023-08-29 11:22:36,133][WARN ][http-nio-20004-exec-5][o.h.p.e.AbstractEntityPersister-650] HHH000502: The [program] property of the [com.mice.backoffice.c2v_mice_backoffice_api.entity.convention.screen.ScreenEntity] entity was modified, but it won't be updated because the property is immutable. - 4121192
[2023-08-29 11:22:36,134][WARN ][http-nio-20004-exec-5][o.h.p.e.AbstractEntityPersister-650] HHH000502: The [session] property of the [com.mice.backoffice.c2v_mice_backoffice_api.entity.convention.screen.ScreenEntity] entity was modified, but it won't be updated because the property is immutable. - 4121193
[2023-08-29 11:22:36,198][WARN ][http-nio-20004-exec-5][o.h.p.e.AbstractEntityPersister-650] HHH000502: The [event] property of the [com.mice.backoffice.c2v_mice_backoffice_api.entity.convention.screen.ScreenEntity] entity was modified, but it won't be updated because the property is immutable. - 4121257
[2023-08-29 11:22:36,199][WARN ][http-nio-20004-exec-5][o.h.p.e.AbstractEntityPersister-650] HHH000502: The [program] property of the [com.mice.backoffice.c2v_mice_backoffice_api.entity.convention.screen.ScreenEntity] entity was modified, but it won't be updated because the property is immutable. - 4121258
[2023-08-29 11:22:36,199][WARN ][http-nio-20004-exec-5][o.h.p.e.AbstractEntityPersister-650] HHH000502: The [session] property of the [com.mice.backoffice.c2v_mice_backoffice_api.entity.convention.screen.ScreenEntity] entity was modified, but it won't be updated because the property is immutable. - 4121258
[2023-08-29 11:22:36,268][WARN ][http-nio-20004-exec-5][o.h.p.e.AbstractEntityPersister-650] HHH000502: The [event] property of the [com.mice.backoffice.c2v_mice_backoffice_api.entity.convention.screen.ScreenEntity] entity was modified, but it won't be updated because the property is immutable. - 4121327
[2023-08-29 11:22:36,268][WARN ][http-nio-20004-exec-5][o.h.p.e.AbstractEntityPersister-650] HHH000502: The [program] property of the [com.mice.backoffice.c2v_mice_backoffice_api.entity.convention.screen.ScreenEntity] entity was modified, but it won't be updated because the property is immutable. - 4121327
[2023-08-29 11:22:36,269][WARN ][http-nio-20004-exec-5][o.h.p.e.AbstractEntityPersister-650] HHH000502: The [session] property of the [com.mice.backoffice.c2v_mice_backoffice_api.entity.convention.screen.ScreenEntity] entity was modified, but it won't be updated because the property is immutable. - 4121328
[2023-08-29 11:22:36,334][WARN ][http-nio-20004-exec-5][o.h.p.e.AbstractEntityPersister-650] HHH000502: The [event] property of the [com.mice.backoffice.c2v_mice_backoffice_api.entity.convention.screen.ScreenEntity] entity was modified, but it won't be updated because the property is immutable. - 4121393
[2023-08-29 11:22:36,335][WARN ][http-nio-20004-exec-5][o.h.p.e.AbstractEntityPersister-650] HHH000502: The [program] property of the [com.mice.backoffice.c2v_mice_backoffice_api.entity.convention.screen.ScreenEntity] entity was modified, but it won't be updated because the property is immutable. - 4121394
[2023-08-29 11:22:36,335][WARN ][http-nio-20004-exec-5][o.h.p.e.AbstractEntityPersister-650] HHH000502: The [session] property of the [com.mice.backoffice.c2v_mice_backoffice_api.entity.convention.screen.ScreenEntity] entity was modified, but it won't be updated because the property is immutable. - 4121394
[2023-08-29 11:22:36,458][WARN ][http-nio-20004-exec-5][o.h.p.e.AbstractEntityPersister-650] HHH000502: The [event] property of the [com.mice.backoffice.c2v_mice_backoffice_api.entity.convention.screen.ScreenEntity] entity was modified, but it won't be updated because the property is immutable. - 4121517
[2023-08-29 11:22:36,459][WARN ][http-nio-20004-exec-5][o.h.p.e.AbstractEntityPersister-650] HHH000502: The [program] property of the [com.mice.backoffice.c2v_mice_backoffice_api.entity.convention.screen.ScreenEntity] entity was modified, but it won't be updated because the property is immutable. - 4121518
[2023-08-29 11:22:36,460][WARN ][http-nio-20004-exec-5][o.h.p.e.AbstractEntityPersister-650] HHH000502: The [session] property of the [com.mice.backoffice.c2v_mice_backoffice_api.entity.convention.screen.ScreenEntity] entity was modified, but it won't be updated because the property is immutable. - 4121519
