[2023-08-30 14:08:19,887][WARN ][main][o.h.b.i.MetadataBuilderImpl$MetadataBuildingOptionsImpl-626] HHH90000021: Encountered deprecated setting [javax.persistence.sharedCache.mode], use [jakarta.persistence.sharedCache.mode] instead - 4116
[2023-08-30 14:08:19,954][WARN ][main][c.z.h.HikariConfig-1039] HikariPool-1 - maxLifetime is less than 30000ms, setting to default 1800000ms. - 4183
[2023-08-30 14:08:19,954][WARN ][main][c.z.h.HikariConfig-1085] HikariPool-1 - idleTimeout is less than 10000ms, setting to default 600000ms. - 4183
[2023-08-30 14:08:20,625][WARN ][main][o.h.m.RootClass-303] HHH000038: Composite-id class does not override equals(): com.mice.backoffice.c2v_mice_backoffice_api.entity.convention.LoungeEntity$LoungeId - 4854
[2023-08-30 14:08:20,628][WARN ][main][o.h.m.RootClass-306] HHH000039: Composite-id class does not override hashCode(): com.mice.backoffice.c2v_mice_backoffice_api.entity.convention.LoungeEntity$LoungeId - 4857
[2023-08-30 14:08:20,629][WARN ][main][o.h.m.RootClass-303] HHH000038: Composite-id class does not override equals(): com.mice.backoffice.c2v_mice_backoffice_api.entity.convention.session.SessionDisplayEntity$SessionDisplayId - 4858
[2023-08-30 14:08:20,629][WARN ][main][o.h.m.RootClass-306] HHH000039: Composite-id class does not override hashCode(): com.mice.backoffice.c2v_mice_backoffice_api.entity.convention.session.SessionDisplayEntity$SessionDisplayId - 4858
[2023-08-30 14:08:20,629][WARN ][main][o.h.m.RootClass-303] HHH000038: Composite-id class does not override equals(): com.mice.backoffice.c2v_mice_backoffice_api.entity.convention.SequencesEntity$SequencesPrimaryKey - 4858
[2023-08-30 14:08:20,630][WARN ][main][o.h.m.RootClass-306] HHH000039: Composite-id class does not override hashCode(): com.mice.backoffice.c2v_mice_backoffice_api.entity.convention.SequencesEntity$SequencesPrimaryKey - 4859
[2023-08-30 14:08:20,630][WARN ][main][o.h.m.RootClass-303] HHH000038: Composite-id class does not override equals(): com.mice.backoffice.c2v_mice_backoffice_api.entity.system.CodeEntity$CodeEntityPK - 4859
[2023-08-30 14:08:20,630][WARN ][main][o.h.m.RootClass-306] HHH000039: Composite-id class does not override hashCode(): com.mice.backoffice.c2v_mice_backoffice_api.entity.system.CodeEntity$CodeEntityPK - 4859
[2023-08-30 14:08:20,630][WARN ][main][o.h.m.RootClass-303] HHH000038: Composite-id class does not override equals(): com.mice.backoffice.c2v_mice_backoffice_api.entity.convention.session.SessionQuestionRecommendEntity$SessionQuestionRecommendId - 4859
[2023-08-30 14:08:20,630][WARN ][main][o.h.m.RootClass-306] HHH000039: Composite-id class does not override hashCode(): com.mice.backoffice.c2v_mice_backoffice_api.entity.convention.session.SessionQuestionRecommendEntity$SessionQuestionRecommendId - 4859
[2023-08-30 14:08:20,631][WARN ][main][o.h.m.RootClass-303] HHH000038: Composite-id class does not override equals(): com.mice.backoffice.c2v_mice_backoffice_api.entity.convention.LanguageEntity$LanguageId - 4860
[2023-08-30 14:08:20,631][WARN ][main][o.h.m.RootClass-306] HHH000039: Composite-id class does not override hashCode(): com.mice.backoffice.c2v_mice_backoffice_api.entity.convention.LanguageEntity$LanguageId - 4860
[2023-08-30 14:08:20,632][WARN ][main][o.h.m.RootClass-303] HHH000038: Composite-id class does not override equals(): com.mice.backoffice.c2v_mice_backoffice_api.entity.convention.event.EventHostEntity$EventHostId - 4861
[2023-08-30 14:08:20,632][WARN ][main][o.h.m.RootClass-306] HHH000039: Composite-id class does not override hashCode(): com.mice.backoffice.c2v_mice_backoffice_api.entity.convention.event.EventHostEntity$EventHostId - 4861
[2023-08-30 14:08:20,632][WARN ][main][o.h.m.RootClass-303] HHH000038: Composite-id class does not override equals(): com.mice.backoffice.c2v_mice_backoffice_api.entity.convention.session.TicketEntity$TicketId - 4861
[2023-08-30 14:08:20,632][WARN ][main][o.h.m.RootClass-306] HHH000039: Composite-id class does not override hashCode(): com.mice.backoffice.c2v_mice_backoffice_api.entity.convention.session.TicketEntity$TicketId - 4861
[2023-08-30 14:08:22,462][WARN ][main][o.s.b.a.o.j.JpaBaseConfiguration$JpaWebConfiguration-227] spring.jpa.open-in-view is enabled by default. Therefore, database queries may be performed during view rendering. Explicitly configure spring.jpa.open-in-view to disable this warning - 6691
[2023-08-30 14:08:23,547][WARN ][main][o.s.b.a.t.ThymeleafAutoConfiguration$DefaultTemplateResolverConfiguration-101] Cannot find template location: classpath:/templates/ (please add some templates, check your Thymeleaf configuration, or set spring.thymeleaf.check-template-location=false) - 7776
[2023-08-30 14:34:52,111][WARN ][main][o.h.b.i.MetadataBuilderImpl$MetadataBuildingOptionsImpl-626] HHH90000021: Encountered deprecated setting [javax.persistence.sharedCache.mode], use [jakarta.persistence.sharedCache.mode] instead - 3942
[2023-08-30 14:34:52,179][WARN ][main][c.z.h.HikariConfig-1039] HikariPool-1 - maxLifetime is less than 30000ms, setting to default 1800000ms. - 4010
[2023-08-30 14:34:52,180][WARN ][main][c.z.h.HikariConfig-1085] HikariPool-1 - idleTimeout is less than 10000ms, setting to default 600000ms. - 4011
[2023-08-30 14:34:52,841][WARN ][main][o.h.m.RootClass-303] HHH000038: Composite-id class does not override equals(): com.mice.backoffice.c2v_mice_backoffice_api.entity.convention.LoungeEntity$LoungeId - 4672
[2023-08-30 14:34:52,842][WARN ][main][o.h.m.RootClass-306] HHH000039: Composite-id class does not override hashCode(): com.mice.backoffice.c2v_mice_backoffice_api.entity.convention.LoungeEntity$LoungeId - 4673
[2023-08-30 14:34:52,843][WARN ][main][o.h.m.RootClass-303] HHH000038: Composite-id class does not override equals(): com.mice.backoffice.c2v_mice_backoffice_api.entity.convention.session.SessionDisplayEntity$SessionDisplayId - 4674
[2023-08-30 14:34:52,843][WARN ][main][o.h.m.RootClass-306] HHH000039: Composite-id class does not override hashCode(): com.mice.backoffice.c2v_mice_backoffice_api.entity.convention.session.SessionDisplayEntity$SessionDisplayId - 4674
[2023-08-30 14:34:52,844][WARN ][main][o.h.m.RootClass-303] HHH000038: Composite-id class does not override equals(): com.mice.backoffice.c2v_mice_backoffice_api.entity.convention.SequencesEntity$SequencesPrimaryKey - 4675
[2023-08-30 14:34:52,844][WARN ][main][o.h.m.RootClass-306] HHH000039: Composite-id class does not override hashCode(): com.mice.backoffice.c2v_mice_backoffice_api.entity.convention.SequencesEntity$SequencesPrimaryKey - 4675
[2023-08-30 14:34:52,844][WARN ][main][o.h.m.RootClass-303] HHH000038: Composite-id class does not override equals(): com.mice.backoffice.c2v_mice_backoffice_api.entity.system.CodeEntity$CodeEntityPK - 4675
[2023-08-30 14:34:52,844][WARN ][main][o.h.m.RootClass-306] HHH000039: Composite-id class does not override hashCode(): com.mice.backoffice.c2v_mice_backoffice_api.entity.system.CodeEntity$CodeEntityPK - 4675
[2023-08-30 14:34:52,845][WARN ][main][o.h.m.RootClass-303] HHH000038: Composite-id class does not override equals(): com.mice.backoffice.c2v_mice_backoffice_api.entity.convention.session.SessionQuestionRecommendEntity$SessionQuestionRecommendId - 4676
[2023-08-30 14:34:52,845][WARN ][main][o.h.m.RootClass-306] HHH000039: Composite-id class does not override hashCode(): com.mice.backoffice.c2v_mice_backoffice_api.entity.convention.session.SessionQuestionRecommendEntity$SessionQuestionRecommendId - 4676
[2023-08-30 14:34:52,846][WARN ][main][o.h.m.RootClass-303] HHH000038: Composite-id class does not override equals(): com.mice.backoffice.c2v_mice_backoffice_api.entity.convention.LanguageEntity$LanguageId - 4677
[2023-08-30 14:34:52,846][WARN ][main][o.h.m.RootClass-306] HHH000039: Composite-id class does not override hashCode(): com.mice.backoffice.c2v_mice_backoffice_api.entity.convention.LanguageEntity$LanguageId - 4677
[2023-08-30 14:34:52,846][WARN ][main][o.h.m.RootClass-303] HHH000038: Composite-id class does not override equals(): com.mice.backoffice.c2v_mice_backoffice_api.entity.convention.event.EventHostEntity$EventHostId - 4677
[2023-08-30 14:34:52,846][WARN ][main][o.h.m.RootClass-306] HHH000039: Composite-id class does not override hashCode(): com.mice.backoffice.c2v_mice_backoffice_api.entity.convention.event.EventHostEntity$EventHostId - 4677
[2023-08-30 14:34:52,847][WARN ][main][o.h.m.RootClass-303] HHH000038: Composite-id class does not override equals(): com.mice.backoffice.c2v_mice_backoffice_api.entity.convention.session.TicketEntity$TicketId - 4678
[2023-08-30 14:34:52,847][WARN ][main][o.h.m.RootClass-306] HHH000039: Composite-id class does not override hashCode(): com.mice.backoffice.c2v_mice_backoffice_api.entity.convention.session.TicketEntity$TicketId - 4678
[2023-08-30 14:34:54,716][WARN ][main][o.s.b.a.o.j.JpaBaseConfiguration$JpaWebConfiguration-227] spring.jpa.open-in-view is enabled by default. Therefore, database queries may be performed during view rendering. Explicitly configure spring.jpa.open-in-view to disable this warning - 6547
[2023-08-30 14:34:55,867][WARN ][main][o.s.b.a.t.ThymeleafAutoConfiguration$DefaultTemplateResolverConfiguration-101] Cannot find template location: classpath:/templates/ (please add some templates, check your Thymeleaf configuration, or set spring.thymeleaf.check-template-location=false) - 7698
[2023-08-30 15:18:04,541][WARN ][main][o.h.b.i.MetadataBuilderImpl$MetadataBuildingOptionsImpl-626] HHH90000021: Encountered deprecated setting [javax.persistence.sharedCache.mode], use [jakarta.persistence.sharedCache.mode] instead - 3876
[2023-08-30 15:18:04,615][WARN ][main][c.z.h.HikariConfig-1039] HikariPool-1 - maxLifetime is less than 30000ms, setting to default 1800000ms. - 3950
[2023-08-30 15:18:04,615][WARN ][main][c.z.h.HikariConfig-1085] HikariPool-1 - idleTimeout is less than 10000ms, setting to default 600000ms. - 3950
[2023-08-30 15:18:05,245][WARN ][main][o.h.m.RootClass-303] HHH000038: Composite-id class does not override equals(): com.mice.backoffice.c2v_mice_backoffice_api.entity.convention.LoungeEntity$LoungeId - 4580
[2023-08-30 15:18:05,245][WARN ][main][o.h.m.RootClass-306] HHH000039: Composite-id class does not override hashCode(): com.mice.backoffice.c2v_mice_backoffice_api.entity.convention.LoungeEntity$LoungeId - 4580
[2023-08-30 15:18:05,246][WARN ][main][o.h.m.RootClass-303] HHH000038: Composite-id class does not override equals(): com.mice.backoffice.c2v_mice_backoffice_api.entity.convention.session.SessionDisplayEntity$SessionDisplayId - 4581
[2023-08-30 15:18:05,246][WARN ][main][o.h.m.RootClass-306] HHH000039: Composite-id class does not override hashCode(): com.mice.backoffice.c2v_mice_backoffice_api.entity.convention.session.SessionDisplayEntity$SessionDisplayId - 4581
[2023-08-30 15:18:05,247][WARN ][main][o.h.m.RootClass-303] HHH000038: Composite-id class does not override equals(): com.mice.backoffice.c2v_mice_backoffice_api.entity.convention.SequencesEntity$SequencesPrimaryKey - 4582
[2023-08-30 15:18:05,248][WARN ][main][o.h.m.RootClass-306] HHH000039: Composite-id class does not override hashCode(): com.mice.backoffice.c2v_mice_backoffice_api.entity.convention.SequencesEntity$SequencesPrimaryKey - 4583
[2023-08-30 15:18:05,248][WARN ][main][o.h.m.RootClass-303] HHH000038: Composite-id class does not override equals(): com.mice.backoffice.c2v_mice_backoffice_api.entity.system.CodeEntity$CodeEntityPK - 4583
[2023-08-30 15:18:05,248][WARN ][main][o.h.m.RootClass-306] HHH000039: Composite-id class does not override hashCode(): com.mice.backoffice.c2v_mice_backoffice_api.entity.system.CodeEntity$CodeEntityPK - 4583
[2023-08-30 15:18:05,248][WARN ][main][o.h.m.RootClass-303] HHH000038: Composite-id class does not override equals(): com.mice.backoffice.c2v_mice_backoffice_api.entity.convention.session.SessionQuestionRecommendEntity$SessionQuestionRecommendId - 4583
[2023-08-30 15:18:05,248][WARN ][main][o.h.m.RootClass-306] HHH000039: Composite-id class does not override hashCode(): com.mice.backoffice.c2v_mice_backoffice_api.entity.convention.session.SessionQuestionRecommendEntity$SessionQuestionRecommendId - 4583
[2023-08-30 15:18:05,250][WARN ][main][o.h.m.RootClass-303] HHH000038: Composite-id class does not override equals(): com.mice.backoffice.c2v_mice_backoffice_api.entity.convention.LanguageEntity$LanguageId - 4585
[2023-08-30 15:18:05,250][WARN ][main][o.h.m.RootClass-306] HHH000039: Composite-id class does not override hashCode(): com.mice.backoffice.c2v_mice_backoffice_api.entity.convention.LanguageEntity$LanguageId - 4585
[2023-08-30 15:18:05,250][WARN ][main][o.h.m.RootClass-303] HHH000038: Composite-id class does not override equals(): com.mice.backoffice.c2v_mice_backoffice_api.entity.convention.event.EventHostEntity$EventHostId - 4585
[2023-08-30 15:18:05,250][WARN ][main][o.h.m.RootClass-306] HHH000039: Composite-id class does not override hashCode(): com.mice.backoffice.c2v_mice_backoffice_api.entity.convention.event.EventHostEntity$EventHostId - 4585
[2023-08-30 15:18:05,250][WARN ][main][o.h.m.RootClass-303] HHH000038: Composite-id class does not override equals(): com.mice.backoffice.c2v_mice_backoffice_api.entity.convention.session.TicketEntity$TicketId - 4585
[2023-08-30 15:18:05,250][WARN ][main][o.h.m.RootClass-306] HHH000039: Composite-id class does not override hashCode(): com.mice.backoffice.c2v_mice_backoffice_api.entity.convention.session.TicketEntity$TicketId - 4585
[2023-08-30 15:18:07,144][WARN ][main][o.s.b.a.o.j.JpaBaseConfiguration$JpaWebConfiguration-227] spring.jpa.open-in-view is enabled by default. Therefore, database queries may be performed during view rendering. Explicitly configure spring.jpa.open-in-view to disable this warning - 6479
[2023-08-30 15:18:08,242][WARN ][main][o.s.b.a.t.ThymeleafAutoConfiguration$DefaultTemplateResolverConfiguration-101] Cannot find template location: classpath:/templates/ (please add some templates, check your Thymeleaf configuration, or set spring.thymeleaf.check-template-location=false) - 7577
