[2023-08-23 17:55:21,090][WARN ][main][o.h.b.i.MetadataBuilderImpl$MetadataBuildingOptionsImpl-626] HHH90000021: Encountered deprecated setting [javax.persistence.sharedCache.mode], use [jakarta.persistence.sharedCache.mode] instead - 4064
[2023-08-23 17:55:21,160][WARN ][main][c.z.h.HikariConfig-1039] HikariPool-1 - maxLifetime is less than 30000ms, setting to default 1800000ms. - 4134
[2023-08-23 17:55:21,161][WARN ][main][c.z.h.HikariConfig-1089] HikariPool-1 - idleTimeout has been set but has no effect because the pool is operating as a fixed size pool. - 4135
[2023-08-23 17:55:21,854][WARN ][main][o.h.m.RootClass-303] HHH000038: Composite-id class does not override equals(): com.mice.backoffice.c2v_mice_backoffice_api.entity.convention.LoungeEntity$LoungeId - 4828
[2023-08-23 17:55:21,857][WARN ][main][o.h.m.RootClass-306] HHH000039: Composite-id class does not override hashCode(): com.mice.backoffice.c2v_mice_backoffice_api.entity.convention.LoungeEntity$LoungeId - 4831
[2023-08-23 17:55:21,857][WARN ][main][o.h.m.RootClass-303] HHH000038: Composite-id class does not override equals(): com.mice.backoffice.c2v_mice_backoffice_api.entity.convention.session.SessionDisplayEntity$SessionDisplayId - 4831
[2023-08-23 17:55:21,858][WARN ][main][o.h.m.RootClass-306] HHH000039: Composite-id class does not override hashCode(): com.mice.backoffice.c2v_mice_backoffice_api.entity.convention.session.SessionDisplayEntity$SessionDisplayId - 4832
[2023-08-23 17:55:21,858][WARN ][main][o.h.m.RootClass-303] HHH000038: Composite-id class does not override equals(): com.mice.backoffice.c2v_mice_backoffice_api.entity.convention.SequencesEntity$SequencesPrimaryKey - 4832
[2023-08-23 17:55:21,859][WARN ][main][o.h.m.RootClass-306] HHH000039: Composite-id class does not override hashCode(): com.mice.backoffice.c2v_mice_backoffice_api.entity.convention.SequencesEntity$SequencesPrimaryKey - 4833
[2023-08-23 17:55:21,859][WARN ][main][o.h.m.RootClass-303] HHH000038: Composite-id class does not override equals(): com.mice.backoffice.c2v_mice_backoffice_api.entity.system.CodeEntity$CodeEntityPK - 4833
[2023-08-23 17:55:21,859][WARN ][main][o.h.m.RootClass-306] HHH000039: Composite-id class does not override hashCode(): com.mice.backoffice.c2v_mice_backoffice_api.entity.system.CodeEntity$CodeEntityPK - 4833
[2023-08-23 17:55:21,859][WARN ][main][o.h.m.RootClass-303] HHH000038: Composite-id class does not override equals(): com.mice.backoffice.c2v_mice_backoffice_api.entity.convention.session.SessionQuestionRecommendEntity$SessionQuestionRecommendId - 4833
[2023-08-23 17:55:21,860][WARN ][main][o.h.m.RootClass-306] HHH000039: Composite-id class does not override hashCode(): com.mice.backoffice.c2v_mice_backoffice_api.entity.convention.session.SessionQuestionRecommendEntity$SessionQuestionRecommendId - 4834
[2023-08-23 17:55:21,861][WARN ][main][o.h.m.RootClass-303] HHH000038: Composite-id class does not override equals(): com.mice.backoffice.c2v_mice_backoffice_api.entity.convention.LanguageEntity$LanguageId - 4835
[2023-08-23 17:55:21,861][WARN ][main][o.h.m.RootClass-306] HHH000039: Composite-id class does not override hashCode(): com.mice.backoffice.c2v_mice_backoffice_api.entity.convention.LanguageEntity$LanguageId - 4835
[2023-08-23 17:55:21,861][WARN ][main][o.h.m.RootClass-303] HHH000038: Composite-id class does not override equals(): com.mice.backoffice.c2v_mice_backoffice_api.entity.convention.event.EventHostEntity$EventHostId - 4835
[2023-08-23 17:55:21,861][WARN ][main][o.h.m.RootClass-306] HHH000039: Composite-id class does not override hashCode(): com.mice.backoffice.c2v_mice_backoffice_api.entity.convention.event.EventHostEntity$EventHostId - 4835
[2023-08-23 17:55:21,861][WARN ][main][o.h.m.RootClass-303] HHH000038: Composite-id class does not override equals(): com.mice.backoffice.c2v_mice_backoffice_api.entity.convention.session.TicketEntity$TicketId - 4835
[2023-08-23 17:55:21,861][WARN ][main][o.h.m.RootClass-306] HHH000039: Composite-id class does not override hashCode(): com.mice.backoffice.c2v_mice_backoffice_api.entity.convention.session.TicketEntity$TicketId - 4835
[2023-08-23 17:55:23,753][WARN ][main][o.s.b.a.o.j.JpaBaseConfiguration$JpaWebConfiguration-227] spring.jpa.open-in-view is enabled by default. Therefore, database queries may be performed during view rendering. Explicitly configure spring.jpa.open-in-view to disable this warning - 6727
[2023-08-23 17:55:24,896][WARN ][main][o.s.b.a.t.ThymeleafAutoConfiguration$DefaultTemplateResolverConfiguration-101] Cannot find template location: classpath:/templates/ (please add some templates, check your Thymeleaf configuration, or set spring.thymeleaf.check-template-location=false) - 7870
[2023-08-23 17:59:31,151][WARN ][main][o.h.b.i.MetadataBuilderImpl$MetadataBuildingOptionsImpl-626] HHH90000021: Encountered deprecated setting [javax.persistence.sharedCache.mode], use [jakarta.persistence.sharedCache.mode] instead - 4275
[2023-08-23 17:59:31,222][WARN ][main][c.z.h.HikariConfig-1039] HikariPool-1 - maxLifetime is less than 30000ms, setting to default 1800000ms. - 4346
[2023-08-23 17:59:31,223][WARN ][main][c.z.h.HikariConfig-1089] HikariPool-1 - idleTimeout has been set but has no effect because the pool is operating as a fixed size pool. - 4347
[2023-08-23 17:59:31,931][WARN ][main][o.h.m.RootClass-303] HHH000038: Composite-id class does not override equals(): com.mice.backoffice.c2v_mice_backoffice_api.entity.convention.LoungeEntity$LoungeId - 5055
[2023-08-23 17:59:31,931][WARN ][main][o.h.m.RootClass-306] HHH000039: Composite-id class does not override hashCode(): com.mice.backoffice.c2v_mice_backoffice_api.entity.convention.LoungeEntity$LoungeId - 5055
[2023-08-23 17:59:31,932][WARN ][main][o.h.m.RootClass-303] HHH000038: Composite-id class does not override equals(): com.mice.backoffice.c2v_mice_backoffice_api.entity.convention.session.SessionDisplayEntity$SessionDisplayId - 5056
[2023-08-23 17:59:31,933][WARN ][main][o.h.m.RootClass-306] HHH000039: Composite-id class does not override hashCode(): com.mice.backoffice.c2v_mice_backoffice_api.entity.convention.session.SessionDisplayEntity$SessionDisplayId - 5057
[2023-08-23 17:59:31,933][WARN ][main][o.h.m.RootClass-303] HHH000038: Composite-id class does not override equals(): com.mice.backoffice.c2v_mice_backoffice_api.entity.convention.SequencesEntity$SequencesPrimaryKey - 5057
[2023-08-23 17:59:31,933][WARN ][main][o.h.m.RootClass-306] HHH000039: Composite-id class does not override hashCode(): com.mice.backoffice.c2v_mice_backoffice_api.entity.convention.SequencesEntity$SequencesPrimaryKey - 5057
[2023-08-23 17:59:31,933][WARN ][main][o.h.m.RootClass-303] HHH000038: Composite-id class does not override equals(): com.mice.backoffice.c2v_mice_backoffice_api.entity.system.CodeEntity$CodeEntityPK - 5057
[2023-08-23 17:59:31,934][WARN ][main][o.h.m.RootClass-306] HHH000039: Composite-id class does not override hashCode(): com.mice.backoffice.c2v_mice_backoffice_api.entity.system.CodeEntity$CodeEntityPK - 5058
[2023-08-23 17:59:31,934][WARN ][main][o.h.m.RootClass-303] HHH000038: Composite-id class does not override equals(): com.mice.backoffice.c2v_mice_backoffice_api.entity.convention.session.SessionQuestionRecommendEntity$SessionQuestionRecommendId - 5058
[2023-08-23 17:59:31,934][WARN ][main][o.h.m.RootClass-306] HHH000039: Composite-id class does not override hashCode(): com.mice.backoffice.c2v_mice_backoffice_api.entity.convention.session.SessionQuestionRecommendEntity$SessionQuestionRecommendId - 5058
[2023-08-23 17:59:31,935][WARN ][main][o.h.m.RootClass-303] HHH000038: Composite-id class does not override equals(): com.mice.backoffice.c2v_mice_backoffice_api.entity.convention.LanguageEntity$LanguageId - 5059
[2023-08-23 17:59:31,935][WARN ][main][o.h.m.RootClass-306] HHH000039: Composite-id class does not override hashCode(): com.mice.backoffice.c2v_mice_backoffice_api.entity.convention.LanguageEntity$LanguageId - 5059
[2023-08-23 17:59:31,936][WARN ][main][o.h.m.RootClass-303] HHH000038: Composite-id class does not override equals(): com.mice.backoffice.c2v_mice_backoffice_api.entity.convention.event.EventHostEntity$EventHostId - 5060
[2023-08-23 17:59:31,936][WARN ][main][o.h.m.RootClass-306] HHH000039: Composite-id class does not override hashCode(): com.mice.backoffice.c2v_mice_backoffice_api.entity.convention.event.EventHostEntity$EventHostId - 5060
[2023-08-23 17:59:31,936][WARN ][main][o.h.m.RootClass-303] HHH000038: Composite-id class does not override equals(): com.mice.backoffice.c2v_mice_backoffice_api.entity.convention.session.TicketEntity$TicketId - 5060
[2023-08-23 17:59:31,936][WARN ][main][o.h.m.RootClass-306] HHH000039: Composite-id class does not override hashCode(): com.mice.backoffice.c2v_mice_backoffice_api.entity.convention.session.TicketEntity$TicketId - 5060
[2023-08-23 17:59:33,875][WARN ][main][o.s.b.a.o.j.JpaBaseConfiguration$JpaWebConfiguration-227] spring.jpa.open-in-view is enabled by default. Therefore, database queries may be performed during view rendering. Explicitly configure spring.jpa.open-in-view to disable this warning - 6999
[2023-08-23 17:59:35,009][WARN ][main][o.s.b.a.t.ThymeleafAutoConfiguration$DefaultTemplateResolverConfiguration-101] Cannot find template location: classpath:/templates/ (please add some templates, check your Thymeleaf configuration, or set spring.thymeleaf.check-template-location=false) - 8133
[2023-08-23 18:00:01,639][WARN ][main][o.h.b.i.MetadataBuilderImpl$MetadataBuildingOptionsImpl-626] HHH90000021: Encountered deprecated setting [javax.persistence.sharedCache.mode], use [jakarta.persistence.sharedCache.mode] instead - 4068
[2023-08-23 18:00:01,707][WARN ][main][c.z.h.HikariConfig-1039] HikariPool-1 - maxLifetime is less than 30000ms, setting to default 1800000ms. - 4136
[2023-08-23 18:00:01,707][WARN ][main][c.z.h.HikariConfig-1089] HikariPool-1 - idleTimeout has been set but has no effect because the pool is operating as a fixed size pool. - 4136
[2023-08-23 18:00:02,367][WARN ][main][o.h.m.RootClass-303] HHH000038: Composite-id class does not override equals(): com.mice.backoffice.c2v_mice_backoffice_api.entity.convention.LoungeEntity$LoungeId - 4796
[2023-08-23 18:00:02,368][WARN ][main][o.h.m.RootClass-306] HHH000039: Composite-id class does not override hashCode(): com.mice.backoffice.c2v_mice_backoffice_api.entity.convention.LoungeEntity$LoungeId - 4797
[2023-08-23 18:00:02,369][WARN ][main][o.h.m.RootClass-303] HHH000038: Composite-id class does not override equals(): com.mice.backoffice.c2v_mice_backoffice_api.entity.convention.session.SessionDisplayEntity$SessionDisplayId - 4798
[2023-08-23 18:00:02,369][WARN ][main][o.h.m.RootClass-306] HHH000039: Composite-id class does not override hashCode(): com.mice.backoffice.c2v_mice_backoffice_api.entity.convention.session.SessionDisplayEntity$SessionDisplayId - 4798
[2023-08-23 18:00:02,369][WARN ][main][o.h.m.RootClass-303] HHH000038: Composite-id class does not override equals(): com.mice.backoffice.c2v_mice_backoffice_api.entity.convention.SequencesEntity$SequencesPrimaryKey - 4798
[2023-08-23 18:00:02,370][WARN ][main][o.h.m.RootClass-306] HHH000039: Composite-id class does not override hashCode(): com.mice.backoffice.c2v_mice_backoffice_api.entity.convention.SequencesEntity$SequencesPrimaryKey - 4799
[2023-08-23 18:00:02,370][WARN ][main][o.h.m.RootClass-303] HHH000038: Composite-id class does not override equals(): com.mice.backoffice.c2v_mice_backoffice_api.entity.system.CodeEntity$CodeEntityPK - 4799
[2023-08-23 18:00:02,370][WARN ][main][o.h.m.RootClass-306] HHH000039: Composite-id class does not override hashCode(): com.mice.backoffice.c2v_mice_backoffice_api.entity.system.CodeEntity$CodeEntityPK - 4799
[2023-08-23 18:00:02,370][WARN ][main][o.h.m.RootClass-303] HHH000038: Composite-id class does not override equals(): com.mice.backoffice.c2v_mice_backoffice_api.entity.convention.session.SessionQuestionRecommendEntity$SessionQuestionRecommendId - 4799
[2023-08-23 18:00:02,370][WARN ][main][o.h.m.RootClass-306] HHH000039: Composite-id class does not override hashCode(): com.mice.backoffice.c2v_mice_backoffice_api.entity.convention.session.SessionQuestionRecommendEntity$SessionQuestionRecommendId - 4799
[2023-08-23 18:00:02,371][WARN ][main][o.h.m.RootClass-303] HHH000038: Composite-id class does not override equals(): com.mice.backoffice.c2v_mice_backoffice_api.entity.convention.LanguageEntity$LanguageId - 4800
[2023-08-23 18:00:02,371][WARN ][main][o.h.m.RootClass-306] HHH000039: Composite-id class does not override hashCode(): com.mice.backoffice.c2v_mice_backoffice_api.entity.convention.LanguageEntity$LanguageId - 4800
[2023-08-23 18:00:02,371][WARN ][main][o.h.m.RootClass-303] HHH000038: Composite-id class does not override equals(): com.mice.backoffice.c2v_mice_backoffice_api.entity.convention.event.EventHostEntity$EventHostId - 4800
[2023-08-23 18:00:02,371][WARN ][main][o.h.m.RootClass-306] HHH000039: Composite-id class does not override hashCode(): com.mice.backoffice.c2v_mice_backoffice_api.entity.convention.event.EventHostEntity$EventHostId - 4800
[2023-08-23 18:00:02,371][WARN ][main][o.h.m.RootClass-303] HHH000038: Composite-id class does not override equals(): com.mice.backoffice.c2v_mice_backoffice_api.entity.convention.session.TicketEntity$TicketId - 4800
[2023-08-23 18:00:02,372][WARN ][main][o.h.m.RootClass-306] HHH000039: Composite-id class does not override hashCode(): com.mice.backoffice.c2v_mice_backoffice_api.entity.convention.session.TicketEntity$TicketId - 4801
[2023-08-23 18:00:04,193][WARN ][main][o.s.b.a.o.j.JpaBaseConfiguration$JpaWebConfiguration-227] spring.jpa.open-in-view is enabled by default. Therefore, database queries may be performed during view rendering. Explicitly configure spring.jpa.open-in-view to disable this warning - 6622
[2023-08-23 18:00:05,305][WARN ][main][o.s.b.a.t.ThymeleafAutoConfiguration$DefaultTemplateResolverConfiguration-101] Cannot find template location: classpath:/templates/ (please add some templates, check your Thymeleaf configuration, or set spring.thymeleaf.check-template-location=false) - 7734
[2023-08-23 18:06:25,694][WARN ][main][o.h.b.i.MetadataBuilderImpl$MetadataBuildingOptionsImpl-626] HHH90000021: Encountered deprecated setting [javax.persistence.sharedCache.mode], use [jakarta.persistence.sharedCache.mode] instead - 4115
[2023-08-23 18:06:25,767][WARN ][main][c.z.h.HikariConfig-1039] HikariPool-1 - maxLifetime is less than 30000ms, setting to default 1800000ms. - 4188
[2023-08-23 18:06:25,767][WARN ][main][c.z.h.HikariConfig-1089] HikariPool-1 - idleTimeout has been set but has no effect because the pool is operating as a fixed size pool. - 4188
[2023-08-23 18:06:26,459][WARN ][main][o.h.m.RootClass-303] HHH000038: Composite-id class does not override equals(): com.mice.backoffice.c2v_mice_backoffice_api.entity.convention.LoungeEntity$LoungeId - 4880
[2023-08-23 18:06:26,460][WARN ][main][o.h.m.RootClass-306] HHH000039: Composite-id class does not override hashCode(): com.mice.backoffice.c2v_mice_backoffice_api.entity.convention.LoungeEntity$LoungeId - 4881
[2023-08-23 18:06:26,461][WARN ][main][o.h.m.RootClass-303] HHH000038: Composite-id class does not override equals(): com.mice.backoffice.c2v_mice_backoffice_api.entity.convention.session.SessionDisplayEntity$SessionDisplayId - 4882
[2023-08-23 18:06:26,462][WARN ][main][o.h.m.RootClass-306] HHH000039: Composite-id class does not override hashCode(): com.mice.backoffice.c2v_mice_backoffice_api.entity.convention.session.SessionDisplayEntity$SessionDisplayId - 4883
[2023-08-23 18:06:26,463][WARN ][main][o.h.m.RootClass-303] HHH000038: Composite-id class does not override equals(): com.mice.backoffice.c2v_mice_backoffice_api.entity.convention.SequencesEntity$SequencesPrimaryKey - 4884
[2023-08-23 18:06:26,463][WARN ][main][o.h.m.RootClass-306] HHH000039: Composite-id class does not override hashCode(): com.mice.backoffice.c2v_mice_backoffice_api.entity.convention.SequencesEntity$SequencesPrimaryKey - 4884
[2023-08-23 18:06:26,463][WARN ][main][o.h.m.RootClass-303] HHH000038: Composite-id class does not override equals(): com.mice.backoffice.c2v_mice_backoffice_api.entity.system.CodeEntity$CodeEntityPK - 4884
[2023-08-23 18:06:26,463][WARN ][main][o.h.m.RootClass-306] HHH000039: Composite-id class does not override hashCode(): com.mice.backoffice.c2v_mice_backoffice_api.entity.system.CodeEntity$CodeEntityPK - 4884
[2023-08-23 18:06:26,464][WARN ][main][o.h.m.RootClass-303] HHH000038: Composite-id class does not override equals(): com.mice.backoffice.c2v_mice_backoffice_api.entity.convention.session.SessionQuestionRecommendEntity$SessionQuestionRecommendId - 4885
[2023-08-23 18:06:26,464][WARN ][main][o.h.m.RootClass-306] HHH000039: Composite-id class does not override hashCode(): com.mice.backoffice.c2v_mice_backoffice_api.entity.convention.session.SessionQuestionRecommendEntity$SessionQuestionRecommendId - 4885
[2023-08-23 18:06:26,465][WARN ][main][o.h.m.RootClass-303] HHH000038: Composite-id class does not override equals(): com.mice.backoffice.c2v_mice_backoffice_api.entity.convention.LanguageEntity$LanguageId - 4886
[2023-08-23 18:06:26,465][WARN ][main][o.h.m.RootClass-306] HHH000039: Composite-id class does not override hashCode(): com.mice.backoffice.c2v_mice_backoffice_api.entity.convention.LanguageEntity$LanguageId - 4886
[2023-08-23 18:06:26,465][WARN ][main][o.h.m.RootClass-303] HHH000038: Composite-id class does not override equals(): com.mice.backoffice.c2v_mice_backoffice_api.entity.convention.event.EventHostEntity$EventHostId - 4886
[2023-08-23 18:06:26,465][WARN ][main][o.h.m.RootClass-306] HHH000039: Composite-id class does not override hashCode(): com.mice.backoffice.c2v_mice_backoffice_api.entity.convention.event.EventHostEntity$EventHostId - 4886
[2023-08-23 18:06:26,465][WARN ][main][o.h.m.RootClass-303] HHH000038: Composite-id class does not override equals(): com.mice.backoffice.c2v_mice_backoffice_api.entity.convention.session.TicketEntity$TicketId - 4886
[2023-08-23 18:06:26,465][WARN ][main][o.h.m.RootClass-306] HHH000039: Composite-id class does not override hashCode(): com.mice.backoffice.c2v_mice_backoffice_api.entity.convention.session.TicketEntity$TicketId - 4886
[2023-08-23 18:06:28,403][WARN ][main][o.s.b.a.o.j.JpaBaseConfiguration$JpaWebConfiguration-227] spring.jpa.open-in-view is enabled by default. Therefore, database queries may be performed during view rendering. Explicitly configure spring.jpa.open-in-view to disable this warning - 6824
[2023-08-23 18:06:29,560][WARN ][main][o.s.b.a.t.ThymeleafAutoConfiguration$DefaultTemplateResolverConfiguration-101] Cannot find template location: classpath:/templates/ (please add some templates, check your Thymeleaf configuration, or set spring.thymeleaf.check-template-location=false) - 7981
[2023-08-23 18:07:54,117][WARN ][main][o.h.b.i.MetadataBuilderImpl$MetadataBuildingOptionsImpl-626] HHH90000021: Encountered deprecated setting [javax.persistence.sharedCache.mode], use [jakarta.persistence.sharedCache.mode] instead - 4321
[2023-08-23 18:07:54,194][WARN ][main][c.z.h.HikariConfig-1039] HikariPool-1 - maxLifetime is less than 30000ms, setting to default 1800000ms. - 4398
[2023-08-23 18:07:54,194][WARN ][main][c.z.h.HikariConfig-1089] HikariPool-1 - idleTimeout has been set but has no effect because the pool is operating as a fixed size pool. - 4398
[2023-08-23 18:07:54,910][WARN ][main][o.h.m.RootClass-303] HHH000038: Composite-id class does not override equals(): com.mice.backoffice.c2v_mice_backoffice_api.entity.convention.LoungeEntity$LoungeId - 5114
[2023-08-23 18:07:54,911][WARN ][main][o.h.m.RootClass-306] HHH000039: Composite-id class does not override hashCode(): com.mice.backoffice.c2v_mice_backoffice_api.entity.convention.LoungeEntity$LoungeId - 5115
[2023-08-23 18:07:54,911][WARN ][main][o.h.m.RootClass-303] HHH000038: Composite-id class does not override equals(): com.mice.backoffice.c2v_mice_backoffice_api.entity.convention.session.SessionDisplayEntity$SessionDisplayId - 5115
[2023-08-23 18:07:54,912][WARN ][main][o.h.m.RootClass-306] HHH000039: Composite-id class does not override hashCode(): com.mice.backoffice.c2v_mice_backoffice_api.entity.convention.session.SessionDisplayEntity$SessionDisplayId - 5116
[2023-08-23 18:07:54,912][WARN ][main][o.h.m.RootClass-303] HHH000038: Composite-id class does not override equals(): com.mice.backoffice.c2v_mice_backoffice_api.entity.convention.SequencesEntity$SequencesPrimaryKey - 5116
[2023-08-23 18:07:54,912][WARN ][main][o.h.m.RootClass-306] HHH000039: Composite-id class does not override hashCode(): com.mice.backoffice.c2v_mice_backoffice_api.entity.convention.SequencesEntity$SequencesPrimaryKey - 5116
[2023-08-23 18:07:54,913][WARN ][main][o.h.m.RootClass-303] HHH000038: Composite-id class does not override equals(): com.mice.backoffice.c2v_mice_backoffice_api.entity.system.CodeEntity$CodeEntityPK - 5117
[2023-08-23 18:07:54,913][WARN ][main][o.h.m.RootClass-306] HHH000039: Composite-id class does not override hashCode(): com.mice.backoffice.c2v_mice_backoffice_api.entity.system.CodeEntity$CodeEntityPK - 5117
[2023-08-23 18:07:54,913][WARN ][main][o.h.m.RootClass-303] HHH000038: Composite-id class does not override equals(): com.mice.backoffice.c2v_mice_backoffice_api.entity.convention.session.SessionQuestionRecommendEntity$SessionQuestionRecommendId - 5117
[2023-08-23 18:07:54,913][WARN ][main][o.h.m.RootClass-306] HHH000039: Composite-id class does not override hashCode(): com.mice.backoffice.c2v_mice_backoffice_api.entity.convention.session.SessionQuestionRecommendEntity$SessionQuestionRecommendId - 5117
[2023-08-23 18:07:54,914][WARN ][main][o.h.m.RootClass-303] HHH000038: Composite-id class does not override equals(): com.mice.backoffice.c2v_mice_backoffice_api.entity.convention.LanguageEntity$LanguageId - 5118
[2023-08-23 18:07:54,914][WARN ][main][o.h.m.RootClass-306] HHH000039: Composite-id class does not override hashCode(): com.mice.backoffice.c2v_mice_backoffice_api.entity.convention.LanguageEntity$LanguageId - 5118
[2023-08-23 18:07:54,914][WARN ][main][o.h.m.RootClass-303] HHH000038: Composite-id class does not override equals(): com.mice.backoffice.c2v_mice_backoffice_api.entity.convention.event.EventHostEntity$EventHostId - 5118
[2023-08-23 18:07:54,914][WARN ][main][o.h.m.RootClass-306] HHH000039: Composite-id class does not override hashCode(): com.mice.backoffice.c2v_mice_backoffice_api.entity.convention.event.EventHostEntity$EventHostId - 5118
[2023-08-23 18:07:54,915][WARN ][main][o.h.m.RootClass-303] HHH000038: Composite-id class does not override equals(): com.mice.backoffice.c2v_mice_backoffice_api.entity.convention.session.TicketEntity$TicketId - 5119
[2023-08-23 18:07:54,915][WARN ][main][o.h.m.RootClass-306] HHH000039: Composite-id class does not override hashCode(): com.mice.backoffice.c2v_mice_backoffice_api.entity.convention.session.TicketEntity$TicketId - 5119
[2023-08-23 18:07:56,781][WARN ][main][o.s.b.a.o.j.JpaBaseConfiguration$JpaWebConfiguration-227] spring.jpa.open-in-view is enabled by default. Therefore, database queries may be performed during view rendering. Explicitly configure spring.jpa.open-in-view to disable this warning - 6985
[2023-08-23 18:07:57,917][WARN ][main][o.s.b.a.t.ThymeleafAutoConfiguration$DefaultTemplateResolverConfiguration-101] Cannot find template location: classpath:/templates/ (please add some templates, check your Thymeleaf configuration, or set spring.thymeleaf.check-template-location=false) - 8121
[2023-08-23 18:14:41,838][WARN ][main][o.h.b.i.MetadataBuilderImpl$MetadataBuildingOptionsImpl-626] HHH90000021: Encountered deprecated setting [javax.persistence.sharedCache.mode], use [jakarta.persistence.sharedCache.mode] instead - 4017
[2023-08-23 18:14:41,907][WARN ][main][c.z.h.HikariConfig-1039] HikariPool-1 - maxLifetime is less than 30000ms, setting to default 1800000ms. - 4086
[2023-08-23 18:14:41,908][WARN ][main][c.z.h.HikariConfig-1089] HikariPool-1 - idleTimeout has been set but has no effect because the pool is operating as a fixed size pool. - 4087
[2023-08-23 18:14:42,604][WARN ][main][o.h.m.RootClass-303] HHH000038: Composite-id class does not override equals(): com.mice.backoffice.c2v_mice_backoffice_api.entity.convention.LoungeEntity$LoungeId - 4783
[2023-08-23 18:14:42,605][WARN ][main][o.h.m.RootClass-306] HHH000039: Composite-id class does not override hashCode(): com.mice.backoffice.c2v_mice_backoffice_api.entity.convention.LoungeEntity$LoungeId - 4784
[2023-08-23 18:14:42,605][WARN ][main][o.h.m.RootClass-303] HHH000038: Composite-id class does not override equals(): com.mice.backoffice.c2v_mice_backoffice_api.entity.convention.session.SessionDisplayEntity$SessionDisplayId - 4784
[2023-08-23 18:14:42,605][WARN ][main][o.h.m.RootClass-306] HHH000039: Composite-id class does not override hashCode(): com.mice.backoffice.c2v_mice_backoffice_api.entity.convention.session.SessionDisplayEntity$SessionDisplayId - 4784
[2023-08-23 18:14:42,606][WARN ][main][o.h.m.RootClass-303] HHH000038: Composite-id class does not override equals(): com.mice.backoffice.c2v_mice_backoffice_api.entity.convention.SequencesEntity$SequencesPrimaryKey - 4785
[2023-08-23 18:14:42,606][WARN ][main][o.h.m.RootClass-306] HHH000039: Composite-id class does not override hashCode(): com.mice.backoffice.c2v_mice_backoffice_api.entity.convention.SequencesEntity$SequencesPrimaryKey - 4785
[2023-08-23 18:14:42,606][WARN ][main][o.h.m.RootClass-303] HHH000038: Composite-id class does not override equals(): com.mice.backoffice.c2v_mice_backoffice_api.entity.system.CodeEntity$CodeEntityPK - 4785
[2023-08-23 18:14:42,606][WARN ][main][o.h.m.RootClass-306] HHH000039: Composite-id class does not override hashCode(): com.mice.backoffice.c2v_mice_backoffice_api.entity.system.CodeEntity$CodeEntityPK - 4785
[2023-08-23 18:14:42,607][WARN ][main][o.h.m.RootClass-303] HHH000038: Composite-id class does not override equals(): com.mice.backoffice.c2v_mice_backoffice_api.entity.convention.session.SessionQuestionRecommendEntity$SessionQuestionRecommendId - 4786
[2023-08-23 18:14:42,607][WARN ][main][o.h.m.RootClass-306] HHH000039: Composite-id class does not override hashCode(): com.mice.backoffice.c2v_mice_backoffice_api.entity.convention.session.SessionQuestionRecommendEntity$SessionQuestionRecommendId - 4786
[2023-08-23 18:14:42,608][WARN ][main][o.h.m.RootClass-303] HHH000038: Composite-id class does not override equals(): com.mice.backoffice.c2v_mice_backoffice_api.entity.convention.LanguageEntity$LanguageId - 4787
[2023-08-23 18:14:42,608][WARN ][main][o.h.m.RootClass-306] HHH000039: Composite-id class does not override hashCode(): com.mice.backoffice.c2v_mice_backoffice_api.entity.convention.LanguageEntity$LanguageId - 4787
[2023-08-23 18:14:42,608][WARN ][main][o.h.m.RootClass-303] HHH000038: Composite-id class does not override equals(): com.mice.backoffice.c2v_mice_backoffice_api.entity.convention.event.EventHostEntity$EventHostId - 4787
[2023-08-23 18:14:42,608][WARN ][main][o.h.m.RootClass-306] HHH000039: Composite-id class does not override hashCode(): com.mice.backoffice.c2v_mice_backoffice_api.entity.convention.event.EventHostEntity$EventHostId - 4787
[2023-08-23 18:14:42,609][WARN ][main][o.h.m.RootClass-303] HHH000038: Composite-id class does not override equals(): com.mice.backoffice.c2v_mice_backoffice_api.entity.convention.session.TicketEntity$TicketId - 4788
[2023-08-23 18:14:42,609][WARN ][main][o.h.m.RootClass-306] HHH000039: Composite-id class does not override hashCode(): com.mice.backoffice.c2v_mice_backoffice_api.entity.convention.session.TicketEntity$TicketId - 4788
[2023-08-23 18:14:44,505][WARN ][main][o.s.b.a.o.j.JpaBaseConfiguration$JpaWebConfiguration-227] spring.jpa.open-in-view is enabled by default. Therefore, database queries may be performed during view rendering. Explicitly configure spring.jpa.open-in-view to disable this warning - 6684
[2023-08-23 18:14:45,657][WARN ][main][o.s.b.a.t.ThymeleafAutoConfiguration$DefaultTemplateResolverConfiguration-101] Cannot find template location: classpath:/templates/ (please add some templates, check your Thymeleaf configuration, or set spring.thymeleaf.check-template-location=false) - 7836
[2023-08-23 09:54:19,482][WARN ][http-nio-20004-exec-1][c.z.h.p.PoolBase-179] HikariPool-1 - Failed to validate connection com.mysql.cj.jdbc.ConnectionImpl@2b8c1699 (No operations allowed after connection closed.). Possibly consider using a shorter maxLifetime value. - 2381661
[2023-08-23 09:54:19,484][WARN ][http-nio-20004-exec-1][c.z.h.p.PoolBase-179] HikariPool-1 - Failed to validate connection com.mysql.cj.jdbc.ConnectionImpl@40cdcf0a (No operations allowed after connection closed.). Possibly consider using a shorter maxLifetime value. - 2381663
[2023-08-23 09:54:19,484][WARN ][http-nio-20004-exec-1][c.z.h.p.PoolBase-179] HikariPool-1 - Failed to validate connection com.mysql.cj.jdbc.ConnectionImpl@7e65e0cb (No operations allowed after connection closed.). Possibly consider using a shorter maxLifetime value. - 2381663
[2023-08-23 09:54:19,485][WARN ][http-nio-20004-exec-1][c.z.h.p.PoolBase-179] HikariPool-1 - Failed to validate connection com.mysql.cj.jdbc.ConnectionImpl@d205a29 (No operations allowed after connection closed.). Possibly consider using a shorter maxLifetime value. - 2381664
[2023-08-23 09:54:19,486][WARN ][http-nio-20004-exec-1][c.z.h.p.PoolBase-179] HikariPool-1 - Failed to validate connection com.mysql.cj.jdbc.ConnectionImpl@2ad834ca (No operations allowed after connection closed.). Possibly consider using a shorter maxLifetime value. - 2381665
[2023-08-23 09:54:19,486][WARN ][http-nio-20004-exec-1][c.z.h.p.PoolBase-179] HikariPool-1 - Failed to validate connection com.mysql.cj.jdbc.ConnectionImpl@5a0f297a (No operations allowed after connection closed.). Possibly consider using a shorter maxLifetime value. - 2381665
[2023-08-23 09:54:19,487][WARN ][http-nio-20004-exec-1][c.z.h.p.PoolBase-179] HikariPool-1 - Failed to validate connection com.mysql.cj.jdbc.ConnectionImpl@311a3895 (No operations allowed after connection closed.). Possibly consider using a shorter maxLifetime value. - 2381666
[2023-08-23 09:54:19,488][WARN ][http-nio-20004-exec-1][c.z.h.p.PoolBase-179] HikariPool-1 - Failed to validate connection com.mysql.cj.jdbc.ConnectionImpl@2d9d8e99 (No operations allowed after connection closed.). Possibly consider using a shorter maxLifetime value. - 2381667
[2023-08-23 09:54:19,488][WARN ][http-nio-20004-exec-1][c.z.h.p.PoolBase-179] HikariPool-1 - Failed to validate connection com.mysql.cj.jdbc.ConnectionImpl@7630d56d (No operations allowed after connection closed.). Possibly consider using a shorter maxLifetime value. - 2381667
[2023-08-23 09:54:19,489][WARN ][http-nio-20004-exec-1][c.z.h.p.PoolBase-179] HikariPool-1 - Failed to validate connection com.mysql.cj.jdbc.ConnectionImpl@55576628 (No operations allowed after connection closed.). Possibly consider using a shorter maxLifetime value. - 2381668
[2023-08-23 09:55:16,771][WARN ][http-nio-20004-exec-2][c.z.h.p.PoolBase-179] HikariPool-1 - Failed to validate connection com.mysql.cj.jdbc.ConnectionImpl@5a012ca1 (No operations allowed after connection closed.). Possibly consider using a shorter maxLifetime value. - 2438950
[2023-08-23 09:55:16,772][WARN ][http-nio-20004-exec-2][c.z.h.p.PoolBase-179] HikariPool-1 - Failed to validate connection com.mysql.cj.jdbc.ConnectionImpl@50f947d1 (No operations allowed after connection closed.). Possibly consider using a shorter maxLifetime value. - 2438951
[2023-08-23 09:55:16,773][WARN ][http-nio-20004-exec-2][c.z.h.p.PoolBase-179] HikariPool-1 - Failed to validate connection com.mysql.cj.jdbc.ConnectionImpl@15fbc3aa (No operations allowed after connection closed.). Possibly consider using a shorter maxLifetime value. - 2438952
[2023-08-23 09:55:16,774][WARN ][http-nio-20004-exec-2][c.z.h.p.PoolBase-179] HikariPool-1 - Failed to validate connection com.mysql.cj.jdbc.ConnectionImpl@464c8190 (No operations allowed after connection closed.). Possibly consider using a shorter maxLifetime value. - 2438953
[2023-08-23 09:55:16,778][WARN ][http-nio-20004-exec-2][c.z.h.p.PoolBase-179] HikariPool-1 - Failed to validate connection com.mysql.cj.jdbc.ConnectionImpl@24a45289 (No operations allowed after connection closed.). Possibly consider using a shorter maxLifetime value. - 2438957
[2023-08-23 09:55:16,779][WARN ][http-nio-20004-exec-2][c.z.h.p.PoolBase-179] HikariPool-1 - Failed to validate connection com.mysql.cj.jdbc.ConnectionImpl@3ef94e03 (No operations allowed after connection closed.). Possibly consider using a shorter maxLifetime value. - 2438958
[2023-08-23 09:55:16,780][WARN ][http-nio-20004-exec-2][c.z.h.p.PoolBase-179] HikariPool-1 - Failed to validate connection com.mysql.cj.jdbc.ConnectionImpl@75d43ce5 (No operations allowed after connection closed.). Possibly consider using a shorter maxLifetime value. - 2438959
[2023-08-23 09:55:16,783][WARN ][http-nio-20004-exec-2][c.z.h.p.PoolBase-179] HikariPool-1 - Failed to validate connection com.mysql.cj.jdbc.ConnectionImpl@573663ce (No operations allowed after connection closed.). Possibly consider using a shorter maxLifetime value. - 2438962
[2023-08-23 09:55:16,784][WARN ][http-nio-20004-exec-2][c.z.h.p.PoolBase-179] HikariPool-1 - Failed to validate connection com.mysql.cj.jdbc.ConnectionImpl@518043bb (No operations allowed after connection closed.). Possibly consider using a shorter maxLifetime value. - 2438963
[2023-08-23 09:55:16,785][WARN ][http-nio-20004-exec-2][c.z.h.p.PoolBase-179] HikariPool-1 - Failed to validate connection com.mysql.cj.jdbc.ConnectionImpl@25fd86de (No operations allowed after connection closed.). Possibly consider using a shorter maxLifetime value. - 2438964
[2023-08-23 10:15:11,778][WARN ][http-nio-20004-exec-4][c.z.h.p.PoolBase-179] HikariPool-1 - Failed to validate connection com.mysql.cj.jdbc.ConnectionImpl@71f6dfa2 (No operations allowed after connection closed.). Possibly consider using a shorter maxLifetime value. - 3633957
[2023-08-23 10:15:11,779][WARN ][http-nio-20004-exec-4][c.z.h.p.PoolBase-179] HikariPool-1 - Failed to validate connection com.mysql.cj.jdbc.ConnectionImpl@7b0eb4d2 (No operations allowed after connection closed.). Possibly consider using a shorter maxLifetime value. - 3633958
[2023-08-23 10:15:11,782][WARN ][http-nio-20004-exec-4][c.z.h.p.PoolBase-179] HikariPool-1 - Failed to validate connection com.mysql.cj.jdbc.ConnectionImpl@3e0c35d7 (No operations allowed after connection closed.). Possibly consider using a shorter maxLifetime value. - 3633961
[2023-08-23 10:15:11,783][WARN ][http-nio-20004-exec-4][c.z.h.p.PoolBase-179] HikariPool-1 - Failed to validate connection com.mysql.cj.jdbc.ConnectionImpl@7940f67b (No operations allowed after connection closed.). Possibly consider using a shorter maxLifetime value. - 3633962
[2023-08-23 10:15:11,785][WARN ][http-nio-20004-exec-4][c.z.h.p.PoolBase-179] HikariPool-1 - Failed to validate connection com.mysql.cj.jdbc.ConnectionImpl@f7868e0 (No operations allowed after connection closed.). Possibly consider using a shorter maxLifetime value. - 3633964
[2023-08-23 10:15:11,789][WARN ][http-nio-20004-exec-4][c.z.h.p.PoolBase-179] HikariPool-1 - Failed to validate connection com.mysql.cj.jdbc.ConnectionImpl@1def5f9 (No operations allowed after connection closed.). Possibly consider using a shorter maxLifetime value. - 3633968
[2023-08-23 10:15:11,791][WARN ][http-nio-20004-exec-4][c.z.h.p.PoolBase-179] HikariPool-1 - Failed to validate connection com.mysql.cj.jdbc.ConnectionImpl@5e23ca98 (No operations allowed after connection closed.). Possibly consider using a shorter maxLifetime value. - 3633970
[2023-08-23 10:15:11,792][WARN ][http-nio-20004-exec-4][c.z.h.p.PoolBase-179] HikariPool-1 - Failed to validate connection com.mysql.cj.jdbc.ConnectionImpl@20ae0c09 (No operations allowed after connection closed.). Possibly consider using a shorter maxLifetime value. - 3633971
[2023-08-23 10:15:11,793][WARN ][http-nio-20004-exec-4][c.z.h.p.PoolBase-179] HikariPool-1 - Failed to validate connection com.mysql.cj.jdbc.ConnectionImpl@6cdd4f94 (No operations allowed after connection closed.). Possibly consider using a shorter maxLifetime value. - 3633972
[2023-08-23 10:15:11,793][WARN ][http-nio-20004-exec-4][c.z.h.p.PoolBase-179] HikariPool-1 - Failed to validate connection com.mysql.cj.jdbc.ConnectionImpl@1ada1ecb (No operations allowed after connection closed.). Possibly consider using a shorter maxLifetime value. - 3633972
[2023-08-23 10:15:24,124][WARN ][http-nio-20004-exec-5][c.z.h.p.PoolBase-179] HikariPool-1 - Failed to validate connection com.mysql.cj.jdbc.ConnectionImpl@aa73d5e (No operations allowed after connection closed.). Possibly consider using a shorter maxLifetime value. - 3646303
[2023-08-23 10:15:24,125][WARN ][http-nio-20004-exec-5][c.z.h.p.PoolBase-179] HikariPool-1 - Failed to validate connection com.mysql.cj.jdbc.ConnectionImpl@5f562e (No operations allowed after connection closed.). Possibly consider using a shorter maxLifetime value. - 3646304
[2023-08-23 10:15:24,125][WARN ][http-nio-20004-exec-5][c.z.h.p.PoolBase-179] HikariPool-1 - Failed to validate connection com.mysql.cj.jdbc.ConnectionImpl@455dd841 (No operations allowed after connection closed.). Possibly consider using a shorter maxLifetime value. - 3646304
[2023-08-23 10:15:24,126][WARN ][http-nio-20004-exec-5][c.z.h.p.PoolBase-179] HikariPool-1 - Failed to validate connection com.mysql.cj.jdbc.ConnectionImpl@76a35079 (No operations allowed after connection closed.). Possibly consider using a shorter maxLifetime value. - 3646305
[2023-08-23 10:15:24,127][WARN ][http-nio-20004-exec-5][c.z.h.p.PoolBase-179] HikariPool-1 - Failed to validate connection com.mysql.cj.jdbc.ConnectionImpl@7452bfd5 (No operations allowed after connection closed.). Possibly consider using a shorter maxLifetime value. - 3646306
[2023-08-23 10:15:24,128][WARN ][http-nio-20004-exec-5][c.z.h.p.PoolBase-179] HikariPool-1 - Failed to validate connection com.mysql.cj.jdbc.ConnectionImpl@e466957 (No operations allowed after connection closed.). Possibly consider using a shorter maxLifetime value. - 3646307
[2023-08-23 10:15:24,129][WARN ][http-nio-20004-exec-5][c.z.h.p.PoolBase-179] HikariPool-1 - Failed to validate connection com.mysql.cj.jdbc.ConnectionImpl@2572270e (No operations allowed after connection closed.). Possibly consider using a shorter maxLifetime value. - 3646308
[2023-08-23 10:15:24,129][WARN ][http-nio-20004-exec-5][c.z.h.p.PoolBase-179] HikariPool-1 - Failed to validate connection com.mysql.cj.jdbc.ConnectionImpl@49be8b41 (No operations allowed after connection closed.). Possibly consider using a shorter maxLifetime value. - 3646308
[2023-08-23 10:15:24,130][WARN ][http-nio-20004-exec-5][c.z.h.p.PoolBase-179] HikariPool-1 - Failed to validate connection com.mysql.cj.jdbc.ConnectionImpl@287339b4 (No operations allowed after connection closed.). Possibly consider using a shorter maxLifetime value. - 3646309
[2023-08-23 10:15:24,130][WARN ][http-nio-20004-exec-5][c.z.h.p.PoolBase-179] HikariPool-1 - Failed to validate connection com.mysql.cj.jdbc.ConnectionImpl@1542e13c (No operations allowed after connection closed.). Possibly consider using a shorter maxLifetime value. - 3646309
[2023-08-23 10:15:29,344][WARN ][http-nio-20004-exec-6][c.z.h.p.PoolBase-179] HikariPool-1 - Failed to validate connection com.mysql.cj.jdbc.ConnectionImpl@1fd83684 (No operations allowed after connection closed.). Possibly consider using a shorter maxLifetime value. - 3651523
[2023-08-23 10:15:29,345][WARN ][http-nio-20004-exec-6][c.z.h.p.PoolBase-179] HikariPool-1 - Failed to validate connection com.mysql.cj.jdbc.ConnectionImpl@15205df4 (No operations allowed after connection closed.). Possibly consider using a shorter maxLifetime value. - 3651524
[2023-08-23 10:15:29,346][WARN ][http-nio-20004-exec-6][c.z.h.p.PoolBase-179] HikariPool-1 - Failed to validate connection com.mysql.cj.jdbc.ConnectionImpl@5022d134 (No operations allowed after connection closed.). Possibly consider using a shorter maxLifetime value. - 3651525
[2023-08-23 10:15:29,347][WARN ][http-nio-20004-exec-6][c.z.h.p.PoolBase-179] HikariPool-1 - Failed to validate connection com.mysql.cj.jdbc.ConnectionImpl@e10a1a2 (No operations allowed after connection closed.). Possibly consider using a shorter maxLifetime value. - 3651526
[2023-08-23 10:16:50,658][WARN ][http-nio-20004-exec-8][c.z.h.p.PoolBase-179] HikariPool-1 - Failed to validate connection com.mysql.cj.jdbc.ConnectionImpl@6c6f22e7 (No operations allowed after connection closed.). Possibly consider using a shorter maxLifetime value. - 3732837
[2023-08-23 10:16:50,660][WARN ][http-nio-20004-exec-8][c.z.h.p.PoolBase-179] HikariPool-1 - Failed to validate connection com.mysql.cj.jdbc.ConnectionImpl@756a8e45 (No operations allowed after connection closed.). Possibly consider using a shorter maxLifetime value. - 3732839
[2023-08-23 10:16:50,660][WARN ][http-nio-20004-exec-8][c.z.h.p.PoolBase-179] HikariPool-1 - Failed to validate connection com.mysql.cj.jdbc.ConnectionImpl@188e1ace (No operations allowed after connection closed.). Possibly consider using a shorter maxLifetime value. - 3732839
[2023-08-23 10:16:50,661][WARN ][http-nio-20004-exec-8][c.z.h.p.PoolBase-179] HikariPool-1 - Failed to validate connection com.mysql.cj.jdbc.ConnectionImpl@d637b22 (No operations allowed after connection closed.). Possibly consider using a shorter maxLifetime value. - 3732840
[2023-08-23 10:16:50,661][WARN ][http-nio-20004-exec-8][c.z.h.p.PoolBase-179] HikariPool-1 - Failed to validate connection com.mysql.cj.jdbc.ConnectionImpl@49424e41 (No operations allowed after connection closed.). Possibly consider using a shorter maxLifetime value. - 3732840
[2023-08-23 10:16:50,662][WARN ][http-nio-20004-exec-8][c.z.h.p.PoolBase-179] HikariPool-1 - Failed to validate connection com.mysql.cj.jdbc.ConnectionImpl@687bf98a (No operations allowed after connection closed.). Possibly consider using a shorter maxLifetime value. - 3732841
[2023-08-23 10:16:50,664][WARN ][http-nio-20004-exec-8][c.z.h.p.PoolBase-179] HikariPool-1 - Failed to validate connection com.mysql.cj.jdbc.ConnectionImpl@4bc621 (No operations allowed after connection closed.). Possibly consider using a shorter maxLifetime value. - 3732843
[2023-08-23 10:16:50,666][WARN ][http-nio-20004-exec-8][c.z.h.p.PoolBase-179] HikariPool-1 - Failed to validate connection com.mysql.cj.jdbc.ConnectionImpl@16671761 (No operations allowed after connection closed.). Possibly consider using a shorter maxLifetime value. - 3732845
[2023-08-23 10:16:50,668][WARN ][http-nio-20004-exec-8][c.z.h.p.PoolBase-179] HikariPool-1 - Failed to validate connection com.mysql.cj.jdbc.ConnectionImpl@4d0c73aa (No operations allowed after connection closed.). Possibly consider using a shorter maxLifetime value. - 3732847
[2023-08-23 10:16:50,674][WARN ][http-nio-20004-exec-8][c.z.h.p.PoolBase-179] HikariPool-1 - Failed to validate connection com.mysql.cj.jdbc.ConnectionImpl@7a0c7428 (No operations allowed after connection closed.). Possibly consider using a shorter maxLifetime value. - 3732853
[2023-08-23 10:16:57,054][WARN ][http-nio-20004-exec-9][c.z.h.p.PoolBase-179] HikariPool-1 - Failed to validate connection com.mysql.cj.jdbc.ConnectionImpl@5c779e88 (No operations allowed after connection closed.). Possibly consider using a shorter maxLifetime value. - 3739233
[2023-08-23 10:16:57,055][WARN ][http-nio-20004-exec-9][c.z.h.p.PoolBase-179] HikariPool-1 - Failed to validate connection com.mysql.cj.jdbc.ConnectionImpl@568ff5f8 (No operations allowed after connection closed.). Possibly consider using a shorter maxLifetime value. - 3739234
[2023-08-23 10:16:57,056][WARN ][http-nio-20004-exec-9][c.z.h.p.PoolBase-179] HikariPool-1 - Failed to validate connection com.mysql.cj.jdbc.ConnectionImpl@138d714d (No operations allowed after connection closed.). Possibly consider using a shorter maxLifetime value. - 3739235
[2023-08-23 10:16:57,057][WARN ][http-nio-20004-exec-9][c.z.h.p.PoolBase-179] HikariPool-1 - Failed to validate connection com.mysql.cj.jdbc.ConnectionImpl@736e2e6a (No operations allowed after connection closed.). Possibly consider using a shorter maxLifetime value. - 3739236
[2023-08-23 10:16:57,057][WARN ][http-nio-20004-exec-9][c.z.h.p.PoolBase-179] HikariPool-1 - Failed to validate connection com.mysql.cj.jdbc.ConnectionImpl@22d480ba (No operations allowed after connection closed.). Possibly consider using a shorter maxLifetime value. - 3739236
[2023-08-23 10:16:57,058][WARN ][http-nio-20004-exec-9][c.z.h.p.PoolBase-179] HikariPool-1 - Failed to validate connection com.mysql.cj.jdbc.ConnectionImpl@bdd812d (No operations allowed after connection closed.). Possibly consider using a shorter maxLifetime value. - 3739237
[2023-08-23 10:16:57,058][WARN ][http-nio-20004-exec-9][c.z.h.p.PoolBase-179] HikariPool-1 - Failed to validate connection com.mysql.cj.jdbc.ConnectionImpl@73a28e02 (No operations allowed after connection closed.). Possibly consider using a shorter maxLifetime value. - 3739237
[2023-08-23 10:16:57,059][WARN ][http-nio-20004-exec-9][c.z.h.p.PoolBase-179] HikariPool-1 - Failed to validate connection com.mysql.cj.jdbc.ConnectionImpl@71bdf362 (No operations allowed after connection closed.). Possibly consider using a shorter maxLifetime value. - 3739238
[2023-08-23 10:16:57,059][WARN ][http-nio-20004-exec-9][c.z.h.p.PoolBase-179] HikariPool-1 - Failed to validate connection com.mysql.cj.jdbc.ConnectionImpl@776a6cbf (No operations allowed after connection closed.). Possibly consider using a shorter maxLifetime value. - 3739238
[2023-08-23 10:16:57,060][WARN ][http-nio-20004-exec-9][c.z.h.p.PoolBase-179] HikariPool-1 - Failed to validate connection com.mysql.cj.jdbc.ConnectionImpl@10d94f96 (No operations allowed after connection closed.). Possibly consider using a shorter maxLifetime value. - 3739239
[2023-08-23 10:18:49,861][WARN ][http-nio-20004-exec-1][c.z.h.p.PoolBase-179] HikariPool-1 - Failed to validate connection com.mysql.cj.jdbc.ConnectionImpl@22e34a5f (No operations allowed after connection closed.). Possibly consider using a shorter maxLifetime value. - 3852040
[2023-08-23 10:18:49,862][WARN ][http-nio-20004-exec-1][c.z.h.p.PoolBase-179] HikariPool-1 - Failed to validate connection com.mysql.cj.jdbc.ConnectionImpl@87dfa77 (No operations allowed after connection closed.). Possibly consider using a shorter maxLifetime value. - 3852041
[2023-08-23 10:18:49,863][WARN ][http-nio-20004-exec-1][c.z.h.p.PoolBase-179] HikariPool-1 - Failed to validate connection com.mysql.cj.jdbc.ConnectionImpl@658a1ee8 (No operations allowed after connection closed.). Possibly consider using a shorter maxLifetime value. - 3852042
[2023-08-23 10:18:49,864][WARN ][http-nio-20004-exec-1][c.z.h.p.PoolBase-179] HikariPool-1 - Failed to validate connection com.mysql.cj.jdbc.ConnectionImpl@5d0311b4 (No operations allowed after connection closed.). Possibly consider using a shorter maxLifetime value. - 3852043
[2023-08-23 10:18:49,864][WARN ][http-nio-20004-exec-1][c.z.h.p.PoolBase-179] HikariPool-1 - Failed to validate connection com.mysql.cj.jdbc.ConnectionImpl@2ef52604 (No operations allowed after connection closed.). Possibly consider using a shorter maxLifetime value. - 3852043
[2023-08-23 10:18:49,865][WARN ][http-nio-20004-exec-1][c.z.h.p.PoolBase-179] HikariPool-1 - Failed to validate connection com.mysql.cj.jdbc.ConnectionImpl@493cdfef (No operations allowed after connection closed.). Possibly consider using a shorter maxLifetime value. - 3852044
[2023-08-23 10:18:49,865][WARN ][http-nio-20004-exec-1][c.z.h.p.PoolBase-179] HikariPool-1 - Failed to validate connection com.mysql.cj.jdbc.ConnectionImpl@7c74e57e (No operations allowed after connection closed.). Possibly consider using a shorter maxLifetime value. - 3852044
[2023-08-23 10:18:49,866][WARN ][http-nio-20004-exec-1][c.z.h.p.PoolBase-179] HikariPool-1 - Failed to validate connection com.mysql.cj.jdbc.ConnectionImpl@39bfc5f5 (No operations allowed after connection closed.). Possibly consider using a shorter maxLifetime value. - 3852045
[2023-08-23 10:18:49,866][WARN ][http-nio-20004-exec-1][c.z.h.p.PoolBase-179] HikariPool-1 - Failed to validate connection com.mysql.cj.jdbc.ConnectionImpl@3e7d11c0 (No operations allowed after connection closed.). Possibly consider using a shorter maxLifetime value. - 3852045
[2023-08-23 10:18:49,867][WARN ][http-nio-20004-exec-1][c.z.h.p.PoolBase-179] HikariPool-1 - Failed to validate connection com.mysql.cj.jdbc.ConnectionImpl@11916247 (No operations allowed after connection closed.). Possibly consider using a shorter maxLifetime value. - 3852046
[2023-08-23 10:19:32,927][WARN ][http-nio-20004-exec-2][c.z.h.p.PoolBase-179] HikariPool-1 - Failed to validate connection com.mysql.cj.jdbc.ConnectionImpl@8411939 (No operations allowed after connection closed.). Possibly consider using a shorter maxLifetime value. - 3895106
[2023-08-23 10:19:32,930][WARN ][http-nio-20004-exec-2][c.z.h.p.PoolBase-179] HikariPool-1 - Failed to validate connection com.mysql.cj.jdbc.ConnectionImpl@38712084 (No operations allowed after connection closed.). Possibly consider using a shorter maxLifetime value. - 3895109
[2023-08-23 10:19:32,931][WARN ][http-nio-20004-exec-2][c.z.h.p.PoolBase-179] HikariPool-1 - Failed to validate connection com.mysql.cj.jdbc.ConnectionImpl@527a658f (No operations allowed after connection closed.). Possibly consider using a shorter maxLifetime value. - 3895110
[2023-08-23 10:19:32,931][WARN ][http-nio-20004-exec-2][c.z.h.p.PoolBase-179] HikariPool-1 - Failed to validate connection com.mysql.cj.jdbc.ConnectionImpl@52723628 (No operations allowed after connection closed.). Possibly consider using a shorter maxLifetime value. - 3895110
[2023-08-23 10:19:32,932][WARN ][http-nio-20004-exec-2][c.z.h.p.PoolBase-179] HikariPool-1 - Failed to validate connection com.mysql.cj.jdbc.ConnectionImpl@4edc716e (No operations allowed after connection closed.). Possibly consider using a shorter maxLifetime value. - 3895111
[2023-08-23 10:19:32,932][WARN ][http-nio-20004-exec-2][c.z.h.p.PoolBase-179] HikariPool-1 - Failed to validate connection com.mysql.cj.jdbc.ConnectionImpl@7f980d31 (No operations allowed after connection closed.). Possibly consider using a shorter maxLifetime value. - 3895111
[2023-08-23 10:19:32,933][WARN ][http-nio-20004-exec-2][c.z.h.p.PoolBase-179] HikariPool-1 - Failed to validate connection com.mysql.cj.jdbc.ConnectionImpl@7e4f4950 (No operations allowed after connection closed.). Possibly consider using a shorter maxLifetime value. - 3895112
[2023-08-23 10:19:32,933][WARN ][http-nio-20004-exec-2][c.z.h.p.PoolBase-179] HikariPool-1 - Failed to validate connection com.mysql.cj.jdbc.ConnectionImpl@3dcfe3c7 (No operations allowed after connection closed.). Possibly consider using a shorter maxLifetime value. - 3895112
[2023-08-23 10:19:32,933][WARN ][http-nio-20004-exec-2][c.z.h.p.PoolBase-179] HikariPool-1 - Failed to validate connection com.mysql.cj.jdbc.ConnectionImpl@1035a211 (No operations allowed after connection closed.). Possibly consider using a shorter maxLifetime value. - 3895112
[2023-08-23 10:19:32,934][WARN ][http-nio-20004-exec-2][c.z.h.p.PoolBase-179] HikariPool-1 - Failed to validate connection com.mysql.cj.jdbc.ConnectionImpl@2f7bd4a3 (No operations allowed after connection closed.). Possibly consider using a shorter maxLifetime value. - 3895113
[2023-08-23 19:20:17,807][WARN ][main][o.h.b.i.MetadataBuilderImpl$MetadataBuildingOptionsImpl-626] HHH90000021: Encountered deprecated setting [javax.persistence.sharedCache.mode], use [jakarta.persistence.sharedCache.mode] instead - 4093
[2023-08-23 19:20:17,873][WARN ][main][c.z.h.HikariConfig-1039] HikariPool-1 - maxLifetime is less than 30000ms, setting to default 1800000ms. - 4159
[2023-08-23 19:20:17,873][WARN ][main][c.z.h.HikariConfig-1089] HikariPool-1 - idleTimeout has been set but has no effect because the pool is operating as a fixed size pool. - 4159
[2023-08-23 19:20:18,570][WARN ][main][o.h.m.RootClass-303] HHH000038: Composite-id class does not override equals(): com.mice.backoffice.c2v_mice_backoffice_api.entity.convention.LoungeEntity$LoungeId - 4856
[2023-08-23 19:20:18,571][WARN ][main][o.h.m.RootClass-306] HHH000039: Composite-id class does not override hashCode(): com.mice.backoffice.c2v_mice_backoffice_api.entity.convention.LoungeEntity$LoungeId - 4857
[2023-08-23 19:20:18,572][WARN ][main][o.h.m.RootClass-303] HHH000038: Composite-id class does not override equals(): com.mice.backoffice.c2v_mice_backoffice_api.entity.convention.session.SessionDisplayEntity$SessionDisplayId - 4858
[2023-08-23 19:20:18,572][WARN ][main][o.h.m.RootClass-306] HHH000039: Composite-id class does not override hashCode(): com.mice.backoffice.c2v_mice_backoffice_api.entity.convention.session.SessionDisplayEntity$SessionDisplayId - 4858
[2023-08-23 19:20:18,573][WARN ][main][o.h.m.RootClass-303] HHH000038: Composite-id class does not override equals(): com.mice.backoffice.c2v_mice_backoffice_api.entity.convention.SequencesEntity$SequencesPrimaryKey - 4859
[2023-08-23 19:20:18,573][WARN ][main][o.h.m.RootClass-306] HHH000039: Composite-id class does not override hashCode(): com.mice.backoffice.c2v_mice_backoffice_api.entity.convention.SequencesEntity$SequencesPrimaryKey - 4859
[2023-08-23 19:20:18,574][WARN ][main][o.h.m.RootClass-303] HHH000038: Composite-id class does not override equals(): com.mice.backoffice.c2v_mice_backoffice_api.entity.system.CodeEntity$CodeEntityPK - 4860
[2023-08-23 19:20:18,574][WARN ][main][o.h.m.RootClass-306] HHH000039: Composite-id class does not override hashCode(): com.mice.backoffice.c2v_mice_backoffice_api.entity.system.CodeEntity$CodeEntityPK - 4860
[2023-08-23 19:20:18,574][WARN ][main][o.h.m.RootClass-303] HHH000038: Composite-id class does not override equals(): com.mice.backoffice.c2v_mice_backoffice_api.entity.convention.session.SessionQuestionRecommendEntity$SessionQuestionRecommendId - 4860
[2023-08-23 19:20:18,574][WARN ][main][o.h.m.RootClass-306] HHH000039: Composite-id class does not override hashCode(): com.mice.backoffice.c2v_mice_backoffice_api.entity.convention.session.SessionQuestionRecommendEntity$SessionQuestionRecommendId - 4860
[2023-08-23 19:20:18,575][WARN ][main][o.h.m.RootClass-303] HHH000038: Composite-id class does not override equals(): com.mice.backoffice.c2v_mice_backoffice_api.entity.convention.LanguageEntity$LanguageId - 4861
[2023-08-23 19:20:18,575][WARN ][main][o.h.m.RootClass-306] HHH000039: Composite-id class does not override hashCode(): com.mice.backoffice.c2v_mice_backoffice_api.entity.convention.LanguageEntity$LanguageId - 4861
[2023-08-23 19:20:18,576][WARN ][main][o.h.m.RootClass-303] HHH000038: Composite-id class does not override equals(): com.mice.backoffice.c2v_mice_backoffice_api.entity.convention.event.EventHostEntity$EventHostId - 4862
[2023-08-23 19:20:18,576][WARN ][main][o.h.m.RootClass-306] HHH000039: Composite-id class does not override hashCode(): com.mice.backoffice.c2v_mice_backoffice_api.entity.convention.event.EventHostEntity$EventHostId - 4862
[2023-08-23 19:20:18,576][WARN ][main][o.h.m.RootClass-303] HHH000038: Composite-id class does not override equals(): com.mice.backoffice.c2v_mice_backoffice_api.entity.convention.session.TicketEntity$TicketId - 4862
[2023-08-23 19:20:18,576][WARN ][main][o.h.m.RootClass-306] HHH000039: Composite-id class does not override hashCode(): com.mice.backoffice.c2v_mice_backoffice_api.entity.convention.session.TicketEntity$TicketId - 4862
[2023-08-23 19:20:20,456][WARN ][main][o.s.b.a.o.j.JpaBaseConfiguration$JpaWebConfiguration-227] spring.jpa.open-in-view is enabled by default. Therefore, database queries may be performed during view rendering. Explicitly configure spring.jpa.open-in-view to disable this warning - 6742
[2023-08-23 19:20:21,546][WARN ][main][o.s.b.a.t.ThymeleafAutoConfiguration$DefaultTemplateResolverConfiguration-101] Cannot find template location: classpath:/templates/ (please add some templates, check your Thymeleaf configuration, or set spring.thymeleaf.check-template-location=false) - 7832
[2023-08-23 19:20:26,412][WARN ][http-nio-20004-exec-1][c.z.h.p.PoolBase-179] HikariPool-1 - Failed to validate connection com.mysql.cj.jdbc.ConnectionImpl@53c4b36b (No operations allowed after connection closed.). Possibly consider using a shorter maxLifetime value. - 12698
[2023-08-23 19:20:26,414][WARN ][http-nio-20004-exec-1][c.z.h.p.PoolBase-179] HikariPool-1 - Failed to validate connection com.mysql.cj.jdbc.ConnectionImpl@55d598ef (No operations allowed after connection closed.). Possibly consider using a shorter maxLifetime value. - 12700
[2023-08-23 19:20:26,415][WARN ][http-nio-20004-exec-1][c.z.h.p.PoolBase-179] HikariPool-1 - Failed to validate connection com.mysql.cj.jdbc.ConnectionImpl@4659c490 (No operations allowed after connection closed.). Possibly consider using a shorter maxLifetime value. - 12701
[2023-08-23 19:20:26,416][WARN ][http-nio-20004-exec-1][c.z.h.p.PoolBase-179] HikariPool-1 - Failed to validate connection com.mysql.cj.jdbc.ConnectionImpl@abaa84e (No operations allowed after connection closed.). Possibly consider using a shorter maxLifetime value. - 12702
[2023-08-23 19:20:26,416][WARN ][http-nio-20004-exec-1][c.z.h.p.PoolBase-179] HikariPool-1 - Failed to validate connection com.mysql.cj.jdbc.ConnectionImpl@26ca9ca (No operations allowed after connection closed.). Possibly consider using a shorter maxLifetime value. - 12702
[2023-08-23 19:20:26,417][WARN ][http-nio-20004-exec-1][c.z.h.p.PoolBase-179] HikariPool-1 - Failed to validate connection com.mysql.cj.jdbc.ConnectionImpl@7b875b88 (No operations allowed after connection closed.). Possibly consider using a shorter maxLifetime value. - 12703
[2023-08-23 19:20:26,417][WARN ][http-nio-20004-exec-1][c.z.h.p.PoolBase-179] HikariPool-1 - Failed to validate connection com.mysql.cj.jdbc.ConnectionImpl@73f27d2c (No operations allowed after connection closed.). Possibly consider using a shorter maxLifetime value. - 12703
[2023-08-23 19:20:26,418][WARN ][http-nio-20004-exec-1][c.z.h.p.PoolBase-179] HikariPool-1 - Failed to validate connection com.mysql.cj.jdbc.ConnectionImpl@2cd543c4 (No operations allowed after connection closed.). Possibly consider using a shorter maxLifetime value. - 12704
[2023-08-23 19:20:26,419][WARN ][http-nio-20004-exec-1][c.z.h.p.PoolBase-179] HikariPool-1 - Failed to validate connection com.mysql.cj.jdbc.ConnectionImpl@4b909d6d (No operations allowed after connection closed.). Possibly consider using a shorter maxLifetime value. - 12705
[2023-08-23 19:20:26,419][WARN ][http-nio-20004-exec-1][c.z.h.p.PoolBase-179] HikariPool-1 - Failed to validate connection com.mysql.cj.jdbc.ConnectionImpl@a0ad48c (No operations allowed after connection closed.). Possibly consider using a shorter maxLifetime value. - 12705
[2023-08-23 19:20:51,381][WARN ][main][o.h.b.i.MetadataBuilderImpl$MetadataBuildingOptionsImpl-626] HHH90000021: Encountered deprecated setting [javax.persistence.sharedCache.mode], use [jakarta.persistence.sharedCache.mode] instead - 4015
[2023-08-23 19:20:51,449][WARN ][main][c.z.h.HikariConfig-1039] HikariPool-1 - maxLifetime is less than 30000ms, setting to default 1800000ms. - 4083
[2023-08-23 19:20:51,449][WARN ][main][c.z.h.HikariConfig-1089] HikariPool-1 - idleTimeout has been set but has no effect because the pool is operating as a fixed size pool. - 4083
[2023-08-23 19:20:52,114][WARN ][main][o.h.m.RootClass-303] HHH000038: Composite-id class does not override equals(): com.mice.backoffice.c2v_mice_backoffice_api.entity.convention.LoungeEntity$LoungeId - 4748
[2023-08-23 19:20:52,114][WARN ][main][o.h.m.RootClass-306] HHH000039: Composite-id class does not override hashCode(): com.mice.backoffice.c2v_mice_backoffice_api.entity.convention.LoungeEntity$LoungeId - 4748
[2023-08-23 19:20:52,115][WARN ][main][o.h.m.RootClass-303] HHH000038: Composite-id class does not override equals(): com.mice.backoffice.c2v_mice_backoffice_api.entity.convention.session.SessionDisplayEntity$SessionDisplayId - 4749
[2023-08-23 19:20:52,115][WARN ][main][o.h.m.RootClass-306] HHH000039: Composite-id class does not override hashCode(): com.mice.backoffice.c2v_mice_backoffice_api.entity.convention.session.SessionDisplayEntity$SessionDisplayId - 4749
[2023-08-23 19:20:52,116][WARN ][main][o.h.m.RootClass-303] HHH000038: Composite-id class does not override equals(): com.mice.backoffice.c2v_mice_backoffice_api.entity.convention.SequencesEntity$SequencesPrimaryKey - 4750
[2023-08-23 19:20:52,116][WARN ][main][o.h.m.RootClass-306] HHH000039: Composite-id class does not override hashCode(): com.mice.backoffice.c2v_mice_backoffice_api.entity.convention.SequencesEntity$SequencesPrimaryKey - 4750
[2023-08-23 19:20:52,116][WARN ][main][o.h.m.RootClass-303] HHH000038: Composite-id class does not override equals(): com.mice.backoffice.c2v_mice_backoffice_api.entity.system.CodeEntity$CodeEntityPK - 4750
[2023-08-23 19:20:52,116][WARN ][main][o.h.m.RootClass-306] HHH000039: Composite-id class does not override hashCode(): com.mice.backoffice.c2v_mice_backoffice_api.entity.system.CodeEntity$CodeEntityPK - 4750
[2023-08-23 19:20:52,116][WARN ][main][o.h.m.RootClass-303] HHH000038: Composite-id class does not override equals(): com.mice.backoffice.c2v_mice_backoffice_api.entity.convention.session.SessionQuestionRecommendEntity$SessionQuestionRecommendId - 4750
[2023-08-23 19:20:52,117][WARN ][main][o.h.m.RootClass-306] HHH000039: Composite-id class does not override hashCode(): com.mice.backoffice.c2v_mice_backoffice_api.entity.convention.session.SessionQuestionRecommendEntity$SessionQuestionRecommendId - 4751
[2023-08-23 19:20:52,117][WARN ][main][o.h.m.RootClass-303] HHH000038: Composite-id class does not override equals(): com.mice.backoffice.c2v_mice_backoffice_api.entity.convention.LanguageEntity$LanguageId - 4751
[2023-08-23 19:20:52,118][WARN ][main][o.h.m.RootClass-306] HHH000039: Composite-id class does not override hashCode(): com.mice.backoffice.c2v_mice_backoffice_api.entity.convention.LanguageEntity$LanguageId - 4752
[2023-08-23 19:20:52,118][WARN ][main][o.h.m.RootClass-303] HHH000038: Composite-id class does not override equals(): com.mice.backoffice.c2v_mice_backoffice_api.entity.convention.event.EventHostEntity$EventHostId - 4752
[2023-08-23 19:20:52,118][WARN ][main][o.h.m.RootClass-306] HHH000039: Composite-id class does not override hashCode(): com.mice.backoffice.c2v_mice_backoffice_api.entity.convention.event.EventHostEntity$EventHostId - 4752
[2023-08-23 19:20:52,118][WARN ][main][o.h.m.RootClass-303] HHH000038: Composite-id class does not override equals(): com.mice.backoffice.c2v_mice_backoffice_api.entity.convention.session.TicketEntity$TicketId - 4752
[2023-08-23 19:20:52,118][WARN ][main][o.h.m.RootClass-306] HHH000039: Composite-id class does not override hashCode(): com.mice.backoffice.c2v_mice_backoffice_api.entity.convention.session.TicketEntity$TicketId - 4752
[2023-08-23 19:20:53,979][WARN ][main][o.s.b.a.o.j.JpaBaseConfiguration$JpaWebConfiguration-227] spring.jpa.open-in-view is enabled by default. Therefore, database queries may be performed during view rendering. Explicitly configure spring.jpa.open-in-view to disable this warning - 6613
[2023-08-23 19:20:55,158][WARN ][main][o.s.b.a.t.ThymeleafAutoConfiguration$DefaultTemplateResolverConfiguration-101] Cannot find template location: classpath:/templates/ (please add some templates, check your Thymeleaf configuration, or set spring.thymeleaf.check-template-location=false) - 7792
[2023-08-23 19:21:00,388][WARN ][http-nio-20004-exec-1][c.z.h.p.PoolBase-179] HikariPool-1 - Failed to validate connection com.mysql.cj.jdbc.ConnectionImpl@16510bb9 (No operations allowed after connection closed.). Possibly consider using a shorter maxLifetime value. - 13022
[2023-08-23 19:21:00,390][WARN ][http-nio-20004-exec-1][c.z.h.p.PoolBase-179] HikariPool-1 - Failed to validate connection com.mysql.cj.jdbc.ConnectionImpl@48c48227 (No operations allowed after connection closed.). Possibly consider using a shorter maxLifetime value. - 13024
[2023-08-23 19:21:00,391][WARN ][http-nio-20004-exec-1][c.z.h.p.PoolBase-179] HikariPool-1 - Failed to validate connection com.mysql.cj.jdbc.ConnectionImpl@666014c5 (No operations allowed after connection closed.). Possibly consider using a shorter maxLifetime value. - 13025
[2023-08-23 19:21:00,392][WARN ][http-nio-20004-exec-1][c.z.h.p.PoolBase-179] HikariPool-1 - Failed to validate connection com.mysql.cj.jdbc.ConnectionImpl@19abe8f3 (No operations allowed after connection closed.). Possibly consider using a shorter maxLifetime value. - 13026
[2023-08-23 19:21:00,392][WARN ][http-nio-20004-exec-1][c.z.h.p.PoolBase-179] HikariPool-1 - Failed to validate connection com.mysql.cj.jdbc.ConnectionImpl@7423d21c (No operations allowed after connection closed.). Possibly consider using a shorter maxLifetime value. - 13026
[2023-08-23 19:21:00,393][WARN ][http-nio-20004-exec-1][c.z.h.p.PoolBase-179] HikariPool-1 - Failed to validate connection com.mysql.cj.jdbc.ConnectionImpl@181ab305 (No operations allowed after connection closed.). Possibly consider using a shorter maxLifetime value. - 13027
[2023-08-23 19:21:00,394][WARN ][http-nio-20004-exec-1][c.z.h.p.PoolBase-179] HikariPool-1 - Failed to validate connection com.mysql.cj.jdbc.ConnectionImpl@7eba5aff (No operations allowed after connection closed.). Possibly consider using a shorter maxLifetime value. - 13028
[2023-08-23 19:21:00,394][WARN ][http-nio-20004-exec-1][c.z.h.p.PoolBase-179] HikariPool-1 - Failed to validate connection com.mysql.cj.jdbc.ConnectionImpl@3890d9ab (No operations allowed after connection closed.). Possibly consider using a shorter maxLifetime value. - 13028
[2023-08-23 19:21:00,395][WARN ][http-nio-20004-exec-1][c.z.h.p.PoolBase-179] HikariPool-1 - Failed to validate connection com.mysql.cj.jdbc.ConnectionImpl@52495f97 (No operations allowed after connection closed.). Possibly consider using a shorter maxLifetime value. - 13029
[2023-08-23 19:21:00,395][WARN ][http-nio-20004-exec-1][c.z.h.p.PoolBase-179] HikariPool-1 - Failed to validate connection com.mysql.cj.jdbc.ConnectionImpl@1f864c40 (No operations allowed after connection closed.). Possibly consider using a shorter maxLifetime value. - 13029
[2023-08-23 19:21:41,649][WARN ][main][o.h.b.i.MetadataBuilderImpl$MetadataBuildingOptionsImpl-626] HHH90000021: Encountered deprecated setting [javax.persistence.sharedCache.mode], use [jakarta.persistence.sharedCache.mode] instead - 4110
[2023-08-23 19:21:41,725][WARN ][main][c.z.h.HikariConfig-1039] HikariPool-1 - maxLifetime is less than 30000ms, setting to default 1800000ms. - 4186
[2023-08-23 19:21:41,725][WARN ][main][c.z.h.HikariConfig-1085] HikariPool-1 - idleTimeout is less than 10000ms, setting to default 600000ms. - 4186
[2023-08-23 19:21:42,445][WARN ][main][o.h.m.RootClass-303] HHH000038: Composite-id class does not override equals(): com.mice.backoffice.c2v_mice_backoffice_api.entity.convention.LoungeEntity$LoungeId - 4906
[2023-08-23 19:21:42,446][WARN ][main][o.h.m.RootClass-306] HHH000039: Composite-id class does not override hashCode(): com.mice.backoffice.c2v_mice_backoffice_api.entity.convention.LoungeEntity$LoungeId - 4907
[2023-08-23 19:21:42,447][WARN ][main][o.h.m.RootClass-303] HHH000038: Composite-id class does not override equals(): com.mice.backoffice.c2v_mice_backoffice_api.entity.convention.session.SessionDisplayEntity$SessionDisplayId - 4908
[2023-08-23 19:21:42,447][WARN ][main][o.h.m.RootClass-306] HHH000039: Composite-id class does not override hashCode(): com.mice.backoffice.c2v_mice_backoffice_api.entity.convention.session.SessionDisplayEntity$SessionDisplayId - 4908
[2023-08-23 19:21:42,448][WARN ][main][o.h.m.RootClass-303] HHH000038: Composite-id class does not override equals(): com.mice.backoffice.c2v_mice_backoffice_api.entity.convention.SequencesEntity$SequencesPrimaryKey - 4909
[2023-08-23 19:21:42,448][WARN ][main][o.h.m.RootClass-306] HHH000039: Composite-id class does not override hashCode(): com.mice.backoffice.c2v_mice_backoffice_api.entity.convention.SequencesEntity$SequencesPrimaryKey - 4909
[2023-08-23 19:21:42,448][WARN ][main][o.h.m.RootClass-303] HHH000038: Composite-id class does not override equals(): com.mice.backoffice.c2v_mice_backoffice_api.entity.system.CodeEntity$CodeEntityPK - 4909
[2023-08-23 19:21:42,449][WARN ][main][o.h.m.RootClass-306] HHH000039: Composite-id class does not override hashCode(): com.mice.backoffice.c2v_mice_backoffice_api.entity.system.CodeEntity$CodeEntityPK - 4910
[2023-08-23 19:21:42,449][WARN ][main][o.h.m.RootClass-303] HHH000038: Composite-id class does not override equals(): com.mice.backoffice.c2v_mice_backoffice_api.entity.convention.session.SessionQuestionRecommendEntity$SessionQuestionRecommendId - 4910
[2023-08-23 19:21:42,449][WARN ][main][o.h.m.RootClass-306] HHH000039: Composite-id class does not override hashCode(): com.mice.backoffice.c2v_mice_backoffice_api.entity.convention.session.SessionQuestionRecommendEntity$SessionQuestionRecommendId - 4910
[2023-08-23 19:21:42,450][WARN ][main][o.h.m.RootClass-303] HHH000038: Composite-id class does not override equals(): com.mice.backoffice.c2v_mice_backoffice_api.entity.convention.LanguageEntity$LanguageId - 4911
[2023-08-23 19:21:42,450][WARN ][main][o.h.m.RootClass-306] HHH000039: Composite-id class does not override hashCode(): com.mice.backoffice.c2v_mice_backoffice_api.entity.convention.LanguageEntity$LanguageId - 4911
[2023-08-23 19:21:42,451][WARN ][main][o.h.m.RootClass-303] HHH000038: Composite-id class does not override equals(): com.mice.backoffice.c2v_mice_backoffice_api.entity.convention.event.EventHostEntity$EventHostId - 4912
[2023-08-23 19:21:42,451][WARN ][main][o.h.m.RootClass-306] HHH000039: Composite-id class does not override hashCode(): com.mice.backoffice.c2v_mice_backoffice_api.entity.convention.event.EventHostEntity$EventHostId - 4912
[2023-08-23 19:21:42,451][WARN ][main][o.h.m.RootClass-303] HHH000038: Composite-id class does not override equals(): com.mice.backoffice.c2v_mice_backoffice_api.entity.convention.session.TicketEntity$TicketId - 4912
[2023-08-23 19:21:42,451][WARN ][main][o.h.m.RootClass-306] HHH000039: Composite-id class does not override hashCode(): com.mice.backoffice.c2v_mice_backoffice_api.entity.convention.session.TicketEntity$TicketId - 4912
[2023-08-23 19:21:44,310][WARN ][main][o.s.b.a.o.j.JpaBaseConfiguration$JpaWebConfiguration-227] spring.jpa.open-in-view is enabled by default. Therefore, database queries may be performed during view rendering. Explicitly configure spring.jpa.open-in-view to disable this warning - 6771
[2023-08-23 19:21:45,536][WARN ][main][o.s.b.a.t.ThymeleafAutoConfiguration$DefaultTemplateResolverConfiguration-101] Cannot find template location: classpath:/templates/ (please add some templates, check your Thymeleaf configuration, or set spring.thymeleaf.check-template-location=false) - 7997
[2023-08-23 19:21:50,552][WARN ][http-nio-20004-exec-1][c.z.h.p.PoolBase-179] HikariPool-1 - Failed to validate connection com.mysql.cj.jdbc.ConnectionImpl@5590d10f (No operations allowed after connection closed.). Possibly consider using a shorter maxLifetime value. - 13013
[2023-08-23 19:22:21,546][WARN ][main][o.h.b.i.MetadataBuilderImpl$MetadataBuildingOptionsImpl-626] HHH90000021: Encountered deprecated setting [javax.persistence.sharedCache.mode], use [jakarta.persistence.sharedCache.mode] instead - 4126
[2023-08-23 19:22:21,615][WARN ][main][c.z.h.HikariConfig-1039] HikariPool-1 - maxLifetime is less than 30000ms, setting to default 1800000ms. - 4195
[2023-08-23 19:22:21,616][WARN ][main][c.z.h.HikariConfig-1089] HikariPool-1 - idleTimeout has been set but has no effect because the pool is operating as a fixed size pool. - 4196
[2023-08-23 19:22:22,310][WARN ][main][o.h.m.RootClass-303] HHH000038: Composite-id class does not override equals(): com.mice.backoffice.c2v_mice_backoffice_api.entity.convention.LoungeEntity$LoungeId - 4890
[2023-08-23 19:22:22,311][WARN ][main][o.h.m.RootClass-306] HHH000039: Composite-id class does not override hashCode(): com.mice.backoffice.c2v_mice_backoffice_api.entity.convention.LoungeEntity$LoungeId - 4891
[2023-08-23 19:22:22,312][WARN ][main][o.h.m.RootClass-303] HHH000038: Composite-id class does not override equals(): com.mice.backoffice.c2v_mice_backoffice_api.entity.convention.session.SessionDisplayEntity$SessionDisplayId - 4892
[2023-08-23 19:22:22,312][WARN ][main][o.h.m.RootClass-306] HHH000039: Composite-id class does not override hashCode(): com.mice.backoffice.c2v_mice_backoffice_api.entity.convention.session.SessionDisplayEntity$SessionDisplayId - 4892
[2023-08-23 19:22:22,313][WARN ][main][o.h.m.RootClass-303] HHH000038: Composite-id class does not override equals(): com.mice.backoffice.c2v_mice_backoffice_api.entity.convention.SequencesEntity$SequencesPrimaryKey - 4893
[2023-08-23 19:22:22,313][WARN ][main][o.h.m.RootClass-306] HHH000039: Composite-id class does not override hashCode(): com.mice.backoffice.c2v_mice_backoffice_api.entity.convention.SequencesEntity$SequencesPrimaryKey - 4893
[2023-08-23 19:22:22,313][WARN ][main][o.h.m.RootClass-303] HHH000038: Composite-id class does not override equals(): com.mice.backoffice.c2v_mice_backoffice_api.entity.system.CodeEntity$CodeEntityPK - 4893
[2023-08-23 19:22:22,313][WARN ][main][o.h.m.RootClass-306] HHH000039: Composite-id class does not override hashCode(): com.mice.backoffice.c2v_mice_backoffice_api.entity.system.CodeEntity$CodeEntityPK - 4893
[2023-08-23 19:22:22,314][WARN ][main][o.h.m.RootClass-303] HHH000038: Composite-id class does not override equals(): com.mice.backoffice.c2v_mice_backoffice_api.entity.convention.session.SessionQuestionRecommendEntity$SessionQuestionRecommendId - 4894
[2023-08-23 19:22:22,314][WARN ][main][o.h.m.RootClass-306] HHH000039: Composite-id class does not override hashCode(): com.mice.backoffice.c2v_mice_backoffice_api.entity.convention.session.SessionQuestionRecommendEntity$SessionQuestionRecommendId - 4894
[2023-08-23 19:22:22,315][WARN ][main][o.h.m.RootClass-303] HHH000038: Composite-id class does not override equals(): com.mice.backoffice.c2v_mice_backoffice_api.entity.convention.LanguageEntity$LanguageId - 4895
[2023-08-23 19:22:22,315][WARN ][main][o.h.m.RootClass-306] HHH000039: Composite-id class does not override hashCode(): com.mice.backoffice.c2v_mice_backoffice_api.entity.convention.LanguageEntity$LanguageId - 4895
[2023-08-23 19:22:22,315][WARN ][main][o.h.m.RootClass-303] HHH000038: Composite-id class does not override equals(): com.mice.backoffice.c2v_mice_backoffice_api.entity.convention.event.EventHostEntity$EventHostId - 4895
[2023-08-23 19:22:22,316][WARN ][main][o.h.m.RootClass-306] HHH000039: Composite-id class does not override hashCode(): com.mice.backoffice.c2v_mice_backoffice_api.entity.convention.event.EventHostEntity$EventHostId - 4896
[2023-08-23 19:22:22,316][WARN ][main][o.h.m.RootClass-303] HHH000038: Composite-id class does not override equals(): com.mice.backoffice.c2v_mice_backoffice_api.entity.convention.session.TicketEntity$TicketId - 4896
[2023-08-23 19:22:22,316][WARN ][main][o.h.m.RootClass-306] HHH000039: Composite-id class does not override hashCode(): com.mice.backoffice.c2v_mice_backoffice_api.entity.convention.session.TicketEntity$TicketId - 4896
[2023-08-23 19:22:24,212][WARN ][main][o.s.b.a.o.j.JpaBaseConfiguration$JpaWebConfiguration-227] spring.jpa.open-in-view is enabled by default. Therefore, database queries may be performed during view rendering. Explicitly configure spring.jpa.open-in-view to disable this warning - 6792
[2023-08-23 19:22:25,323][WARN ][main][o.s.b.a.t.ThymeleafAutoConfiguration$DefaultTemplateResolverConfiguration-101] Cannot find template location: classpath:/templates/ (please add some templates, check your Thymeleaf configuration, or set spring.thymeleaf.check-template-location=false) - 7903
[2023-08-23 19:22:31,759][WARN ][http-nio-20004-exec-1][c.z.h.p.PoolBase-179] HikariPool-1 - Failed to validate connection com.mysql.cj.jdbc.ConnectionImpl@230fbdf5 (No operations allowed after connection closed.). Possibly consider using a shorter maxLifetime value. - 14339
[2023-08-23 19:22:31,760][WARN ][http-nio-20004-exec-1][c.z.h.p.PoolBase-179] HikariPool-1 - Failed to validate connection com.mysql.cj.jdbc.ConnectionImpl@3889a477 (No operations allowed after connection closed.). Possibly consider using a shorter maxLifetime value. - 14340
[2023-08-23 19:22:31,761][WARN ][http-nio-20004-exec-1][c.z.h.p.PoolBase-179] HikariPool-1 - Failed to validate connection com.mysql.cj.jdbc.ConnectionImpl@6776e5fa (No operations allowed after connection closed.). Possibly consider using a shorter maxLifetime value. - 14341
[2023-08-23 19:22:31,762][WARN ][http-nio-20004-exec-1][c.z.h.p.PoolBase-179] HikariPool-1 - Failed to validate connection com.mysql.cj.jdbc.ConnectionImpl@61e77e86 (No operations allowed after connection closed.). Possibly consider using a shorter maxLifetime value. - 14342
[2023-08-23 19:22:31,763][WARN ][http-nio-20004-exec-1][c.z.h.p.PoolBase-179] HikariPool-1 - Failed to validate connection com.mysql.cj.jdbc.ConnectionImpl@72c1bba0 (No operations allowed after connection closed.). Possibly consider using a shorter maxLifetime value. - 14343
[2023-08-23 19:22:31,763][WARN ][http-nio-20004-exec-1][c.z.h.p.PoolBase-179] HikariPool-1 - Failed to validate connection com.mysql.cj.jdbc.ConnectionImpl@79e0393 (No operations allowed after connection closed.). Possibly consider using a shorter maxLifetime value. - 14343
[2023-08-23 19:22:31,764][WARN ][http-nio-20004-exec-1][c.z.h.p.PoolBase-179] HikariPool-1 - Failed to validate connection com.mysql.cj.jdbc.ConnectionImpl@57977faf (No operations allowed after connection closed.). Possibly consider using a shorter maxLifetime value. - 14344
[2023-08-23 19:22:31,765][WARN ][http-nio-20004-exec-1][c.z.h.p.PoolBase-179] HikariPool-1 - Failed to validate connection com.mysql.cj.jdbc.ConnectionImpl@d5e3895 (No operations allowed after connection closed.). Possibly consider using a shorter maxLifetime value. - 14345
[2023-08-23 19:22:31,765][WARN ][http-nio-20004-exec-1][c.z.h.p.PoolBase-179] HikariPool-1 - Failed to validate connection com.mysql.cj.jdbc.ConnectionImpl@723d9e25 (No operations allowed after connection closed.). Possibly consider using a shorter maxLifetime value. - 14345
[2023-08-23 19:22:31,766][WARN ][http-nio-20004-exec-1][c.z.h.p.PoolBase-179] HikariPool-1 - Failed to validate connection com.mysql.cj.jdbc.ConnectionImpl@5c8896a (No operations allowed after connection closed.). Possibly consider using a shorter maxLifetime value. - 14346
