[2023-09-11 10:12:58,872][INFO ][background-preinit][o.h.v.i.u.Version-21] HV000001: Hibernate Validator 8.0.0.Final - 568
[2023-09-11 10:12:58,919][INFO ][main][o.s.b.StartupInfoLogger-51] Starting C2vMiceBackofficeApiApplication using Java 17.0.5 with PID 42272 (D:\source\real_mice\c2v_platform_bo_mice_api\build\classes\java\main started by CJE in D:\source\real_mice\c2v_platform_bo_mice_api) - 615
[2023-09-11 10:12:58,920][INFO ][main][o.s.b.SpringApplication-630] No active profile set, falling back to 1 default profile: "default" - 616
[2023-09-11 10:13:00,763][INFO ][main][o.s.d.r.c.RepositoryConfigurationDelegate-294] Multiple Spring Data modules found, entering strict repository configuration mode - 2459
[2023-09-11 10:13:00,765][INFO ][main][o.s.d.r.c.RepositoryConfigurationDelegate-138] Bootstrapping Spring Data JPA repositories in DEFAULT mode. - 2461
[2023-09-11 10:13:00,894][INFO ][main][o.s.d.r.c.RepositoryConfigurationExtensionSupport-320] Spring Data JPA - Could not safely identify store assignment for repository candidate interface com.mice.backoffice.c2v_mice_backoffice_api.repository.sample.PersonRedisRepository; If you want this repository to be a JPA repository, consider annotating your entities with one of these annotations: jakarta.persistence.Entity, jakarta.persistence.MappedSuperclass (preferred), or consider extending one of the following types with your repository: org.springframework.data.jpa.repository.JpaRepository - 2590
[2023-09-11 10:13:00,897][INFO ][main][o.s.d.r.c.RepositoryConfigurationExtensionSupport-320] Spring Data JPA - Could not safely identify store assignment for repository candidate interface com.mice.backoffice.c2v_mice_backoffice_api.repository.system.AuthRepository; If you want this repository to be a JPA repository, consider annotating your entities with one of these annotations: jakarta.persistence.Entity, jakarta.persistence.MappedSuperclass (preferred), or consider extending one of the following types with your repository: org.springframework.data.jpa.repository.JpaRepository - 2593
[2023-09-11 10:13:00,902][INFO ][main][o.s.d.r.c.RepositoryConfigurationExtensionSupport-320] Spring Data JPA - Could not safely identify store assignment for repository candidate interface com.mice.backoffice.c2v_mice_backoffice_api.repository.system.TokenRepository; If you want this repository to be a JPA repository, consider annotating your entities with one of these annotations: jakarta.persistence.Entity, jakarta.persistence.MappedSuperclass (preferred), or consider extending one of the following types with your repository: org.springframework.data.jpa.repository.JpaRepository - 2598
[2023-09-11 10:13:00,944][INFO ][main][o.s.d.r.c.RepositoryConfigurationDelegate-208] Finished Spring Data repository scanning in 173 ms. Found 25 JPA repository interfaces. - 2640
[2023-09-11 10:13:00,946][INFO ][main][o.s.d.r.c.RepositoryConfigurationDelegate-294] Multiple Spring Data modules found, entering strict repository configuration mode - 2642
[2023-09-11 10:13:00,946][INFO ][main][o.s.d.r.c.RepositoryConfigurationDelegate-138] Bootstrapping Spring Data JPA repositories in DEFAULT mode. - 2642
[2023-09-11 10:13:00,957][INFO ][main][o.s.d.r.c.RepositoryConfigurationDelegate-208] Finished Spring Data repository scanning in 10 ms. Found 3 JPA repository interfaces. - 2653
[2023-09-11 10:13:01,339][INFO ][main][o.s.d.r.c.RepositoryConfigurationDelegate-294] Multiple Spring Data modules found, entering strict repository configuration mode - 3035
[2023-09-11 10:13:01,341][INFO ][main][o.s.d.r.c.RepositoryConfigurationDelegate-138] Bootstrapping Spring Data Redis repositories in DEFAULT mode. - 3037
[2023-09-11 10:13:01,389][INFO ][main][o.s.d.r.c.RepositoryConfigurationExtensionSupport-320] Spring Data Redis - Could not safely identify store assignment for repository candidate interface com.mice.backoffice.c2v_mice_backoffice_api.repository.admin.AdminLogRepository; If you want this repository to be a Redis repository, consider annotating your entities with one of these annotations: org.springframework.data.redis.core.RedisHash (preferred), or consider extending one of the following types with your repository: org.springframework.data.keyvalue.repository.KeyValueRepository - 3085
[2023-09-11 10:13:01,390][INFO ][main][o.s.d.r.c.RepositoryConfigurationExtensionSupport-320] Spring Data Redis - Could not safely identify store assignment for repository candidate interface com.mice.backoffice.c2v_mice_backoffice_api.repository.admin.AdminRepository; If you want this repository to be a Redis repository, consider annotating your entities with one of these annotations: org.springframework.data.redis.core.RedisHash (preferred), or consider extending one of the following types with your repository: org.springframework.data.keyvalue.repository.KeyValueRepository - 3086
[2023-09-11 10:13:01,391][INFO ][main][o.s.d.r.c.RepositoryConfigurationExtensionSupport-320] Spring Data Redis - Could not safely identify store assignment for repository candidate interface com.mice.backoffice.c2v_mice_backoffice_api.repository.convention.AccountRepository; If you want this repository to be a Redis repository, consider annotating your entities with one of these annotations: org.springframework.data.redis.core.RedisHash (preferred), or consider extending one of the following types with your repository: org.springframework.data.keyvalue.repository.KeyValueRepository - 3087
[2023-09-11 10:13:01,392][INFO ][main][o.s.d.r.c.RepositoryConfigurationExtensionSupport-320] Spring Data Redis - Could not safely identify store assignment for repository candidate interface com.mice.backoffice.c2v_mice_backoffice_api.repository.convention.BannerDisplayRepository; If you want this repository to be a Redis repository, consider annotating your entities with one of these annotations: org.springframework.data.redis.core.RedisHash (preferred), or consider extending one of the following types with your repository: org.springframework.data.keyvalue.repository.KeyValueRepository - 3088
[2023-09-11 10:13:01,392][INFO ][main][o.s.d.r.c.RepositoryConfigurationExtensionSupport-320] Spring Data Redis - Could not safely identify store assignment for repository candidate interface com.mice.backoffice.c2v_mice_backoffice_api.repository.convention.BannerRepository; If you want this repository to be a Redis repository, consider annotating your entities with one of these annotations: org.springframework.data.redis.core.RedisHash (preferred), or consider extending one of the following types with your repository: org.springframework.data.keyvalue.repository.KeyValueRepository - 3088
[2023-09-11 10:13:01,393][INFO ][main][o.s.d.r.c.RepositoryConfigurationExtensionSupport-320] Spring Data Redis - Could not safely identify store assignment for repository candidate interface com.mice.backoffice.c2v_mice_backoffice_api.repository.convention.CouponRepository; If you want this repository to be a Redis repository, consider annotating your entities with one of these annotations: org.springframework.data.redis.core.RedisHash (preferred), or consider extending one of the following types with your repository: org.springframework.data.keyvalue.repository.KeyValueRepository - 3089
[2023-09-11 10:13:01,394][INFO ][main][o.s.d.r.c.RepositoryConfigurationExtensionSupport-320] Spring Data Redis - Could not safely identify store assignment for repository candidate interface com.mice.backoffice.c2v_mice_backoffice_api.repository.convention.DomainRepository; If you want this repository to be a Redis repository, consider annotating your entities with one of these annotations: org.springframework.data.redis.core.RedisHash (preferred), or consider extending one of the following types with your repository: org.springframework.data.keyvalue.repository.KeyValueRepository - 3090
[2023-09-11 10:13:01,394][INFO ][main][o.s.d.r.c.RepositoryConfigurationExtensionSupport-320] Spring Data Redis - Could not safely identify store assignment for repository candidate interface com.mice.backoffice.c2v_mice_backoffice_api.repository.convention.event.EventHostRepository; If you want this repository to be a Redis repository, consider annotating your entities with one of these annotations: org.springframework.data.redis.core.RedisHash (preferred), or consider extending one of the following types with your repository: org.springframework.data.keyvalue.repository.KeyValueRepository - 3090
[2023-09-11 10:13:01,395][INFO ][main][o.s.d.r.c.RepositoryConfigurationExtensionSupport-320] Spring Data Redis - Could not safely identify store assignment for repository candidate interface com.mice.backoffice.c2v_mice_backoffice_api.repository.convention.event.EventRepository; If you want this repository to be a Redis repository, consider annotating your entities with one of these annotations: org.springframework.data.redis.core.RedisHash (preferred), or consider extending one of the following types with your repository: org.springframework.data.keyvalue.repository.KeyValueRepository - 3091
[2023-09-11 10:13:01,395][INFO ][main][o.s.d.r.c.RepositoryConfigurationExtensionSupport-320] Spring Data Redis - Could not safely identify store assignment for repository candidate interface com.mice.backoffice.c2v_mice_backoffice_api.repository.convention.FileStorageKeyRepository; If you want this repository to be a Redis repository, consider annotating your entities with one of these annotations: org.springframework.data.redis.core.RedisHash (preferred), or consider extending one of the following types with your repository: org.springframework.data.keyvalue.repository.KeyValueRepository - 3091
[2023-09-11 10:13:01,396][INFO ][main][o.s.d.r.c.RepositoryConfigurationExtensionSupport-320] Spring Data Redis - Could not safely identify store assignment for repository candidate interface com.mice.backoffice.c2v_mice_backoffice_api.repository.convention.LanguageRepository; If you want this repository to be a Redis repository, consider annotating your entities with one of these annotations: org.springframework.data.redis.core.RedisHash (preferred), or consider extending one of the following types with your repository: org.springframework.data.keyvalue.repository.KeyValueRepository - 3092
[2023-09-11 10:13:01,396][INFO ][main][o.s.d.r.c.RepositoryConfigurationExtensionSupport-320] Spring Data Redis - Could not safely identify store assignment for repository candidate interface com.mice.backoffice.c2v_mice_backoffice_api.repository.convention.LoungeRepository; If you want this repository to be a Redis repository, consider annotating your entities with one of these annotations: org.springframework.data.redis.core.RedisHash (preferred), or consider extending one of the following types with your repository: org.springframework.data.keyvalue.repository.KeyValueRepository - 3092
[2023-09-11 10:13:01,397][INFO ][main][o.s.d.r.c.RepositoryConfigurationExtensionSupport-320] Spring Data Redis - Could not safely identify store assignment for repository candidate interface com.mice.backoffice.c2v_mice_backoffice_api.repository.convention.NoticeBoardRepository; If you want this repository to be a Redis repository, consider annotating your entities with one of these annotations: org.springframework.data.redis.core.RedisHash (preferred), or consider extending one of the following types with your repository: org.springframework.data.keyvalue.repository.KeyValueRepository - 3093
[2023-09-11 10:13:01,397][INFO ][main][o.s.d.r.c.RepositoryConfigurationExtensionSupport-320] Spring Data Redis - Could not safely identify store assignment for repository candidate interface com.mice.backoffice.c2v_mice_backoffice_api.repository.convention.ProgramRepository; If you want this repository to be a Redis repository, consider annotating your entities with one of these annotations: org.springframework.data.redis.core.RedisHash (preferred), or consider extending one of the following types with your repository: org.springframework.data.keyvalue.repository.KeyValueRepository - 3093
[2023-09-11 10:13:01,397][INFO ][main][o.s.d.r.c.RepositoryConfigurationExtensionSupport-320] Spring Data Redis - Could not safely identify store assignment for repository candidate interface com.mice.backoffice.c2v_mice_backoffice_api.repository.convention.screen.ScreenDisplayRepository; If you want this repository to be a Redis repository, consider annotating your entities with one of these annotations: org.springframework.data.redis.core.RedisHash (preferred), or consider extending one of the following types with your repository: org.springframework.data.keyvalue.repository.KeyValueRepository - 3093
[2023-09-11 10:13:01,398][INFO ][main][o.s.d.r.c.RepositoryConfigurationExtensionSupport-320] Spring Data Redis - Could not safely identify store assignment for repository candidate interface com.mice.backoffice.c2v_mice_backoffice_api.repository.convention.screen.ScreenRepository; If you want this repository to be a Redis repository, consider annotating your entities with one of these annotations: org.springframework.data.redis.core.RedisHash (preferred), or consider extending one of the following types with your repository: org.springframework.data.keyvalue.repository.KeyValueRepository - 3094
[2023-09-11 10:13:01,398][INFO ][main][o.s.d.r.c.RepositoryConfigurationExtensionSupport-320] Spring Data Redis - Could not safely identify store assignment for repository candidate interface com.mice.backoffice.c2v_mice_backoffice_api.repository.convention.SequenceRepository; If you want this repository to be a Redis repository, consider annotating your entities with one of these annotations: org.springframework.data.redis.core.RedisHash (preferred), or consider extending one of the following types with your repository: org.springframework.data.keyvalue.repository.KeyValueRepository - 3094
[2023-09-11 10:13:01,399][INFO ][main][o.s.d.r.c.RepositoryConfigurationExtensionSupport-320] Spring Data Redis - Could not safely identify store assignment for repository candidate interface com.mice.backoffice.c2v_mice_backoffice_api.repository.convention.session.PackageRepository; If you want this repository to be a Redis repository, consider annotating your entities with one of these annotations: org.springframework.data.redis.core.RedisHash (preferred), or consider extending one of the following types with your repository: org.springframework.data.keyvalue.repository.KeyValueRepository - 3095
[2023-09-11 10:13:01,399][INFO ][main][o.s.d.r.c.RepositoryConfigurationExtensionSupport-320] Spring Data Redis - Could not safely identify store assignment for repository candidate interface com.mice.backoffice.c2v_mice_backoffice_api.repository.convention.session.SessionDisplayRepository; If you want this repository to be a Redis repository, consider annotating your entities with one of these annotations: org.springframework.data.redis.core.RedisHash (preferred), or consider extending one of the following types with your repository: org.springframework.data.keyvalue.repository.KeyValueRepository - 3095
[2023-09-11 10:13:01,400][INFO ][main][o.s.d.r.c.RepositoryConfigurationExtensionSupport-320] Spring Data Redis - Could not safely identify store assignment for repository candidate interface com.mice.backoffice.c2v_mice_backoffice_api.repository.convention.session.SessionQuestionRepository; If you want this repository to be a Redis repository, consider annotating your entities with one of these annotations: org.springframework.data.redis.core.RedisHash (preferred), or consider extending one of the following types with your repository: org.springframework.data.keyvalue.repository.KeyValueRepository - 3096
[2023-09-11 10:13:01,400][INFO ][main][o.s.d.r.c.RepositoryConfigurationExtensionSupport-320] Spring Data Redis - Could not safely identify store assignment for repository candidate interface com.mice.backoffice.c2v_mice_backoffice_api.repository.convention.session.SessionRepository; If you want this repository to be a Redis repository, consider annotating your entities with one of these annotations: org.springframework.data.redis.core.RedisHash (preferred), or consider extending one of the following types with your repository: org.springframework.data.keyvalue.repository.KeyValueRepository - 3096
[2023-09-11 10:13:01,400][INFO ][main][o.s.d.r.c.RepositoryConfigurationExtensionSupport-320] Spring Data Redis - Could not safely identify store assignment for repository candidate interface com.mice.backoffice.c2v_mice_backoffice_api.repository.convention.session.SessionStaffRepository; If you want this repository to be a Redis repository, consider annotating your entities with one of these annotations: org.springframework.data.redis.core.RedisHash (preferred), or consider extending one of the following types with your repository: org.springframework.data.keyvalue.repository.KeyValueRepository - 3096
[2023-09-11 10:13:01,401][INFO ][main][o.s.d.r.c.RepositoryConfigurationExtensionSupport-320] Spring Data Redis - Could not safely identify store assignment for repository candidate interface com.mice.backoffice.c2v_mice_backoffice_api.repository.convention.session.TicketRepository; If you want this repository to be a Redis repository, consider annotating your entities with one of these annotations: org.springframework.data.redis.core.RedisHash (preferred), or consider extending one of the following types with your repository: org.springframework.data.keyvalue.repository.KeyValueRepository - 3097
[2023-09-11 10:13:01,401][INFO ][main][o.s.d.r.c.RepositoryConfigurationExtensionSupport-320] Spring Data Redis - Could not safely identify store assignment for repository candidate interface com.mice.backoffice.c2v_mice_backoffice_api.repository.convention.SurveyRepository; If you want this repository to be a Redis repository, consider annotating your entities with one of these annotations: org.springframework.data.redis.core.RedisHash (preferred), or consider extending one of the following types with your repository: org.springframework.data.keyvalue.repository.KeyValueRepository - 3097
[2023-09-11 10:13:01,402][INFO ][main][o.s.d.r.c.RepositoryConfigurationExtensionSupport-320] Spring Data Redis - Could not safely identify store assignment for repository candidate interface com.mice.backoffice.c2v_mice_backoffice_api.repository.system.CodeRepository; If you want this repository to be a Redis repository, consider annotating your entities with one of these annotations: org.springframework.data.redis.core.RedisHash (preferred), or consider extending one of the following types with your repository: org.springframework.data.keyvalue.repository.KeyValueRepository - 3098
[2023-09-11 10:13:01,403][INFO ][main][o.s.d.r.c.RepositoryConfigurationExtensionSupport-320] Spring Data Redis - Could not safely identify store assignment for repository candidate interface com.mice.backoffice.c2v_mice_backoffice_api.slave.repository.CouponListLogRepository; If you want this repository to be a Redis repository, consider annotating your entities with one of these annotations: org.springframework.data.redis.core.RedisHash (preferred), or consider extending one of the following types with your repository: org.springframework.data.keyvalue.repository.KeyValueRepository - 3099
[2023-09-11 10:13:01,403][INFO ][main][o.s.d.r.c.RepositoryConfigurationExtensionSupport-320] Spring Data Redis - Could not safely identify store assignment for repository candidate interface com.mice.backoffice.c2v_mice_backoffice_api.slave.repository.CouponListRepository; If you want this repository to be a Redis repository, consider annotating your entities with one of these annotations: org.springframework.data.redis.core.RedisHash (preferred), or consider extending one of the following types with your repository: org.springframework.data.keyvalue.repository.KeyValueRepository - 3099
[2023-09-11 10:13:01,403][INFO ][main][o.s.d.r.c.RepositoryConfigurationExtensionSupport-320] Spring Data Redis - Could not safely identify store assignment for repository candidate interface com.mice.backoffice.c2v_mice_backoffice_api.slave.repository.EventListRepository; If you want this repository to be a Redis repository, consider annotating your entities with one of these annotations: org.springframework.data.redis.core.RedisHash (preferred), or consider extending one of the following types with your repository: org.springframework.data.keyvalue.repository.KeyValueRepository - 3099
[2023-09-11 10:13:01,448][INFO ][main][o.s.d.r.c.RepositoryConfigurationDelegate-208] Finished Spring Data repository scanning in 102 ms. Found 3 Redis repository interfaces. - 3144
[2023-09-11 10:13:01,697][INFO ][main][o.s.c.c.s.GenericScope-282] BeanFactory id=6bcfd726-f219-3fa0-9221-988564519bb1 - 3393
[2023-09-11 10:13:01,744][INFO ][main][c.u.j.c.EnableEncryptablePropertiesBeanFactoryPostProcessor-44] Post-processing PropertySource instances - 3440
[2023-09-11 10:13:01,745][INFO ][main][c.u.j.EncryptablePropertySourceConverter-105] Skipping PropertySource configurationProperties [class org.springframework.boot.context.properties.source.ConfigurationPropertySourcesPropertySource - 3441
[2023-09-11 10:13:01,745][INFO ][main][c.u.j.EncryptablePropertySourceConverter-105] Skipping PropertySource servletConfigInitParams [class org.springframework.core.env.PropertySource$StubPropertySource - 3441
[2023-09-11 10:13:01,745][INFO ][main][c.u.j.EncryptablePropertySourceConverter-105] Skipping PropertySource servletContextInitParams [class org.springframework.core.env.PropertySource$StubPropertySource - 3441
[2023-09-11 10:13:01,746][INFO ][main][c.u.j.EncryptablePropertySourceConverter-110] Converting PropertySource systemProperties [org.springframework.core.env.PropertiesPropertySource] to EncryptableMapPropertySourceWrapper - 3442
[2023-09-11 10:13:01,746][INFO ][main][c.u.j.EncryptablePropertySourceConverter-110] Converting PropertySource systemEnvironment [org.springframework.boot.env.SystemEnvironmentPropertySourceEnvironmentPostProcessor$OriginAwareSystemEnvironmentPropertySource] to EncryptableSystemEnvironmentPropertySourceWrapper - 3442
[2023-09-11 10:13:01,746][INFO ][main][c.u.j.EncryptablePropertySourceConverter-110] Converting PropertySource random [org.springframework.boot.env.RandomValuePropertySource] to EncryptablePropertySourceWrapper - 3442
[2023-09-11 10:13:01,746][INFO ][main][c.u.j.EncryptablePropertySourceConverter-110] Converting PropertySource cachedrandom [org.springframework.cloud.util.random.CachedRandomPropertySource] to EncryptablePropertySourceWrapper - 3442
[2023-09-11 10:13:01,746][INFO ][main][c.u.j.EncryptablePropertySourceConverter-110] Converting PropertySource springCloudClientHostInfo [org.springframework.core.env.MapPropertySource] to EncryptableMapPropertySourceWrapper - 3442
[2023-09-11 10:13:01,747][INFO ][main][c.u.j.EncryptablePropertySourceConverter-110] Converting PropertySource Config resource 'file [conf\application-local.yml]' via location 'conf/application-local.yml' [org.springframework.boot.env.OriginTrackedMapPropertySource] to EncryptableMapPropertySourceWrapper - 3443
[2023-09-11 10:13:01,767][INFO ][main][c.u.j.f.DefaultLazyPropertyFilter-45] Property Filter custom Bean not found with name 'encryptablePropertyFilter'. Initializing Default Property Filter - 3463
[2023-09-11 10:13:01,772][INFO ][main][c.u.j.r.DefaultLazyPropertyResolver-46] Property Resolver custom Bean not found with name 'encryptablePropertyResolver'. Initializing Default Property Resolver - 3468
[2023-09-11 10:13:01,773][INFO ][main][c.u.j.d.DefaultLazyPropertyDetector-44] Property Detector custom Bean not found with name 'encryptablePropertyDetector'. Initializing Default Property Detector - 3469
[2023-09-11 10:13:02,123][INFO ][main][o.s.b.w.e.t.TomcatWebServer-108] Tomcat initialized with port(s): 20004 (http) - 3819
[2023-09-11 10:13:02,129][INFO ][main][o.a.j.l.DirectJDKLog-173] The ["http-nio-20004"] connector has been configured to support HTTP upgrade to [h2c] - 3825
[2023-09-11 10:13:02,130][INFO ][main][o.a.j.l.DirectJDKLog-173] Initializing ProtocolHandler ["http-nio-20004"] - 3826
[2023-09-11 10:13:02,131][INFO ][main][o.a.j.l.DirectJDKLog-173] Starting service [Tomcat] - 3827
[2023-09-11 10:13:02,131][INFO ][main][o.a.j.l.DirectJDKLog-173] Starting Servlet engine: [Apache Tomcat/10.1.4] - 3827
[2023-09-11 10:13:02,241][INFO ][main][o.a.j.l.DirectJDKLog-173] Initializing Spring embedded WebApplicationContext - 3937
[2023-09-11 10:13:02,241][INFO ][main][o.s.b.w.s.c.ServletWebServerApplicationContext-291] Root WebApplicationContext: initialization completed in 3289 ms - 3937
[2023-09-11 10:13:02,467][INFO ][main][o.h.j.i.u.LogHelper-31] HHH000204: Processing PersistenceUnitInfo [name: master] - 4163
[2023-09-11 10:13:02,500][INFO ][main][o.h.Version-44] HHH000412: Hibernate ORM core version 6.1.6.Final - 4196
[2023-09-11 10:13:02,600][WARN ][main][o.h.b.i.MetadataBuilderImpl$MetadataBuildingOptionsImpl-626] HHH90000021: Encountered deprecated setting [javax.persistence.sharedCache.mode], use [jakarta.persistence.sharedCache.mode] instead - 4296
[2023-09-11 10:13:03,067][INFO ][main][c.z.h.HikariDataSource-110] HikariPool-1 - Starting... - 4763
[2023-09-11 10:13:03,188][INFO ][main][c.z.h.p.HikariPool-565] HikariPool-1 - Added connection com.mysql.cj.jdbc.ConnectionImpl@383176e1 - 4884
[2023-09-11 10:13:03,190][INFO ][main][c.z.h.HikariDataSource-123] HikariPool-1 - Start completed. - 4886
[2023-09-11 10:13:03,260][INFO ][main][o.h.e.j.d.i.DialectFactoryImpl-66] HHH000400: Using dialect: org.hibernate.dialect.MySQLDialect - 4956
[2023-09-11 10:13:03,273][DEBUG][main][o.h.t.d.s.s.DdlTypeRegistry-56] addDescriptor(12, org.hibernate.type.descriptor.sql.internal.CapacityDependentDdlType@1b1cd763) replaced previous registration(org.hibernate.type.descriptor.sql.internal.CapacityDependentDdlType@4872efad) - 4969
[2023-09-11 10:13:03,274][DEBUG][main][o.h.t.d.s.s.DdlTypeRegistry-56] addDescriptor(-9, org.hibernate.type.descriptor.sql.internal.CapacityDependentDdlType@35e04167) replaced previous registration(org.hibernate.type.descriptor.sql.internal.CapacityDependentDdlType@b3bbc58) - 4970
[2023-09-11 10:13:03,274][DEBUG][main][o.h.t.d.s.s.DdlTypeRegistry-56] addDescriptor(-3, org.hibernate.type.descriptor.sql.internal.CapacityDependentDdlType@76e1c593) replaced previous registration(org.hibernate.type.descriptor.sql.internal.CapacityDependentDdlType@29315365) - 4970
[2023-09-11 10:13:03,277][DEBUG][main][o.h.t.d.s.s.DdlTypeRegistry-56] addDescriptor(4003, org.hibernate.type.descriptor.sql.internal.DdlTypeImpl@1eedc45d) replaced previous registration(org.hibernate.type.descriptor.sql.internal.DdlTypeImpl@486262a4) - 4973
[2023-09-11 10:13:03,277][DEBUG][main][o.h.t.d.s.s.DdlTypeRegistry-56] addDescriptor(4001, org.hibernate.type.descriptor.sql.internal.DdlTypeImpl@3057fb66) replaced previous registration(org.hibernate.type.descriptor.sql.internal.DdlTypeImpl@135e3c72) - 4973
[2023-09-11 10:13:03,277][DEBUG][main][o.h.t.d.s.s.DdlTypeRegistry-56] addDescriptor(4002, org.hibernate.type.descriptor.sql.internal.DdlTypeImpl@63e1dd68) replaced previous registration(org.hibernate.type.descriptor.sql.internal.DdlTypeImpl@38cde4f2) - 4973
[2023-09-11 10:13:03,277][DEBUG][main][o.h.t.d.s.s.DdlTypeRegistry-56] addDescriptor(2004, org.hibernate.type.descriptor.sql.internal.CapacityDependentDdlType@374ea446) replaced previous registration(org.hibernate.type.descriptor.sql.internal.DdlTypeImpl@5511b371) - 4973
[2023-09-11 10:13:03,277][DEBUG][main][o.h.t.d.s.s.DdlTypeRegistry-56] addDescriptor(2005, org.hibernate.type.descriptor.sql.internal.CapacityDependentDdlType@38763e26) replaced previous registration(org.hibernate.type.descriptor.sql.internal.DdlTypeImpl@6fcbb7ae) - 4973
[2023-09-11 10:13:03,278][DEBUG][main][o.h.t.d.s.s.DdlTypeRegistry-56] addDescriptor(2011, org.hibernate.type.descriptor.sql.internal.CapacityDependentDdlType@2de55285) replaced previous registration(org.hibernate.type.descriptor.sql.internal.DdlTypeImpl@7537f673) - 4974
[2023-09-11 10:13:03,712][WARN ][main][o.h.m.RootClass-303] HHH000038: Composite-id class does not override equals(): com.mice.backoffice.c2v_mice_backoffice_api.entity.convention.LoungeEntity$LoungeId - 5408
[2023-09-11 10:13:03,712][WARN ][main][o.h.m.RootClass-306] HHH000039: Composite-id class does not override hashCode(): com.mice.backoffice.c2v_mice_backoffice_api.entity.convention.LoungeEntity$LoungeId - 5408
[2023-09-11 10:13:03,713][WARN ][main][o.h.m.RootClass-303] HHH000038: Composite-id class does not override equals(): com.mice.backoffice.c2v_mice_backoffice_api.entity.convention.session.SessionDisplayEntity$SessionDisplayId - 5409
[2023-09-11 10:13:03,715][WARN ][main][o.h.m.RootClass-306] HHH000039: Composite-id class does not override hashCode(): com.mice.backoffice.c2v_mice_backoffice_api.entity.convention.session.SessionDisplayEntity$SessionDisplayId - 5411
[2023-09-11 10:13:03,715][WARN ][main][o.h.m.RootClass-303] HHH000038: Composite-id class does not override equals(): com.mice.backoffice.c2v_mice_backoffice_api.entity.convention.SequencesEntity$SequencesPrimaryKey - 5411
[2023-09-11 10:13:03,715][WARN ][main][o.h.m.RootClass-306] HHH000039: Composite-id class does not override hashCode(): com.mice.backoffice.c2v_mice_backoffice_api.entity.convention.SequencesEntity$SequencesPrimaryKey - 5411
[2023-09-11 10:13:03,716][WARN ][main][o.h.m.RootClass-303] HHH000038: Composite-id class does not override equals(): com.mice.backoffice.c2v_mice_backoffice_api.entity.system.CodeEntity$CodeEntityPK - 5412
[2023-09-11 10:13:03,716][WARN ][main][o.h.m.RootClass-306] HHH000039: Composite-id class does not override hashCode(): com.mice.backoffice.c2v_mice_backoffice_api.entity.system.CodeEntity$CodeEntityPK - 5412
[2023-09-11 10:13:03,716][WARN ][main][o.h.m.RootClass-303] HHH000038: Composite-id class does not override equals(): com.mice.backoffice.c2v_mice_backoffice_api.entity.convention.session.SessionQuestionRecommendEntity$SessionQuestionRecommendId - 5412
[2023-09-11 10:13:03,716][WARN ][main][o.h.m.RootClass-306] HHH000039: Composite-id class does not override hashCode(): com.mice.backoffice.c2v_mice_backoffice_api.entity.convention.session.SessionQuestionRecommendEntity$SessionQuestionRecommendId - 5412
[2023-09-11 10:13:03,717][WARN ][main][o.h.m.RootClass-303] HHH000038: Composite-id class does not override equals(): com.mice.backoffice.c2v_mice_backoffice_api.entity.convention.LanguageEntity$LanguageId - 5413
[2023-09-11 10:13:03,717][WARN ][main][o.h.m.RootClass-306] HHH000039: Composite-id class does not override hashCode(): com.mice.backoffice.c2v_mice_backoffice_api.entity.convention.LanguageEntity$LanguageId - 5413
[2023-09-11 10:13:03,717][WARN ][main][o.h.m.RootClass-303] HHH000038: Composite-id class does not override equals(): com.mice.backoffice.c2v_mice_backoffice_api.entity.convention.event.EventHostEntity$EventHostId - 5413
[2023-09-11 10:13:03,717][WARN ][main][o.h.m.RootClass-306] HHH000039: Composite-id class does not override hashCode(): com.mice.backoffice.c2v_mice_backoffice_api.entity.convention.event.EventHostEntity$EventHostId - 5413
[2023-09-11 10:13:03,718][WARN ][main][o.h.m.RootClass-303] HHH000038: Composite-id class does not override equals(): com.mice.backoffice.c2v_mice_backoffice_api.entity.convention.session.TicketEntity$TicketId - 5414
[2023-09-11 10:13:03,718][WARN ][main][o.h.m.RootClass-306] HHH000039: Composite-id class does not override hashCode(): com.mice.backoffice.c2v_mice_backoffice_api.entity.convention.session.TicketEntity$TicketId - 5414
[2023-09-11 10:13:04,272][INFO ][main][o.h.e.t.j.p.i.JtaPlatformInitiator-51] HHH000490: Using JtaPlatform implementation: [org.hibernate.engine.transaction.jta.platform.internal.NoJtaPlatform] - 5968
[2023-09-11 10:13:04,278][INFO ][main][o.s.o.j.AbstractEntityManagerFactoryBean-437] Initialized JPA EntityManagerFactory for persistence unit 'master' - 5974
[2023-09-11 10:13:04,295][INFO ][main][o.h.j.i.u.LogHelper-31] HHH000204: Processing PersistenceUnitInfo [name: slave] - 5991
[2023-09-11 10:13:04,297][WARN ][main][o.h.b.i.MetadataBuilderImpl$MetadataBuildingOptionsImpl-626] HHH90000021: Encountered deprecated setting [javax.persistence.sharedCache.mode], use [jakarta.persistence.sharedCache.mode] instead - 5993
[2023-09-11 10:13:04,614][INFO ][main][c.z.h.HikariDataSource-110] HikariPool-2 - Starting... - 6310
[2023-09-11 10:13:04,651][INFO ][main][c.z.h.p.HikariPool-565] HikariPool-2 - Added connection com.mysql.cj.jdbc.ConnectionImpl@36e6ea6c - 6347
[2023-09-11 10:13:04,651][INFO ][main][c.z.h.HikariDataSource-123] HikariPool-2 - Start completed. - 6347
[2023-09-11 10:13:04,655][INFO ][main][o.h.e.j.d.i.DialectFactoryImpl-66] HHH000400: Using dialect: org.hibernate.dialect.MySQLDialect - 6351
[2023-09-11 10:13:04,655][DEBUG][main][o.h.t.d.s.s.DdlTypeRegistry-56] addDescriptor(12, org.hibernate.type.descriptor.sql.internal.CapacityDependentDdlType@59843821) replaced previous registration(org.hibernate.type.descriptor.sql.internal.CapacityDependentDdlType@6ad991b8) - 6351
[2023-09-11 10:13:04,656][DEBUG][main][o.h.t.d.s.s.DdlTypeRegistry-56] addDescriptor(-9, org.hibernate.type.descriptor.sql.internal.CapacityDependentDdlType@6beda305) replaced previous registration(org.hibernate.type.descriptor.sql.internal.CapacityDependentDdlType@71fee35c) - 6352
[2023-09-11 10:13:04,656][DEBUG][main][o.h.t.d.s.s.DdlTypeRegistry-56] addDescriptor(-3, org.hibernate.type.descriptor.sql.internal.CapacityDependentDdlType@9c38872) replaced previous registration(org.hibernate.type.descriptor.sql.internal.CapacityDependentDdlType@2f319ca3) - 6352
[2023-09-11 10:13:04,656][DEBUG][main][o.h.t.d.s.s.DdlTypeRegistry-56] addDescriptor(4003, org.hibernate.type.descriptor.sql.internal.DdlTypeImpl@2942e7cb) replaced previous registration(org.hibernate.type.descriptor.sql.internal.DdlTypeImpl@2fa015bc) - 6352
[2023-09-11 10:13:04,656][DEBUG][main][o.h.t.d.s.s.DdlTypeRegistry-56] addDescriptor(4001, org.hibernate.type.descriptor.sql.internal.DdlTypeImpl@3ab59822) replaced previous registration(org.hibernate.type.descriptor.sql.internal.DdlTypeImpl@19c2cf53) - 6352
[2023-09-11 10:13:04,656][DEBUG][main][o.h.t.d.s.s.DdlTypeRegistry-56] addDescriptor(4002, org.hibernate.type.descriptor.sql.internal.DdlTypeImpl@27001f1f) replaced previous registration(org.hibernate.type.descriptor.sql.internal.DdlTypeImpl@8a2e3b6) - 6352
[2023-09-11 10:13:04,656][DEBUG][main][o.h.t.d.s.s.DdlTypeRegistry-56] addDescriptor(2004, org.hibernate.type.descriptor.sql.internal.CapacityDependentDdlType@1e400e08) replaced previous registration(org.hibernate.type.descriptor.sql.internal.DdlTypeImpl@1177e2c4) - 6352
[2023-09-11 10:13:04,657][DEBUG][main][o.h.t.d.s.s.DdlTypeRegistry-56] addDescriptor(2005, org.hibernate.type.descriptor.sql.internal.CapacityDependentDdlType@36a8ef12) replaced previous registration(org.hibernate.type.descriptor.sql.internal.DdlTypeImpl@29881522) - 6353
[2023-09-11 10:13:04,657][DEBUG][main][o.h.t.d.s.s.DdlTypeRegistry-56] addDescriptor(2011, org.hibernate.type.descriptor.sql.internal.CapacityDependentDdlType@37a66e55) replaced previous registration(org.hibernate.type.descriptor.sql.internal.DdlTypeImpl@19e9cba7) - 6353
[2023-09-11 10:13:04,683][INFO ][main][o.h.e.t.j.p.i.JtaPlatformInitiator-51] HHH000490: Using JtaPlatform implementation: [org.hibernate.engine.transaction.jta.platform.internal.NoJtaPlatform] - 6379
[2023-09-11 10:13:04,683][INFO ][main][o.s.o.j.AbstractEntityManagerFactoryBean-437] Initialized JPA EntityManagerFactory for persistence unit 'slave' - 6379
[2023-09-11 10:13:04,716][WARN ][main][o.s.c.s.AbstractApplicationContext-592] Exception encountered during context initialization - cancelling refresh attempt: org.springframework.beans.factory.UnsatisfiedDependencyException: Error creating bean with name 'commonUtils' defined in file [D:\source\real_mice\c2v_platform_bo_mice_api\build\classes\java\main\com\mice\backoffice\c2v_mice_backoffice_api\common\CommonUtils.class]: Unsatisfied dependency expressed through constructor parameter 0: Error creating bean with name 'csvCodeInit' defined in class path resource [com/mice/backoffice/c2v_mice_backoffice_api/config/CodeConfig.class]: Failed to instantiate [java.util.Map]: Factory method 'csvCodeInit' threw exception with message: java.io.FileNotFoundException: class path resource [externals/c2v_table_data/Assets/External/Data/CSV/Emotion - Emotion.csv] cannot be opened because it does not exist - 6412
[2023-09-11 10:13:04,716][INFO ][main][o.s.o.j.AbstractEntityManagerFactoryBean-650] Closing JPA EntityManagerFactory for persistence unit 'slave' - 6412
[2023-09-11 10:13:04,718][INFO ][main][c.z.h.HikariDataSource-350] HikariPool-2 - Shutdown initiated... - 6414
[2023-09-11 10:13:04,721][INFO ][main][c.z.h.HikariDataSource-352] HikariPool-2 - Shutdown completed. - 6417
[2023-09-11 10:13:04,721][INFO ][main][o.s.o.j.AbstractEntityManagerFactoryBean-650] Closing JPA EntityManagerFactory for persistence unit 'master' - 6417
[2023-09-11 10:13:04,722][INFO ][main][c.z.h.HikariDataSource-350] HikariPool-1 - Shutdown initiated... - 6418
[2023-09-11 10:13:04,723][INFO ][main][c.z.h.HikariDataSource-352] HikariPool-1 - Shutdown completed. - 6419
[2023-09-11 10:13:04,725][INFO ][main][o.a.j.l.DirectJDKLog-173] Stopping service [Tomcat] - 6421
[2023-09-11 10:13:04,736][INFO ][main][o.s.b.a.l.ConditionEvaluationReportLogger-82] 

Error starting ApplicationContext. To display the condition evaluation report re-run your application with 'debug' enabled. - 6432
[2023-09-11 10:13:04,747][ERROR][main][o.s.b.SpringApplication-820] Application run failed - 6443
org.springframework.beans.factory.UnsatisfiedDependencyException: Error creating bean with name 'commonUtils' defined in file [D:\source\real_mice\c2v_platform_bo_mice_api\build\classes\java\main\com\mice\backoffice\c2v_mice_backoffice_api\common\CommonUtils.class]: Unsatisfied dependency expressed through constructor parameter 0: Error creating bean with name 'csvCodeInit' defined in class path resource [com/mice/backoffice/c2v_mice_backoffice_api/config/CodeConfig.class]: Failed to instantiate [java.util.Map]: Factory method 'csvCodeInit' threw exception with message: java.io.FileNotFoundException: class path resource [externals/c2v_table_data/Assets/External/Data/CSV/Emotion - Emotion.csv] cannot be opened because it does not exist
	at org.springframework.beans.factory.support.ConstructorResolver.createArgumentArray(ConstructorResolver.java:798)
	at org.springframework.beans.factory.support.ConstructorResolver.autowireConstructor(ConstructorResolver.java:245)
	at org.springframework.beans.factory.support.AbstractAutowireCapableBeanFactory.autowireConstructor(AbstractAutowireCapableBeanFactory.java:1344)
	at org.springframework.beans.factory.support.AbstractAutowireCapableBeanFactory.createBeanInstance(AbstractAutowireCapableBeanFactory.java:1188)
	at org.springframework.beans.factory.support.AbstractAutowireCapableBeanFactory.doCreateBean(AbstractAutowireCapableBeanFactory.java:561)
	at org.springframework.beans.factory.support.AbstractAutowireCapableBeanFactory.createBean(AbstractAutowireCapableBeanFactory.java:521)
	at org.springframework.beans.factory.support.AbstractBeanFactory.lambda$doGetBean$0(AbstractBeanFactory.java:326)
	at org.springframework.beans.factory.support.DefaultSingletonBeanRegistry.getSingleton(DefaultSingletonBeanRegistry.java:234)
	at org.springframework.beans.factory.support.AbstractBeanFactory.doGetBean(AbstractBeanFactory.java:324)
	at org.springframework.beans.factory.support.AbstractBeanFactory.getBean(AbstractBeanFactory.java:200)
	at org.springframework.beans.factory.support.DefaultListableBeanFactory.preInstantiateSingletons(DefaultListableBeanFactory.java:961)
	at org.springframework.context.support.AbstractApplicationContext.finishBeanFactoryInitialization(AbstractApplicationContext.java:915)
	at org.springframework.context.support.AbstractApplicationContext.refresh(AbstractApplicationContext.java:584)
	at org.springframework.boot.web.servlet.context.ServletWebServerApplicationContext.refresh(ServletWebServerApplicationContext.java:146)
	at org.springframework.boot.SpringApplication.refresh(SpringApplication.java:730)
	at org.springframework.boot.SpringApplication.refreshContext(SpringApplication.java:432)
	at org.springframework.boot.SpringApplication.run(SpringApplication.java:308)
	at org.springframework.boot.SpringApplication.run(SpringApplication.java:1302)
	at org.springframework.boot.SpringApplication.run(SpringApplication.java:1291)
	at com.mice.backoffice.c2v_mice_backoffice_api.C2vMiceBackofficeApiApplication.main(C2vMiceBackofficeApiApplication.java:32)
Caused by: org.springframework.beans.factory.BeanCreationException: Error creating bean with name 'csvCodeInit' defined in class path resource [com/mice/backoffice/c2v_mice_backoffice_api/config/CodeConfig.class]: Failed to instantiate [java.util.Map]: Factory method 'csvCodeInit' threw exception with message: java.io.FileNotFoundException: class path resource [externals/c2v_table_data/Assets/External/Data/CSV/Emotion - Emotion.csv] cannot be opened because it does not exist
	at org.springframework.beans.factory.support.ConstructorResolver.instantiate(ConstructorResolver.java:657)
	at org.springframework.beans.factory.support.ConstructorResolver.instantiateUsingFactoryMethod(ConstructorResolver.java:491)
	at org.springframework.beans.factory.support.AbstractAutowireCapableBeanFactory.instantiateUsingFactoryMethod(AbstractAutowireCapableBeanFactory.java:1324)
	at org.springframework.beans.factory.support.AbstractAutowireCapableBeanFactory.createBeanInstance(AbstractAutowireCapableBeanFactory.java:1161)
	at org.springframework.beans.factory.support.AbstractAutowireCapableBeanFactory.doCreateBean(AbstractAutowireCapableBeanFactory.java:561)
	at org.springframework.beans.factory.support.AbstractAutowireCapableBeanFactory.createBean(AbstractAutowireCapableBeanFactory.java:521)
	at org.springframework.beans.factory.support.AbstractBeanFactory.lambda$doGetBean$0(AbstractBeanFactory.java:326)
	at org.springframework.beans.factory.support.DefaultSingletonBeanRegistry.getSingleton(DefaultSingletonBeanRegistry.java:234)
	at org.springframework.beans.factory.support.AbstractBeanFactory.doGetBean(AbstractBeanFactory.java:324)
	at org.springframework.beans.factory.support.AbstractBeanFactory.getBean(AbstractBeanFactory.java:200)
	at org.springframework.beans.factory.config.DependencyDescriptor.resolveCandidate(DependencyDescriptor.java:254)
	at org.springframework.beans.factory.support.DefaultListableBeanFactory.doResolveDependency(DefaultListableBeanFactory.java:1405)
	at org.springframework.beans.factory.support.DefaultListableBeanFactory.resolveDependency(DefaultListableBeanFactory.java:1325)
	at org.springframework.beans.factory.support.ConstructorResolver.resolveAutowiredArgument(ConstructorResolver.java:885)
	at org.springframework.beans.factory.support.ConstructorResolver.createArgumentArray(ConstructorResolver.java:789)
	... 19 common frames omitted
Caused by: org.springframework.beans.BeanInstantiationException: Failed to instantiate [java.util.Map]: Factory method 'csvCodeInit' threw exception with message: java.io.FileNotFoundException: class path resource [externals/c2v_table_data/Assets/External/Data/CSV/Emotion - Emotion.csv] cannot be opened because it does not exist
	at org.springframework.beans.factory.support.SimpleInstantiationStrategy.instantiate(SimpleInstantiationStrategy.java:171)
	at org.springframework.beans.factory.support.ConstructorResolver.instantiate(ConstructorResolver.java:653)
	... 33 common frames omitted
Caused by: java.lang.RuntimeException: java.io.FileNotFoundException: class path resource [externals/c2v_table_data/Assets/External/Data/CSV/Emotion - Emotion.csv] cannot be opened because it does not exist
	at com.mice.backoffice.c2v_mice_backoffice_api.config.CodeConfig.CsvToMap(CodeConfig.java:81)
	at com.mice.backoffice.c2v_mice_backoffice_api.config.CodeConfig.csvCodeInit(CodeConfig.java:37)
	at com.mice.backoffice.c2v_mice_backoffice_api.config.CodeConfig$$SpringCGLIB$$0.CGLIB$csvCodeInit$1(<generated>)
	at com.mice.backoffice.c2v_mice_backoffice_api.config.CodeConfig$$SpringCGLIB$$2.invoke(<generated>)
	at org.springframework.cglib.proxy.MethodProxy.invokeSuper(MethodProxy.java:258)
	at org.springframework.context.annotation.ConfigurationClassEnhancer$BeanMethodInterceptor.intercept(ConfigurationClassEnhancer.java:331)
	at com.mice.backoffice.c2v_mice_backoffice_api.config.CodeConfig$$SpringCGLIB$$0.csvCodeInit(<generated>)
	at java.base/jdk.internal.reflect.NativeMethodAccessorImpl.invoke0(Native Method)
	at java.base/jdk.internal.reflect.NativeMethodAccessorImpl.invoke(NativeMethodAccessorImpl.java:77)
	at java.base/jdk.internal.reflect.DelegatingMethodAccessorImpl.invoke(DelegatingMethodAccessorImpl.java:43)
	at java.base/java.lang.reflect.Method.invoke(Method.java:568)
	at org.springframework.beans.factory.support.SimpleInstantiationStrategy.instantiate(SimpleInstantiationStrategy.java:139)
	... 34 common frames omitted
Caused by: java.io.FileNotFoundException: class path resource [externals/c2v_table_data/Assets/External/Data/CSV/Emotion - Emotion.csv] cannot be opened because it does not exist
	at org.springframework.core.io.ClassPathResource.getInputStream(ClassPathResource.java:211)
	at com.mice.backoffice.c2v_mice_backoffice_api.config.CodeConfig.CsvToMap(CodeConfig.java:53)
	... 45 common frames omitted
