[2023-09-01 16:47:41,633][ERROR][main][o.s.b.SpringApplication-820] Application run failed - 5745
org.springframework.beans.factory.UnsatisfiedDependencyException: Error creating bean with name 'commonUtils' defined in file [D:\source\real_mice\c2v_platform_bo_mice_api\build\classes\java\main\com\mice\backoffice\c2v_mice_backoffice_api\common\CommonUtils.class]: Unsatisfied dependency expressed through constructor parameter 0: Error creating bean with name 'csvCodeInit' defined in class path resource [com/mice/backoffice/c2v_mice_backoffice_api/config/CodeConfig.class]: Failed to instantiate [java.util.Map]: Factory method 'csvCodeInit' threw exception with message: java.io.FileNotFoundException: class path resource [externals/c2v_table_data/Assets/External/Data/CSV/Emotion - Emotion.csv] cannot be opened because it does not exist
	at org.springframework.beans.factory.support.ConstructorResolver.createArgumentArray(ConstructorResolver.java:798)
	at org.springframework.beans.factory.support.ConstructorResolver.autowireConstructor(ConstructorResolver.java:245)
	at org.springframework.beans.factory.support.AbstractAutowireCapableBeanFactory.autowireConstructor(AbstractAutowireCapableBeanFactory.java:1344)
	at org.springframework.beans.factory.support.AbstractAutowireCapableBeanFactory.createBeanInstance(AbstractAutowireCapableBeanFactory.java:1188)
	at org.springframework.beans.factory.support.AbstractAutowireCapableBeanFactory.doCreateBean(AbstractAutowireCapableBeanFactory.java:561)
	at org.springframework.beans.factory.support.AbstractAutowireCapableBeanFactory.createBean(AbstractAutowireCapableBeanFactory.java:521)
	at org.springframework.beans.factory.support.AbstractBeanFactory.lambda$doGetBean$0(AbstractBeanFactory.java:326)
	at org.springframework.beans.factory.support.DefaultSingletonBeanRegistry.getSingleton(DefaultSingletonBeanRegistry.java:234)
	at org.springframework.beans.factory.support.AbstractBeanFactory.doGetBean(AbstractBeanFactory.java:324)
	at org.springframework.beans.factory.support.AbstractBeanFactory.getBean(AbstractBeanFactory.java:200)
	at org.springframework.beans.factory.support.DefaultListableBeanFactory.preInstantiateSingletons(DefaultListableBeanFactory.java:961)
	at org.springframework.context.support.AbstractApplicationContext.finishBeanFactoryInitialization(AbstractApplicationContext.java:915)
	at org.springframework.context.support.AbstractApplicationContext.refresh(AbstractApplicationContext.java:584)
	at org.springframework.boot.web.servlet.context.ServletWebServerApplicationContext.refresh(ServletWebServerApplicationContext.java:146)
	at org.springframework.boot.SpringApplication.refresh(SpringApplication.java:730)
	at org.springframework.boot.SpringApplication.refreshContext(SpringApplication.java:432)
	at org.springframework.boot.SpringApplication.run(SpringApplication.java:308)
	at org.springframework.boot.SpringApplication.run(SpringApplication.java:1302)
	at org.springframework.boot.SpringApplication.run(SpringApplication.java:1291)
	at com.mice.backoffice.c2v_mice_backoffice_api.C2vMiceBackofficeApiApplication.main(C2vMiceBackofficeApiApplication.java:30)
Caused by: org.springframework.beans.factory.BeanCreationException: Error creating bean with name 'csvCodeInit' defined in class path resource [com/mice/backoffice/c2v_mice_backoffice_api/config/CodeConfig.class]: Failed to instantiate [java.util.Map]: Factory method 'csvCodeInit' threw exception with message: java.io.FileNotFoundException: class path resource [externals/c2v_table_data/Assets/External/Data/CSV/Emotion - Emotion.csv] cannot be opened because it does not exist
	at org.springframework.beans.factory.support.ConstructorResolver.instantiate(ConstructorResolver.java:657)
	at org.springframework.beans.factory.support.ConstructorResolver.instantiateUsingFactoryMethod(ConstructorResolver.java:491)
	at org.springframework.beans.factory.support.AbstractAutowireCapableBeanFactory.instantiateUsingFactoryMethod(AbstractAutowireCapableBeanFactory.java:1324)
	at org.springframework.beans.factory.support.AbstractAutowireCapableBeanFactory.createBeanInstance(AbstractAutowireCapableBeanFactory.java:1161)
	at org.springframework.beans.factory.support.AbstractAutowireCapableBeanFactory.doCreateBean(AbstractAutowireCapableBeanFactory.java:561)
	at org.springframework.beans.factory.support.AbstractAutowireCapableBeanFactory.createBean(AbstractAutowireCapableBeanFactory.java:521)
	at org.springframework.beans.factory.support.AbstractBeanFactory.lambda$doGetBean$0(AbstractBeanFactory.java:326)
	at org.springframework.beans.factory.support.DefaultSingletonBeanRegistry.getSingleton(DefaultSingletonBeanRegistry.java:234)
	at org.springframework.beans.factory.support.AbstractBeanFactory.doGetBean(AbstractBeanFactory.java:324)
	at org.springframework.beans.factory.support.AbstractBeanFactory.getBean(AbstractBeanFactory.java:200)
	at org.springframework.beans.factory.config.DependencyDescriptor.resolveCandidate(DependencyDescriptor.java:254)
	at org.springframework.beans.factory.support.DefaultListableBeanFactory.doResolveDependency(DefaultListableBeanFactory.java:1405)
	at org.springframework.beans.factory.support.DefaultListableBeanFactory.resolveDependency(DefaultListableBeanFactory.java:1325)
	at org.springframework.beans.factory.support.ConstructorResolver.resolveAutowiredArgument(ConstructorResolver.java:885)
	at org.springframework.beans.factory.support.ConstructorResolver.createArgumentArray(ConstructorResolver.java:789)
	... 19 common frames omitted
Caused by: org.springframework.beans.BeanInstantiationException: Failed to instantiate [java.util.Map]: Factory method 'csvCodeInit' threw exception with message: java.io.FileNotFoundException: class path resource [externals/c2v_table_data/Assets/External/Data/CSV/Emotion - Emotion.csv] cannot be opened because it does not exist
	at org.springframework.beans.factory.support.SimpleInstantiationStrategy.instantiate(SimpleInstantiationStrategy.java:171)
	at org.springframework.beans.factory.support.ConstructorResolver.instantiate(ConstructorResolver.java:653)
	... 33 common frames omitted
Caused by: java.lang.RuntimeException: java.io.FileNotFoundException: class path resource [externals/c2v_table_data/Assets/External/Data/CSV/Emotion - Emotion.csv] cannot be opened because it does not exist
	at com.mice.backoffice.c2v_mice_backoffice_api.config.CodeConfig.CsvToMap(CodeConfig.java:81)
	at com.mice.backoffice.c2v_mice_backoffice_api.config.CodeConfig.csvCodeInit(CodeConfig.java:37)
	at com.mice.backoffice.c2v_mice_backoffice_api.config.CodeConfig$$SpringCGLIB$$0.CGLIB$csvCodeInit$1(<generated>)
	at com.mice.backoffice.c2v_mice_backoffice_api.config.CodeConfig$$SpringCGLIB$$2.invoke(<generated>)
	at org.springframework.cglib.proxy.MethodProxy.invokeSuper(MethodProxy.java:258)
	at org.springframework.context.annotation.ConfigurationClassEnhancer$BeanMethodInterceptor.intercept(ConfigurationClassEnhancer.java:331)
	at com.mice.backoffice.c2v_mice_backoffice_api.config.CodeConfig$$SpringCGLIB$$0.csvCodeInit(<generated>)
	at java.base/jdk.internal.reflect.NativeMethodAccessorImpl.invoke0(Native Method)
	at java.base/jdk.internal.reflect.NativeMethodAccessorImpl.invoke(NativeMethodAccessorImpl.java:77)
	at java.base/jdk.internal.reflect.DelegatingMethodAccessorImpl.invoke(DelegatingMethodAccessorImpl.java:43)
	at java.base/java.lang.reflect.Method.invoke(Method.java:568)
	at org.springframework.beans.factory.support.SimpleInstantiationStrategy.instantiate(SimpleInstantiationStrategy.java:139)
	... 34 common frames omitted
Caused by: java.io.FileNotFoundException: class path resource [externals/c2v_table_data/Assets/External/Data/CSV/Emotion - Emotion.csv] cannot be opened because it does not exist
	at org.springframework.core.io.ClassPathResource.getInputStream(ClassPathResource.java:211)
	at com.mice.backoffice.c2v_mice_backoffice_api.config.CodeConfig.CsvToMap(CodeConfig.java:53)
	... 45 common frames omitted
[2023-09-01 16:47:59,064][ERROR][main][o.s.b.SpringApplication-820] Application run failed - 5490
org.springframework.beans.factory.UnsatisfiedDependencyException: Error creating bean with name 'commonUtils' defined in file [D:\source\real_mice\c2v_platform_bo_mice_api\build\classes\java\main\com\mice\backoffice\c2v_mice_backoffice_api\common\CommonUtils.class]: Unsatisfied dependency expressed through constructor parameter 0: Error creating bean with name 'csvCodeInit' defined in class path resource [com/mice/backoffice/c2v_mice_backoffice_api/config/CodeConfig.class]: Failed to instantiate [java.util.Map]: Factory method 'csvCodeInit' threw exception with message: java.io.FileNotFoundException: class path resource [externals/c2v_table_data/Assets/External/Data/CSV/Emotion - Emotion.csv] cannot be opened because it does not exist
	at org.springframework.beans.factory.support.ConstructorResolver.createArgumentArray(ConstructorResolver.java:798)
	at org.springframework.beans.factory.support.ConstructorResolver.autowireConstructor(ConstructorResolver.java:245)
	at org.springframework.beans.factory.support.AbstractAutowireCapableBeanFactory.autowireConstructor(AbstractAutowireCapableBeanFactory.java:1344)
	at org.springframework.beans.factory.support.AbstractAutowireCapableBeanFactory.createBeanInstance(AbstractAutowireCapableBeanFactory.java:1188)
	at org.springframework.beans.factory.support.AbstractAutowireCapableBeanFactory.doCreateBean(AbstractAutowireCapableBeanFactory.java:561)
	at org.springframework.beans.factory.support.AbstractAutowireCapableBeanFactory.createBean(AbstractAutowireCapableBeanFactory.java:521)
	at org.springframework.beans.factory.support.AbstractBeanFactory.lambda$doGetBean$0(AbstractBeanFactory.java:326)
	at org.springframework.beans.factory.support.DefaultSingletonBeanRegistry.getSingleton(DefaultSingletonBeanRegistry.java:234)
	at org.springframework.beans.factory.support.AbstractBeanFactory.doGetBean(AbstractBeanFactory.java:324)
	at org.springframework.beans.factory.support.AbstractBeanFactory.getBean(AbstractBeanFactory.java:200)
	at org.springframework.beans.factory.support.DefaultListableBeanFactory.preInstantiateSingletons(DefaultListableBeanFactory.java:961)
	at org.springframework.context.support.AbstractApplicationContext.finishBeanFactoryInitialization(AbstractApplicationContext.java:915)
	at org.springframework.context.support.AbstractApplicationContext.refresh(AbstractApplicationContext.java:584)
	at org.springframework.boot.web.servlet.context.ServletWebServerApplicationContext.refresh(ServletWebServerApplicationContext.java:146)
	at org.springframework.boot.SpringApplication.refresh(SpringApplication.java:730)
	at org.springframework.boot.SpringApplication.refreshContext(SpringApplication.java:432)
	at org.springframework.boot.SpringApplication.run(SpringApplication.java:308)
	at org.springframework.boot.SpringApplication.run(SpringApplication.java:1302)
	at org.springframework.boot.SpringApplication.run(SpringApplication.java:1291)
	at com.mice.backoffice.c2v_mice_backoffice_api.C2vMiceBackofficeApiApplication.main(C2vMiceBackofficeApiApplication.java:30)
Caused by: org.springframework.beans.factory.BeanCreationException: Error creating bean with name 'csvCodeInit' defined in class path resource [com/mice/backoffice/c2v_mice_backoffice_api/config/CodeConfig.class]: Failed to instantiate [java.util.Map]: Factory method 'csvCodeInit' threw exception with message: java.io.FileNotFoundException: class path resource [externals/c2v_table_data/Assets/External/Data/CSV/Emotion - Emotion.csv] cannot be opened because it does not exist
	at org.springframework.beans.factory.support.ConstructorResolver.instantiate(ConstructorResolver.java:657)
	at org.springframework.beans.factory.support.ConstructorResolver.instantiateUsingFactoryMethod(ConstructorResolver.java:491)
	at org.springframework.beans.factory.support.AbstractAutowireCapableBeanFactory.instantiateUsingFactoryMethod(AbstractAutowireCapableBeanFactory.java:1324)
	at org.springframework.beans.factory.support.AbstractAutowireCapableBeanFactory.createBeanInstance(AbstractAutowireCapableBeanFactory.java:1161)
	at org.springframework.beans.factory.support.AbstractAutowireCapableBeanFactory.doCreateBean(AbstractAutowireCapableBeanFactory.java:561)
	at org.springframework.beans.factory.support.AbstractAutowireCapableBeanFactory.createBean(AbstractAutowireCapableBeanFactory.java:521)
	at org.springframework.beans.factory.support.AbstractBeanFactory.lambda$doGetBean$0(AbstractBeanFactory.java:326)
	at org.springframework.beans.factory.support.DefaultSingletonBeanRegistry.getSingleton(DefaultSingletonBeanRegistry.java:234)
	at org.springframework.beans.factory.support.AbstractBeanFactory.doGetBean(AbstractBeanFactory.java:324)
	at org.springframework.beans.factory.support.AbstractBeanFactory.getBean(AbstractBeanFactory.java:200)
	at org.springframework.beans.factory.config.DependencyDescriptor.resolveCandidate(DependencyDescriptor.java:254)
	at org.springframework.beans.factory.support.DefaultListableBeanFactory.doResolveDependency(DefaultListableBeanFactory.java:1405)
	at org.springframework.beans.factory.support.DefaultListableBeanFactory.resolveDependency(DefaultListableBeanFactory.java:1325)
	at org.springframework.beans.factory.support.ConstructorResolver.resolveAutowiredArgument(ConstructorResolver.java:885)
	at org.springframework.beans.factory.support.ConstructorResolver.createArgumentArray(ConstructorResolver.java:789)
	... 19 common frames omitted
Caused by: org.springframework.beans.BeanInstantiationException: Failed to instantiate [java.util.Map]: Factory method 'csvCodeInit' threw exception with message: java.io.FileNotFoundException: class path resource [externals/c2v_table_data/Assets/External/Data/CSV/Emotion - Emotion.csv] cannot be opened because it does not exist
	at org.springframework.beans.factory.support.SimpleInstantiationStrategy.instantiate(SimpleInstantiationStrategy.java:171)
	at org.springframework.beans.factory.support.ConstructorResolver.instantiate(ConstructorResolver.java:653)
	... 33 common frames omitted
Caused by: java.lang.RuntimeException: java.io.FileNotFoundException: class path resource [externals/c2v_table_data/Assets/External/Data/CSV/Emotion - Emotion.csv] cannot be opened because it does not exist
	at com.mice.backoffice.c2v_mice_backoffice_api.config.CodeConfig.CsvToMap(CodeConfig.java:81)
	at com.mice.backoffice.c2v_mice_backoffice_api.config.CodeConfig.csvCodeInit(CodeConfig.java:37)
	at com.mice.backoffice.c2v_mice_backoffice_api.config.CodeConfig$$SpringCGLIB$$0.CGLIB$csvCodeInit$1(<generated>)
	at com.mice.backoffice.c2v_mice_backoffice_api.config.CodeConfig$$SpringCGLIB$$2.invoke(<generated>)
	at org.springframework.cglib.proxy.MethodProxy.invokeSuper(MethodProxy.java:258)
	at org.springframework.context.annotation.ConfigurationClassEnhancer$BeanMethodInterceptor.intercept(ConfigurationClassEnhancer.java:331)
	at com.mice.backoffice.c2v_mice_backoffice_api.config.CodeConfig$$SpringCGLIB$$0.csvCodeInit(<generated>)
	at java.base/jdk.internal.reflect.NativeMethodAccessorImpl.invoke0(Native Method)
	at java.base/jdk.internal.reflect.NativeMethodAccessorImpl.invoke(NativeMethodAccessorImpl.java:77)
	at java.base/jdk.internal.reflect.DelegatingMethodAccessorImpl.invoke(DelegatingMethodAccessorImpl.java:43)
	at java.base/java.lang.reflect.Method.invoke(Method.java:568)
	at org.springframework.beans.factory.support.SimpleInstantiationStrategy.instantiate(SimpleInstantiationStrategy.java:139)
	... 34 common frames omitted
Caused by: java.io.FileNotFoundException: class path resource [externals/c2v_table_data/Assets/External/Data/CSV/Emotion - Emotion.csv] cannot be opened because it does not exist
	at org.springframework.core.io.ClassPathResource.getInputStream(ClassPathResource.java:211)
	at com.mice.backoffice.c2v_mice_backoffice_api.config.CodeConfig.CsvToMap(CodeConfig.java:53)
	... 45 common frames omitted
